#
# There is insufficient memory for the Java Runtime Environment to continue.
# Native memory allocation (mmap) failed to map 65536 bytes for Failed to commit metaspace.
# Possible reasons:
#   The system is out of physical RAM or swap space
#   The process is running with CompressedOops enabled, and the Java Heap may be blocking the growth of the native heap
# Possible solutions:
#   Reduce memory load on the system
#   Increase physical memory or swap space
#   Check if swap backing store is full
#   Decrease Java heap size (-Xmx/-Xms)
#   Decrease number of Java threads
#   Decrease Java thread stack sizes (-Xss)
#   Set larger code cache with -XX:ReservedCodeCacheSize=
#   JVM is running with Unscaled Compressed Oops mode in which the Java heap is
#     placed in the first 4GB address space. The Java Heap base address is the
#     maximum limit for the native heap growth. Please use -XX:HeapBaseMinAddress
#     to set the Java Heap base and to place the Java Heap above 4GB virtual address.
# This output file may be truncated or incomplete.
#
#  Out of Memory Error (virtualSpaceNode.cpp:110), pid=13504, tid=18544
#
# JRE version: Java(TM) SE Runtime Environment (17.0.7+8) (build 17.0.7+8-LTS-224)
# Java VM: Java HotSpot(TM) 64-Bit Server VM (17.0.7+8-LTS-224, mixed mode, sharing, tiered, compressed oops, compressed class ptrs, g1 gc, windows-amd64)
# No core dump will be written. Minidumps are not enabled by default on client versions of Windows
#

---------------  S U M M A R Y ------------

Command Line: -XX:MaxMetaspaceSize=512m --add-opens=java.base/java.util=ALL-UNNAMED --add-opens=java.base/java.lang=ALL-UNNAMED --add-opens=java.base/java.lang.invoke=ALL-UNNAMED --add-opens=java.prefs/java.util.prefs=ALL-UNNAMED --add-opens=java.base/java.nio.charset=ALL-UNNAMED --add-opens=java.base/java.net=ALL-UNNAMED --add-opens=java.base/java.util.concurrent.atomic=ALL-UNNAMED -Xmx2048m -Dfile.encoding=windows-1252 -Duser.country=IN -Duser.language=en -Duser.variant org.gradle.launcher.daemon.bootstrap.GradleDaemon 8.0.1

Host: AMD Ryzen 5 3550H with Radeon Vega Mobile Gfx  , 8 cores, 5G,  Windows 10 , 64 bit Build 19041 (10.0.19041.3155)
Time: Sun Jul 23 01:11:54 2023 India Standard Time elapsed time: 16.177845 seconds (0d 0h 0m 16s)

---------------  T H R E A D  ---------------

Current thread (0x000001917f6923a0):  JavaThread "Daemon worker" [_thread_in_vm, id=18544, stack(0x0000006f79e00000,0x0000006f79f00000)]

Stack: [0x0000006f79e00000,0x0000006f79f00000]
Native frames: (J=compiled Java code, j=interpreted, Vv=VM code, C=native code)
V  [jvm.dll+0x676a4a]
V  [jvm.dll+0x7d74f4]
V  [jvm.dll+0x7d8c9e]
V  [jvm.dll+0x7d9303]
V  [jvm.dll+0x2452c5]
V  [jvm.dll+0x7d35fb]
V  [jvm.dll+0x61ca36]
V  [jvm.dll+0x1bfbf7]
V  [jvm.dll+0x61f390]
V  [jvm.dll+0x61d3f6]
V  [jvm.dll+0x23aea7]
V  [jvm.dll+0x1e54f1]
V  [jvm.dll+0x1ea150]
V  [jvm.dll+0x1dfdc1]
V  [jvm.dll+0x53cf0c]
V  [jvm.dll+0x7522dd]
V  [jvm.dll+0x75223a]
V  [jvm.dll+0x40b7e3]
V  [jvm.dll+0x41ef1c]
C  [java.dll+0x1657]

Java frames: (J=compiled Java code, j=interpreted, Vv=VM code)
J 2641  java.lang.ClassLoader.defineClass0(Ljava/lang/ClassLoader;Ljava/lang/Class;Ljava/lang/String;[BIILjava/security/ProtectionDomain;ZILjava/lang/Object;)Ljava/lang/Class; java.base@17.0.7 (0 bytes) @ 0x000001916ed70491 [0x000001916ed703a0+0x00000000000000f1]
J 2640 c1 java.lang.System$2.defineClass(Ljava/lang/ClassLoader;Ljava/lang/Class;Ljava/lang/String;[BLjava/security/ProtectionDomain;ZILjava/lang/Object;)Ljava/lang/Class; java.base@17.0.7 (21 bytes) @ 0x00000191676aa9ec [0x00000191676aa940+0x00000000000000ac]
J 2328 c1 java.lang.invoke.MethodHandles$Lookup$ClassDefiner.defineClass(ZLjava/lang/Object;)Ljava/lang/Class; java.base@17.0.7 (97 bytes) @ 0x00000191675ec9c4 [0x00000191675ebea0+0x0000000000000b24]
J 4260 c1 java.lang.invoke.MethodHandles$Lookup$ClassDefiner.defineClassAsLookup(Z)Ljava/lang/invoke/MethodHandles$Lookup; java.base@17.0.7 (19 bytes) @ 0x00000191679c51bc [0x00000191679c5140+0x000000000000007c]
J 3505 c1 java.lang.invoke.MethodHandles$Lookup.defineHiddenClass([BZ[Ljava/lang/invoke/MethodHandles$Lookup$ClassOption;)Ljava/lang/invoke/MethodHandles$Lookup; java.base@17.0.7 (69 bytes) @ 0x000001916782435c [0x0000019167823a80+0x00000000000008dc]
J 2632 c1 java.lang.invoke.InnerClassLambdaMetafactory.generateInnerClass()Ljava/lang/Class; java.base@17.0.7 (618 bytes) @ 0x00000191676a5d5c [0x00000191676a3d20+0x000000000000203c]
J 4090 c1 java.lang.invoke.InnerClassLambdaMetafactory.spinInnerClass()Ljava/lang/Class; java.base@17.0.7 (118 bytes) @ 0x000001916796c2a4 [0x000001916796c0e0+0x00000000000001c4]
J 3107 c1 java.lang.invoke.InnerClassLambdaMetafactory.buildCallSite()Ljava/lang/invoke/CallSite; java.base@17.0.7 (201 bytes) @ 0x0000019167779624 [0x00000191677795c0+0x0000000000000064]
J 2511 c1 java.lang.invoke.LambdaMetafactory.metafactory(Ljava/lang/invoke/MethodHandles$Lookup;Ljava/lang/String;Ljava/lang/invoke/MethodType;Ljava/lang/invoke/MethodType;Ljava/lang/invoke/MethodHandle;Ljava/lang/invoke/MethodType;)Ljava/lang/invoke/CallSite; java.base@17.0.7 (71 bytes) @ 0x000001916765addc [0x000001916765a920+0x00000000000004bc]
J 3085 c1 java.lang.invoke.LambdaForm$DMH+0x0000000800da9400.invokeStatic(Ljava/lang/Object;Ljava/lang/Object;Ljava/lang/Object;Ljava/lang/Object;Ljava/lang/Object;Ljava/lang/Object;Ljava/lang/Object;)Ljava/lang/Object; java.base@17.0.7 (31 bytes) @ 0x000001916776d324 [0x000001916776d2c0+0x0000000000000064]
J 3047 c1 java.lang.invoke.BootstrapMethodInvoker.invoke(Ljava/lang/Class;Ljava/lang/invoke/MethodHandle;Ljava/lang/String;Ljava/lang/Object;Ljava/lang/Object;Ljava/lang/Class;)Ljava/lang/Object; java.base@17.0.7 (974 bytes) @ 0x0000019167758414 [0x0000019167757200+0x0000000000001214]
J 4011 c1 java.lang.invoke.CallSite.makeSite(Ljava/lang/invoke/MethodHandle;Ljava/lang/String;Ljava/lang/invoke/MethodType;Ljava/lang/Object;Ljava/lang/Class;)Ljava/lang/invoke/CallSite; java.base@17.0.7 (91 bytes) @ 0x0000019167940544 [0x00000191679404c0+0x0000000000000084]
J 2490 c1 java.lang.invoke.MethodHandleNatives.linkCallSiteImpl(Ljava/lang/Class;Ljava/lang/invoke/MethodHandle;Ljava/lang/String;Ljava/lang/invoke/MethodType;Ljava/lang/Object;[Ljava/lang/Object;)Ljava/lang/invoke/MemberName; java.base@17.0.7 (44 bytes) @ 0x0000019167643bac [0x0000019167643b40+0x000000000000006c]
J 2489 c1 java.lang.invoke.MethodHandleNatives.linkCallSite(Ljava/lang/Object;ILjava/lang/Object;Ljava/lang/Object;Ljava/lang/Object;Ljava/lang/Object;[Ljava/lang/Object;)Ljava/lang/invoke/MemberName; java.base@17.0.7 (66 bytes) @ 0x0000019167643624 [0x00000191676431e0+0x0000000000000444]
v  ~StubRoutines::call_stub
j  org.gradle.execution.plan.DefaultPlanExecutor$MergedQueues.close()V+5
j  org.gradle.internal.concurrent.CompositeStoppable$2.stop()V+4
j  org.gradle.internal.concurrent.CompositeStoppable.stop()V+32
j  org.gradle.execution.plan.DefaultPlanExecutor.stop()V+21
j  org.gradle.internal.concurrent.CompositeStoppable.stop()V+32
J 4988 c1 org.gradle.internal.service.DefaultServiceRegistry$ManagedObjectServiceProvider.stop()V (59 bytes) @ 0x0000019167b0c68c [0x0000019167b0c100+0x000000000000058c]
j  org.gradle.internal.concurrent.CompositeStoppable.stop()V+32
J 4988 c1 org.gradle.internal.service.DefaultServiceRegistry$ManagedObjectServiceProvider.stop()V (59 bytes) @ 0x0000019167b0c68c [0x0000019167b0c100+0x000000000000058c]
j  org.gradle.internal.concurrent.CompositeStoppable.stop()V+32
j  org.gradle.internal.service.DefaultServiceRegistry$OwnServices.stop()V+4
j  org.gradle.internal.concurrent.CompositeStoppable.stop()V+32
j  org.gradle.internal.service.DefaultServiceRegistry$CompositeServiceProvider.stop()V+10
j  org.gradle.internal.concurrent.CompositeStoppable.stop()V+32
j  org.gradle.internal.service.DefaultServiceRegistry.close()V+34
j  org.gradle.internal.concurrent.CompositeStoppable$2.stop()V+4
j  org.gradle.internal.concurrent.CompositeStoppable.stop()V+32
j  org.gradle.internal.buildtree.BuildTreeState.close()V+14
j  org.gradle.launcher.exec.BuildTreeLifecycleBuildActionExecutor.execute(Lorg/gradle/internal/invocation/BuildAction;Lorg/gradle/internal/session/BuildSessionContext;)Lorg/gradle/internal/buildtree/BuildActionRunner$Result;+190
j  org.gradle.launcher.exec.RunAsBuildOperationBuildActionExecutor$3.call(Lorg/gradle/internal/operations/BuildOperationContext;)Lorg/gradle/internal/buildtree/BuildActionRunner$Result;+25
j  org.gradle.launcher.exec.RunAsBuildOperationBuildActionExecutor$3.call(Lorg/gradle/internal/operations/BuildOperationContext;)Ljava/lang/Object;+2
j  org.gradle.internal.operations.DefaultBuildOperationRunner$CallableBuildOperationWorker.execute(Lorg/gradle/internal/operations/CallableBuildOperation;Lorg/gradle/internal/operations/BuildOperationContext;)V+3
j  org.gradle.internal.operations.DefaultBuildOperationRunner$CallableBuildOperationWorker.execute(Lorg/gradle/internal/operations/BuildOperation;Lorg/gradle/internal/operations/BuildOperationContext;)V+6
j  org.gradle.internal.operations.DefaultBuildOperationRunner$2.execute(Lorg/gradle/internal/operations/BuildOperationDescriptor;Lorg/gradle/internal/operations/BuildOperationState;Lorg/gradle/internal/operations/BuildOperationState;Lorg/gradle/internal/operations/DefaultBuildOperationRunner$ReadableBuildOperationContext;Lorg/gradle/internal/operations/DefaultBuildOperationRunner$BuildOperationExecutionListener;)Lorg/gradle/internal/operations/BuildOperation;+22
j  org.gradle.internal.operations.DefaultBuildOperationRunner$2.execute(Lorg/gradle/internal/operations/BuildOperationDescriptor;Lorg/gradle/internal/operations/BuildOperationState;Lorg/gradle/internal/operations/BuildOperationState;Lorg/gradle/internal/operations/DefaultBuildOperationRunner$ReadableBuildOperationContext;Lorg/gradle/internal/operations/DefaultBuildOperationRunner$BuildOperationExecutionListener;)Ljava/lang/Object;+8
j  org.gradle.internal.operations.DefaultBuildOperationRunner.execute(Lorg/gradle/internal/operations/BuildOperationDescriptor$Builder;Lorg/gradle/internal/operations/BuildOperationState;Lorg/gradle/internal/operations/DefaultBuildOperationRunner$BuildOperationExecution;)Ljava/lang/Object;+141
j  org.gradle.internal.operations.DefaultBuildOperationRunner.execute(Lorg/gradle/internal/operations/BuildOperation;Lorg/gradle/internal/operations/BuildOperationWorker;Lorg/gradle/internal/operations/BuildOperationState;)V+18
j  org.gradle.internal.operations.DefaultBuildOperationRunner.call(Lorg/gradle/internal/operations/CallableBuildOperation;)Ljava/lang/Object;+16
j  org.gradle.internal.operations.DefaultBuildOperationExecutor.call(Lorg/gradle/internal/operations/CallableBuildOperation;)Ljava/lang/Object;+5
j  org.gradle.launcher.exec.RunAsBuildOperationBuildActionExecutor.execute(Lorg/gradle/internal/invocation/BuildAction;Lorg/gradle/internal/session/BuildSessionContext;)Lorg/gradle/internal/buildtree/BuildActionRunner$Result;+23
j  org.gradle.launcher.exec.RunAsWorkerThreadBuildActionExecutor.lambda$execute$0(Lorg/gradle/internal/invocation/BuildAction;Lorg/gradle/internal/session/BuildSessionContext;)Lorg/gradle/internal/buildtree/BuildActionRunner$Result;+6
j  org.gradle.launcher.exec.RunAsWorkerThreadBuildActionExecutor$$Lambda$156+0x0000000800dfb920.create()Ljava/lang/Object;+12
j  org.gradle.internal.work.DefaultWorkerLeaseService.withLocks(Ljava/util/Collection;Lorg/gradle/internal/Factory;)Ljava/lang/Object;+28
j  org.gradle.internal.work.DefaultWorkerLeaseService.runAsWorkerThread(Lorg/gradle/internal/Factory;)Ljava/lang/Object;+33
j  org.gradle.launcher.exec.RunAsWorkerThreadBuildActionExecutor.execute(Lorg/gradle/internal/invocation/BuildAction;Lorg/gradle/internal/session/BuildSessionContext;)Lorg/gradle/internal/buildtree/BuildActionRunner$Result;+12
j  org.gradle.tooling.internal.provider.continuous.ContinuousBuildActionExecutor.execute(Lorg/gradle/internal/invocation/BuildAction;Lorg/gradle/internal/session/BuildSessionContext;)Lorg/gradle/internal/buildtree/BuildActionRunner$Result;+58
j  org.gradle.tooling.internal.provider.SubscribableBuildActionExecutor.execute(Lorg/gradle/internal/invocation/BuildAction;Lorg/gradle/internal/session/BuildSessionContext;)Lorg/gradle/internal/buildtree/BuildActionRunner$Result;+30
j  org.gradle.internal.session.DefaultBuildSessionContext.execute(Lorg/gradle/internal/invocation/BuildAction;)Lorg/gradle/internal/buildtree/BuildActionRunner$Result;+64
j  org.gradle.tooling.internal.provider.BuildSessionLifecycleBuildActionExecuter$ActionImpl.apply(Lorg/gradle/internal/session/BuildSessionContext;)Lorg/gradle/launcher/exec/BuildActionResult;+6
j  org.gradle.tooling.internal.provider.BuildSessionLifecycleBuildActionExecuter$ActionImpl.apply(Ljava/lang/Object;)Ljava/lang/Object;+5
j  org.gradle.internal.session.BuildSessionState.run(Ljava/util/function/Function;)Ljava/lang/Object;+5
j  org.gradle.tooling.internal.provider.BuildSessionLifecycleBuildActionExecuter.execute(Lorg/gradle/internal/invocation/BuildAction;Lorg/gradle/launcher/exec/BuildActionParameters;Lorg/gradle/initialization/BuildRequestContext;)Lorg/gradle/launcher/exec/BuildActionResult;+95
j  org.gradle.tooling.internal.provider.BuildSessionLifecycleBuildActionExecuter.execute(Lorg/gradle/internal/invocation/BuildAction;Ljava/lang/Object;Ljava/lang/Object;)Lorg/gradle/launcher/exec/BuildActionResult;+10
j  org.gradle.tooling.internal.provider.StartParamsValidatingActionExecuter.execute(Lorg/gradle/internal/invocation/BuildAction;Lorg/gradle/launcher/exec/BuildActionParameters;Lorg/gradle/initialization/BuildRequestContext;)Lorg/gradle/launcher/exec/BuildActionResult;+177
j  org.gradle.tooling.internal.provider.StartParamsValidatingActionExecuter.execute(Lorg/gradle/internal/invocation/BuildAction;Ljava/lang/Object;Ljava/lang/Object;)Lorg/gradle/launcher/exec/BuildActionResult;+10
j  org.gradle.tooling.internal.provider.SessionFailureReportingActionExecuter.execute(Lorg/gradle/internal/invocation/BuildAction;Lorg/gradle/launcher/exec/BuildActionParameters;Lorg/gradle/initialization/BuildRequestContext;)Lorg/gradle/launcher/exec/BuildActionResult;+7
j  org.gradle.tooling.internal.provider.SessionFailureReportingActionExecuter.execute(Lorg/gradle/internal/invocation/BuildAction;Ljava/lang/Object;Ljava/lang/Object;)Lorg/gradle/launcher/exec/BuildActionResult;+10
j  org.gradle.tooling.internal.provider.SetupLoggingActionExecuter.execute(Lorg/gradle/internal/invocation/BuildAction;Lorg/gradle/launcher/exec/BuildActionParameters;Lorg/gradle/initialization/BuildRequestContext;)Lorg/gradle/launcher/exec/BuildActionResult;+50
j  org.gradle.tooling.internal.provider.SetupLoggingActionExecuter.execute(Lorg/gradle/internal/invocation/BuildAction;Ljava/lang/Object;Ljava/lang/Object;)Lorg/gradle/launcher/exec/BuildActionResult;+10
j  org.gradle.launcher.daemon.server.exec.ExecuteBuild.doBuild(Lorg/gradle/launcher/daemon/server/api/DaemonCommandExecution;Lorg/gradle/launcher/daemon/protocol/Build;)V+117
j  org.gradle.launcher.daemon.server.exec.BuildCommandOnly.execute(Lorg/gradle/launcher/daemon/server/api/DaemonCommandExecution;)V+49
j  org.gradle.launcher.daemon.server.api.DaemonCommandExecution.proceed()Z+23
j  org.gradle.launcher.daemon.server.exec.WatchForDisconnection.execute(Lorg/gradle/launcher/daemon/server/api/DaemonCommandExecution;)V+19
j  org.gradle.launcher.daemon.server.api.DaemonCommandExecution.proceed()Z+23
j  org.gradle.launcher.daemon.server.exec.ResetDeprecationLogger.execute(Lorg/gradle/launcher/daemon/server/api/DaemonCommandExecution;)V+7
j  org.gradle.launcher.daemon.server.api.DaemonCommandExecution.proceed()Z+23
j  org.gradle.launcher.daemon.server.exec.RequestStopIfSingleUsedDaemon.execute(Lorg/gradle/launcher/daemon/server/api/DaemonCommandExecution;)V+33
j  org.gradle.launcher.daemon.server.api.DaemonCommandExecution.proceed()Z+23
j  org.gradle.launcher.daemon.server.exec.ForwardClientInput$2.create()Ljava/lang/Void;+4
j  org.gradle.launcher.daemon.server.exec.ForwardClientInput$2.create()Ljava/lang/Object;+1
j  org.gradle.util.internal.Swapper.swap(Ljava/lang/Object;Lorg/gradle/internal/Factory;)Ljava/lang/Object;+21
j  org.gradle.launcher.daemon.server.exec.ForwardClientInput.execute(Lorg/gradle/launcher/daemon/server/api/DaemonCommandExecution;)V+63
j  org.gradle.launcher.daemon.server.api.DaemonCommandExecution.proceed()Z+23
j  org.gradle.launcher.daemon.server.exec.LogAndCheckHealth.execute(Lorg/gradle/launcher/daemon/server/api/DaemonCommandExecution;)V+51
j  org.gradle.launcher.daemon.server.api.DaemonCommandExecution.proceed()Z+23
j  org.gradle.launcher.daemon.server.exec.LogToClient.doBuild(Lorg/gradle/launcher/daemon/server/api/DaemonCommandExecution;Lorg/gradle/launcher/daemon/protocol/Build;)V+87
j  org.gradle.launcher.daemon.server.exec.BuildCommandOnly.execute(Lorg/gradle/launcher/daemon/server/api/DaemonCommandExecution;)V+49
j  org.gradle.launcher.daemon.server.api.DaemonCommandExecution.proceed()Z+23
j  org.gradle.launcher.daemon.server.exec.EstablishBuildEnvironment.doBuild(Lorg/gradle/launcher/daemon/server/api/DaemonCommandExecution;Lorg/gradle/launcher/daemon/protocol/Build;)V+356
j  org.gradle.launcher.daemon.server.exec.BuildCommandOnly.execute(Lorg/gradle/launcher/daemon/server/api/DaemonCommandExecution;)V+49
j  org.gradle.launcher.daemon.server.api.DaemonCommandExecution.proceed()Z+23
j  org.gradle.launcher.daemon.server.exec.StartBuildOrRespondWithBusy$1.run()V+44
j  org.gradle.launcher.daemon.server.DaemonStateCoordinator$1.run()V+4
j  org.gradle.internal.concurrent.ExecutorPolicy$CatchAndRecordFailures.onExecute(Ljava/lang/Runnable;)V+1
j  org.gradle.internal.concurrent.ManagedExecutorImpl$1.run()V+25
j  java.util.concurrent.ThreadPoolExecutor.runWorker(Ljava/util/concurrent/ThreadPoolExecutor$Worker;)V+92 java.base@17.0.7
j  java.util.concurrent.ThreadPoolExecutor$Worker.run()V+5 java.base@17.0.7
j  java.lang.Thread.run()V+11 java.base@17.0.7
v  ~StubRoutines::call_stub

---------------  P R O C E S S  ---------------

Threads class SMR info:
_java_thread_list=0x0000019103053900, length=65, elements={
0x000001915e0e6bb0, 0x000001917e226f40, 0x000001917e227cc0, 0x000001917e239e10,
0x000001917e23b8e0, 0x000001917e23c3a0, 0x000001917e23fc80, 0x000001917e240d30,
0x000001917e24cbf0, 0x000001917e251910, 0x000001917ecbb340, 0x000001917ecbca40,
0x000001917f691ed0, 0x000001917f690b90, 0x000001917f693bb0, 0x000001917f694080,
0x000001917f691060, 0x000001917f694550, 0x000001917f6923a0, 0x000001917f691530,
0x000001917f6936e0, 0x000001917f691a00, 0x000001917f692870, 0x000001917f692d40,
0x000001917f693210, 0x00000191033ab230, 0x00000191033ab700, 0x00000191033a9ef0,
0x00000191033aa3c0, 0x00000191033aa890, 0x00000191033ac0a0, 0x000001910151bb90,
0x000001910151ca00, 0x000001910151d870, 0x000001910151c060, 0x00000191016a6200,
0x000001910151ad20, 0x0000019101519eb0, 0x000001910151a380, 0x000001910151ced0,
0x00000191048650a0, 0x0000019104860d40, 0x0000019104862ef0, 0x000001910485f060,
0x0000019104861210, 0x0000019104862550, 0x000001910485fed0, 0x00000191048633c0,
0x00000191048616e0, 0x0000019104864700, 0x0000019104861bb0, 0x0000019104862080,
0x0000019104862a20, 0x0000019104863890, 0x0000019104863d60, 0x00000191048603a0,
0x0000019104864230, 0x0000019104864bd0, 0x0000019104865570, 0x00000191048668b0,
0x000001910485f530, 0x0000019104865a40, 0x0000019104865f10, 0x00000191048663e0,
0x000001910485fa00
}

Java Threads: ( => current thread )
  0x000001915e0e6bb0 JavaThread "main" [_thread_blocked, id=17324, stack(0x0000006f78100000,0x0000006f78200000)]
  0x000001917e226f40 JavaThread "Reference Handler" daemon [_thread_blocked, id=8032, stack(0x0000006f78800000,0x0000006f78900000)]
  0x000001917e227cc0 JavaThread "Finalizer" daemon [_thread_blocked, id=18828, stack(0x0000006f78900000,0x0000006f78a00000)]
  0x000001917e239e10 JavaThread "Signal Dispatcher" daemon [_thread_blocked, id=5580, stack(0x0000006f78a00000,0x0000006f78b00000)]
  0x000001917e23b8e0 JavaThread "Attach Listener" daemon [_thread_blocked, id=10144, stack(0x0000006f78b00000,0x0000006f78c00000)]
  0x000001917e23c3a0 JavaThread "Service Thread" daemon [_thread_blocked, id=1280, stack(0x0000006f78c00000,0x0000006f78d00000)]
  0x000001917e23fc80 JavaThread "Monitor Deflation Thread" daemon [_thread_blocked, id=4064, stack(0x0000006f78d00000,0x0000006f78e00000)]
  0x000001917e240d30 JavaThread "C2 CompilerThread0" daemon [_thread_blocked, id=7136, stack(0x0000006f78e00000,0x0000006f78f00000)]
  0x000001917e24cbf0 JavaThread "C1 CompilerThread0" daemon [_thread_in_vm, id=14056, stack(0x0000006f78f00000,0x0000006f79000000)]
  0x000001917e251910 JavaThread "Sweeper thread" daemon [_thread_blocked, id=15000, stack(0x0000006f79000000,0x0000006f79100000)]
  0x000001917ecbb340 JavaThread "Common-Cleaner" daemon [_thread_blocked, id=10252, stack(0x0000006f79100000,0x0000006f79200000)]
  0x000001917ecbca40 JavaThread "Notification Thread" daemon [_thread_blocked, id=13848, stack(0x0000006f79200000,0x0000006f79300000)]
  0x000001917f691ed0 JavaThread "Daemon health stats" [_thread_blocked, id=17520, stack(0x0000006f79900000,0x0000006f79a00000)]
  0x000001917f690b90 JavaThread "Incoming local TCP Connector on port 65434" [_thread_in_native, id=8216, stack(0x0000006f79500000,0x0000006f79600000)]
  0x000001917f693bb0 JavaThread "Daemon periodic checks" [_thread_blocked, id=3764, stack(0x0000006f79a00000,0x0000006f79b00000)]
  0x000001917f694080 JavaThread "Daemon" [_thread_blocked, id=14132, stack(0x0000006f79b00000,0x0000006f79c00000)]
  0x000001917f691060 JavaThread "Handler for socket connection from /127.0.0.1:65434 to /127.0.0.1:65455" [_thread_in_native, id=19100, stack(0x0000006f79c00000,0x0000006f79d00000)]
  0x000001917f694550 JavaThread "Cancel handler" [_thread_blocked, id=13980, stack(0x0000006f79d00000,0x0000006f79e00000)]
=>0x000001917f6923a0 JavaThread "Daemon worker" [_thread_in_vm, id=18544, stack(0x0000006f79e00000,0x0000006f79f00000)]
  0x000001917f691530 JavaThread "Asynchronous log dispatcher for DefaultDaemonConnection: socket connection from /127.0.0.1:65434 to /127.0.0.1:65455" [_thread_blocked, id=12432, stack(0x0000006f79f00000,0x0000006f7a000000)]
  0x000001917f6936e0 JavaThread "Stdin handler" [_thread_blocked, id=18500, stack(0x0000006f7a000000,0x0000006f7a100000)]
  0x000001917f691a00 JavaThread "Daemon client event forwarder" [_thread_blocked, id=11148, stack(0x0000006f7a100000,0x0000006f7a200000)]
  0x000001917f692870 JavaThread "Cache worker for journal cache (C:\Users\Admin\.gradle\caches\journal-1)" [_thread_blocked, id=19292, stack(0x0000006f7a200000,0x0000006f7a300000)]
  0x000001917f692d40 JavaThread "File lock request listener" [_thread_in_native, id=18348, stack(0x0000006f7a300000,0x0000006f7a400000)]
  0x000001917f693210 JavaThread "Cache worker for file hash cache (C:\Users\Admin\.gradle\caches\8.0.1\fileHashes)" [_thread_blocked, id=3924, stack(0x0000006f7a800000,0x0000006f7a900000)]
  0x00000191033ab230 JavaThread "File watcher server" daemon [_thread_in_native, id=564, stack(0x0000006f7a900000,0x0000006f7aa00000)]
  0x00000191033ab700 JavaThread "File watcher consumer" daemon [_thread_blocked, id=15664, stack(0x0000006f7aa00000,0x0000006f7ab00000)]
  0x00000191033a9ef0 JavaThread "Cache worker for checksums cache (C:\Users\Admin\Desktop\New folder\Advisory-Application\android\.gradle\8.0.1\checksums)" [_thread_blocked, id=11056, stack(0x0000006f7ab00000,0x0000006f7ac00000)]
  0x00000191033aa3c0 JavaThread "Cache worker for file content cache (C:\Users\Admin\.gradle\caches\8.0.1\fileContent)" [_thread_blocked, id=16504, stack(0x0000006f7ad00000,0x0000006f7ae00000)]
  0x00000191033aa890 JavaThread "Cache worker for file hash cache (C:\Users\Admin\Desktop\New folder\Advisory-Application\android\.gradle\8.0.1\fileHashes)" [_thread_blocked, id=9332, stack(0x0000006f7ae00000,0x0000006f7af00000)]
  0x00000191033ac0a0 JavaThread "Cache worker for execution history cache (C:\Users\Admin\.gradle\caches\8.0.1\executionHistory)" [_thread_blocked, id=10340, stack(0x0000006f7b100000,0x0000006f7b200000)]
  0x000001910151bb90 JavaThread "jar transforms" [_thread_blocked, id=11656, stack(0x0000006f7b200000,0x0000006f7b300000)]
  0x000001910151ca00 JavaThread "jar transforms Thread 2" [_thread_blocked, id=11576, stack(0x0000006f7b300000,0x0000006f7b400000)]
  0x000001910151d870 JavaThread "jar transforms Thread 3" [_thread_blocked, id=10328, stack(0x0000006f7b400000,0x0000006f7b500000)]
  0x000001910151c060 JavaThread "jar transforms Thread 4" [_thread_blocked, id=3908, stack(0x0000006f7b500000,0x0000006f7b600000)]
  0x00000191016a6200 JavaThread "C2 CompilerThread1" daemon [_thread_blocked, id=17984, stack(0x0000006f7a400000,0x0000006f7a500000)]
  0x000001910151ad20 JavaThread "Cache worker for kotlin-dsl (C:\Users\Admin\.gradle\caches\8.0.1\kotlin-dsl)" [_thread_blocked, id=13140, stack(0x0000006f7b600000,0x0000006f7b700000)]
  0x0000019101519eb0 JavaThread "jar transforms Thread 5" [_thread_blocked, id=576, stack(0x0000006f7b700000,0x0000006f7b800000)]
  0x000001910151a380 JavaThread "jar transforms Thread 6" [_thread_blocked, id=812, stack(0x0000006f7b800000,0x0000006f7b900000)]
  0x000001910151ced0 JavaThread "Cache worker for dependencies-accessors (C:\Users\Admin\Desktop\New folder\Advisory-Application\android\.gradle\8.0.1\dependencies-accessors)" [_thread_blocked, id=12372, stack(0x0000006f7b900000,0x0000006f7ba00000)]
  0x00000191048650a0 JavaThread "jar transforms Thread 7" [_thread_blocked, id=9072, stack(0x0000006f7bb00000,0x0000006f7bc00000)]
  0x0000019104860d40 JavaThread "Unconstrained build operations" [_thread_blocked, id=8440, stack(0x0000006f7bc00000,0x0000006f7bd00000)]
  0x0000019104862ef0 JavaThread "Unconstrained build operations Thread 2" [_thread_blocked, id=13788, stack(0x0000006f7bd00000,0x0000006f7be00000)]
  0x000001910485f060 JavaThread "Unconstrained build operations Thread 3" [_thread_blocked, id=18528, stack(0x0000006f7be00000,0x0000006f7bf00000)]
  0x0000019104861210 JavaThread "Unconstrained build operations Thread 4" [_thread_blocked, id=1540, stack(0x0000006f7bf00000,0x0000006f7c000000)]
  0x0000019104862550 JavaThread "Unconstrained build operations Thread 5" [_thread_blocked, id=14168, stack(0x0000006f7c000000,0x0000006f7c100000)]
  0x000001910485fed0 JavaThread "Unconstrained build operations Thread 6" [_thread_blocked, id=13344, stack(0x0000006f7c100000,0x0000006f7c200000)]
  0x00000191048633c0 JavaThread "Unconstrained build operations Thread 7" [_thread_blocked, id=1608, stack(0x0000006f7c200000,0x0000006f7c300000)]
  0x00000191048616e0 JavaThread "Unconstrained build operations Thread 8" [_thread_blocked, id=9768, stack(0x0000006f7c300000,0x0000006f7c400000)]
  0x0000019104864700 JavaThread "Unconstrained build operations Thread 9" [_thread_blocked, id=11192, stack(0x0000006f7c400000,0x0000006f7c500000)]
  0x0000019104861bb0 JavaThread "Unconstrained build operations Thread 10" [_thread_blocked, id=16860, stack(0x0000006f7c500000,0x0000006f7c600000)]
  0x0000019104862080 JavaThread "Unconstrained build operations Thread 11" [_thread_blocked, id=6952, stack(0x0000006f7c600000,0x0000006f7c700000)]
  0x0000019104862a20 JavaThread "Unconstrained build operations Thread 12" [_thread_blocked, id=3436, stack(0x0000006f7c700000,0x0000006f7c800000)]
  0x0000019104863890 JavaThread "Unconstrained build operations Thread 13" [_thread_blocked, id=17512, stack(0x0000006f7c800000,0x0000006f7c900000)]
  0x0000019104863d60 JavaThread "Unconstrained build operations Thread 14" [_thread_blocked, id=11928, stack(0x0000006f7c900000,0x0000006f7ca00000)]
  0x00000191048603a0 JavaThread "Unconstrained build operations Thread 15" [_thread_blocked, id=8176, stack(0x0000006f7ca00000,0x0000006f7cb00000)]
  0x0000019104864230 JavaThread "Unconstrained build operations Thread 16" [_thread_blocked, id=7528, stack(0x0000006f7cb00000,0x0000006f7cc00000)]
  0x0000019104864bd0 JavaThread "Unconstrained build operations Thread 17" [_thread_blocked, id=18588, stack(0x0000006f7cc00000,0x0000006f7cd00000)]
  0x0000019104865570 JavaThread "Unconstrained build operations Thread 18" [_thread_blocked, id=13936, stack(0x0000006f7cd00000,0x0000006f7ce00000)]
  0x00000191048668b0 JavaThread "Unconstrained build operations Thread 19" [_thread_blocked, id=19424, stack(0x0000006f7ce00000,0x0000006f7cf00000)]
  0x000001910485f530 JavaThread "Unconstrained build operations Thread 20" [_thread_blocked, id=1272, stack(0x0000006f7cf00000,0x0000006f7d000000)]
  0x0000019104865a40 JavaThread "Unconstrained build operations Thread 21" [_thread_blocked, id=18292, stack(0x0000006f7d000000,0x0000006f7d100000)]
  0x0000019104865f10 JavaThread "Unconstrained build operations Thread 22" [_thread_blocked, id=13964, stack(0x0000006f7d100000,0x0000006f7d200000)]
  0x00000191048663e0 JavaThread "Unconstrained build operations Thread 23" [_thread_blocked, id=19404, stack(0x0000006f7d200000,0x0000006f7d300000)]
  0x000001910485fa00 JavaThread "Unconstrained build operations Thread 24" [_thread_blocked, id=1116, stack(0x0000006f7d300000,0x0000006f7d400000)]

Other Threads:
  0x000001917e223440 VMThread "VM Thread" [stack: 0x0000006f78700000,0x0000006f78800000] [id=11276]
  0x000001917ecbe330 WatcherThread [stack: 0x0000006f79300000,0x0000006f79400000] [id=16704]
  0x000001915e141a70 GCTaskThread "GC Thread#0" [stack: 0x0000006f78200000,0x0000006f78300000] [id=15264]
  0x000001917f4027c0 GCTaskThread "GC Thread#1" [stack: 0x0000006f79600000,0x0000006f79700000] [id=18124]
  0x00000191002b7000 GCTaskThread "GC Thread#2" [stack: 0x0000006f79700000,0x0000006f79800000] [id=18696]
  0x000001917f643fa0 GCTaskThread "GC Thread#3" [stack: 0x0000006f79800000,0x0000006f79900000] [id=13136]
  0x000001917f3f40a0 GCTaskThread "GC Thread#4" [stack: 0x0000006f79400000,0x0000006f79500000] [id=12160]
  0x0000019100426620 GCTaskThread "GC Thread#5" [stack: 0x0000006f7a500000,0x0000006f7a600000] [id=13904]
  0x0000019100fb2970 GCTaskThread "GC Thread#6" [stack: 0x0000006f7a600000,0x0000006f7a700000] [id=12192]
  0x0000019100fb2c20 GCTaskThread "GC Thread#7" [stack: 0x0000006f7a700000,0x0000006f7a800000] [id=7456]
  0x000001915e1528c0 ConcurrentGCThread "G1 Main Marker" [stack: 0x0000006f78300000,0x0000006f78400000] [id=1884]
  0x000001915e1531e0 ConcurrentGCThread "G1 Conc#0" [stack: 0x0000006f78400000,0x0000006f78500000] [id=13276]
  0x0000019101453a70 ConcurrentGCThread "G1 Conc#1" [stack: 0x0000006f7b000000,0x0000006f7b100000] [id=3876]
  0x000001915e1b7a70 ConcurrentGCThread "G1 Refine#0" [stack: 0x0000006f78500000,0x0000006f78600000] [id=12136]
  0x000001915e1b83a0 ConcurrentGCThread "G1 Service" [stack: 0x0000006f78600000,0x0000006f78700000] [id=17156]

Threads with active compile tasks:
C1 CompilerThread0    16218 4996       3       org.gradle.internal.concurrent.CompositeStoppable$1::stop (1 bytes)

VM state: not at safepoint (normal execution)

VM Mutex/Monitor currently owned by a thread:  ([mutex/lock_event])
[0x000001915e0e21e0] Metaspace_lock - owner thread: 0x000001917f6923a0
[0x000001915e0e33a0] MethodData_lock - owner thread: 0x000001917e24cbf0

OutOfMemory and StackOverflow Exception counts:
OutOfMemoryError java_heap_errors=1
LinkageErrors=106

Heap address: 0x0000000080000000, size: 2048 MB, Compressed Oops mode: 32-bit

CDS archive(s) mapped at: [0x0000000800000000-0x0000000800bd0000-0x0000000800bd0000), size 12386304, SharedBaseAddress: 0x0000000800000000, ArchiveRelocationMode: 0.
Compressed class space mapped at: 0x0000000800c00000-0x000000081a800000, reserved size: 432013312
Narrow klass base: 0x0000000800000000, Narrow klass shift: 0, Narrow klass range: 0x100000000

GC Precious Log:
 CPUs: 8 total, 8 available
 Memory: 6082M
 Large Page Support: Disabled
 NUMA Support: Disabled
 Compressed Oops: Enabled (32-bit)
 Heap Region Size: 1M
 Heap Min Capacity: 8M
 Heap Initial Capacity: 96M
 Heap Max Capacity: 2G
 Pre-touch: Disabled
 Parallel Workers: 8
 Concurrent Workers: 2
 Concurrent Refinement Workers: 8
 Periodic GC: Disabled

Heap:
 garbage-first heap   total 78848K, used 42949K [0x0000000080000000, 0x0000000100000000)
  region size 1024K, 10 young (10240K), 3 survivors (3072K)
 Metaspace       used 42269K, committed 42816K, reserved 462848K
  class space    used 5928K, committed 6208K, reserved 421888K

Heap Regions: E=young(eden), S=young(survivor), O=old, HS=humongous(starts), HC=humongous(continues), CS=collection set, F=free, OA=open archive, CA=closed archive, TAMS=top-at-mark-start (previous, next)
|   0|0x0000000080000000, 0x0000000080100000, 0x0000000080100000|100%|HS|  |TAMS 0x0000000080100000, 0x0000000080000000| Complete 
|   1|0x0000000080100000, 0x0000000080200000, 0x0000000080200000|100%|HC|  |TAMS 0x0000000080200000, 0x0000000080100000| Complete 
|   2|0x0000000080200000, 0x0000000080300000, 0x0000000080300000|100%|HC|  |TAMS 0x0000000080300000, 0x0000000080200000| Complete 
|   3|0x0000000080300000, 0x0000000080400000, 0x0000000080400000|100%|HC|  |TAMS 0x0000000080400000, 0x0000000080300000| Complete 
|   4|0x0000000080400000, 0x0000000080500000, 0x0000000080500000|100%| O|  |TAMS 0x0000000080500000, 0x0000000080400000| Untracked 
|   5|0x0000000080500000, 0x0000000080600000, 0x0000000080600000|100%| O|  |TAMS 0x0000000080600000, 0x0000000080500000| Untracked 
|   6|0x0000000080600000, 0x0000000080700000, 0x0000000080700000|100%| O|  |TAMS 0x0000000080700000, 0x0000000080600000| Untracked 
|   7|0x0000000080700000, 0x0000000080800000, 0x0000000080800000|100%| O|  |TAMS 0x0000000080800000, 0x0000000080700000| Untracked 
|   8|0x0000000080800000, 0x0000000080900000, 0x0000000080900000|100%| O|  |TAMS 0x0000000080900000, 0x0000000080800000| Untracked 
|   9|0x0000000080900000, 0x0000000080a00000, 0x0000000080a00000|100%| O|  |TAMS 0x0000000080a00000, 0x0000000080900000| Untracked 
|  10|0x0000000080a00000, 0x0000000080b00000, 0x0000000080b00000|100%| O|  |TAMS 0x0000000080b00000, 0x0000000080a00000| Untracked 
|  11|0x0000000080b00000, 0x0000000080c00000, 0x0000000080c00000|100%| O|  |TAMS 0x0000000080c00000, 0x0000000080b00000| Untracked 
|  12|0x0000000080c00000, 0x0000000080d00000, 0x0000000080d00000|100%| O|  |TAMS 0x0000000080d00000, 0x0000000080c00000| Untracked 
|  13|0x0000000080d00000, 0x0000000080e00000, 0x0000000080e00000|100%| O|  |TAMS 0x0000000080e00000, 0x0000000080d00000| Untracked 
|  14|0x0000000080e00000, 0x0000000080f00000, 0x0000000080f00000|100%| O|  |TAMS 0x0000000080f00000, 0x0000000080e00000| Untracked 
|  15|0x0000000080f00000, 0x0000000081000000, 0x0000000081000000|100%| O|  |TAMS 0x0000000081000000, 0x0000000080f00000| Untracked 
|  16|0x0000000081000000, 0x0000000081100000, 0x0000000081100000|100%| O|  |TAMS 0x0000000081100000, 0x0000000081000000| Untracked 
|  17|0x0000000081100000, 0x0000000081200000, 0x0000000081200000|100%| O|  |TAMS 0x0000000081200000, 0x0000000081100000| Untracked 
|  18|0x0000000081200000, 0x0000000081292000, 0x0000000081300000| 57%| O|  |TAMS 0x0000000081292000, 0x0000000081200000| Untracked 
|  19|0x0000000081300000, 0x0000000081400000, 0x0000000081400000|100%| O|  |TAMS 0x0000000081400000, 0x0000000081300000| Untracked 
|  20|0x0000000081400000, 0x0000000081500000, 0x0000000081500000|100%| O|  |TAMS 0x0000000081500000, 0x0000000081400000| Untracked 
|  21|0x0000000081500000, 0x0000000081600000, 0x0000000081600000|100%| O|  |TAMS 0x0000000081600000, 0x0000000081500000| Untracked 
|  22|0x0000000081600000, 0x0000000081700000, 0x0000000081700000|100%| O|  |TAMS 0x0000000081700000, 0x0000000081600000| Untracked 
|  23|0x0000000081700000, 0x0000000081800000, 0x0000000081800000|100%| O|  |TAMS 0x0000000081800000, 0x0000000081700000| Untracked 
|  24|0x0000000081800000, 0x0000000081900000, 0x0000000081900000|100%| O|  |TAMS 0x0000000081900000, 0x0000000081800000| Untracked 
|  25|0x0000000081900000, 0x0000000081a00000, 0x0000000081a00000|100%| O|  |TAMS 0x000000008191d800, 0x0000000081900000| Untracked 
|  26|0x0000000081a00000, 0x0000000081aa2400, 0x0000000081b00000| 63%| O|  |TAMS 0x0000000081a00000, 0x0000000081a00000| Untracked 
|  27|0x0000000081b00000, 0x0000000081c00000, 0x0000000081c00000|100%| O|  |TAMS 0x0000000081b00000, 0x0000000081b00000| Untracked 
|  28|0x0000000081c00000, 0x0000000081d00000, 0x0000000081d00000|100%| O|  |TAMS 0x0000000081c00000, 0x0000000081c00000| Untracked 
|  29|0x0000000081d00000, 0x0000000081d00000, 0x0000000081e00000|  0%| F|  |TAMS 0x0000000081d00000, 0x0000000081d00000| Untracked 
|  30|0x0000000081e00000, 0x0000000081e00000, 0x0000000081f00000|  0%| F|  |TAMS 0x0000000081e00000, 0x0000000081e00000| Untracked 
|  31|0x0000000081f00000, 0x0000000082000000, 0x0000000082000000|100%| O|  |TAMS 0x0000000082000000, 0x0000000081f00000| Untracked 
|  32|0x0000000082000000, 0x0000000082100000, 0x0000000082100000|100%| O|  |TAMS 0x0000000082100000, 0x0000000082000000| Untracked 
|  33|0x0000000082100000, 0x0000000082200000, 0x0000000082200000|100%| O|  |TAMS 0x0000000082200000, 0x0000000082100000| Untracked 
|  34|0x0000000082200000, 0x0000000082300000, 0x0000000082300000|100%| O|  |TAMS 0x0000000082300000, 0x0000000082200000| Untracked 
|  35|0x0000000082300000, 0x0000000082400000, 0x0000000082400000|100%| O|  |TAMS 0x0000000082400000, 0x0000000082300000| Untracked 
|  36|0x0000000082400000, 0x0000000082400000, 0x0000000082500000|  0%| F|  |TAMS 0x0000000082400000, 0x0000000082400000| Untracked 
|  37|0x0000000082500000, 0x0000000082500000, 0x0000000082600000|  0%| F|  |TAMS 0x0000000082500000, 0x0000000082500000| Untracked 
|  38|0x0000000082600000, 0x0000000082600000, 0x0000000082700000|  0%| F|  |TAMS 0x0000000082600000, 0x0000000082600000| Untracked 
|  39|0x0000000082700000, 0x0000000082700000, 0x0000000082800000|  0%| F|  |TAMS 0x0000000082700000, 0x0000000082700000| Untracked 
|  40|0x0000000082800000, 0x0000000082800000, 0x0000000082900000|  0%| F|  |TAMS 0x0000000082800000, 0x0000000082800000| Untracked 
|  41|0x0000000082900000, 0x0000000082900000, 0x0000000082a00000|  0%| F|  |TAMS 0x0000000082900000, 0x0000000082900000| Untracked 
|  42|0x0000000082a00000, 0x0000000082a00000, 0x0000000082b00000|  0%| F|  |TAMS 0x0000000082a00000, 0x0000000082a00000| Untracked 
|  43|0x0000000082b00000, 0x0000000082b00000, 0x0000000082c00000|  0%| F|  |TAMS 0x0000000082b00000, 0x0000000082b00000| Untracked 
|  44|0x0000000082c00000, 0x0000000082c00000, 0x0000000082d00000|  0%| F|  |TAMS 0x0000000082c00000, 0x0000000082c00000| Untracked 
|  45|0x0000000082d00000, 0x0000000082d00000, 0x0000000082e00000|  0%| F|  |TAMS 0x0000000082d00000, 0x0000000082d00000| Untracked 
|  46|0x0000000082e00000, 0x0000000082e00000, 0x0000000082f00000|  0%| F|  |TAMS 0x0000000082e00000, 0x0000000082e00000| Untracked 
|  47|0x0000000082f00000, 0x0000000082f00000, 0x0000000083000000|  0%| F|  |TAMS 0x0000000082f00000, 0x0000000082f00000| Untracked 
|  48|0x0000000083000000, 0x0000000083000000, 0x0000000083100000|  0%| F|  |TAMS 0x0000000083000000, 0x0000000083000000| Untracked 
|  49|0x0000000083100000, 0x00000000831bd3f0, 0x0000000083200000| 73%| S|CS|TAMS 0x0000000083100000, 0x0000000083100000| Complete 
|  50|0x0000000083200000, 0x0000000083300000, 0x0000000083300000|100%| S|CS|TAMS 0x0000000083200000, 0x0000000083200000| Complete 
|  51|0x0000000083300000, 0x0000000083400000, 0x0000000083400000|100%| S|CS|TAMS 0x0000000083300000, 0x0000000083300000| Complete 
|  52|0x0000000083400000, 0x0000000083400000, 0x0000000083500000|  0%| F|  |TAMS 0x0000000083400000, 0x0000000083400000| Untracked 
|  53|0x0000000083500000, 0x0000000083500000, 0x0000000083600000|  0%| F|  |TAMS 0x0000000083500000, 0x0000000083500000| Untracked 
|  54|0x0000000083600000, 0x0000000083600000, 0x0000000083700000|  0%| F|  |TAMS 0x0000000083600000, 0x0000000083600000| Untracked 
|  55|0x0000000083700000, 0x0000000083700000, 0x0000000083800000|  0%| F|  |TAMS 0x0000000083700000, 0x0000000083700000| Untracked 
|  56|0x0000000083800000, 0x0000000083800000, 0x0000000083900000|  0%| F|  |TAMS 0x0000000083800000, 0x0000000083800000| Untracked 
|  57|0x0000000083900000, 0x0000000083900000, 0x0000000083a00000|  0%| F|  |TAMS 0x0000000083900000, 0x0000000083900000| Untracked 
|  58|0x0000000083a00000, 0x0000000083a00000, 0x0000000083b00000|  0%| F|  |TAMS 0x0000000083a00000, 0x0000000083a00000| Untracked 
|  59|0x0000000083b00000, 0x0000000083b00000, 0x0000000083c00000|  0%| F|  |TAMS 0x0000000083b00000, 0x0000000083b00000| Untracked 
|  60|0x0000000083c00000, 0x0000000083c00000, 0x0000000083d00000|  0%| F|  |TAMS 0x0000000083c00000, 0x0000000083c00000| Untracked 
|  61|0x0000000083d00000, 0x0000000083d00000, 0x0000000083e00000|  0%| F|  |TAMS 0x0000000083d00000, 0x0000000083d00000| Untracked 
|  62|0x0000000083e00000, 0x0000000083e00000, 0x0000000083f00000|  0%| F|  |TAMS 0x0000000083e00000, 0x0000000083e00000| Untracked 
|  63|0x0000000083f00000, 0x0000000083f00000, 0x0000000084000000|  0%| F|  |TAMS 0x0000000083f00000, 0x0000000083f00000| Untracked 
|  64|0x0000000084000000, 0x0000000084000000, 0x0000000084100000|  0%| F|  |TAMS 0x0000000084000000, 0x0000000084000000| Untracked 
|  65|0x0000000084100000, 0x0000000084100000, 0x0000000084200000|  0%| F|  |TAMS 0x0000000084100000, 0x0000000084100000| Untracked 
|  66|0x0000000084200000, 0x0000000084200000, 0x0000000084300000|  0%| F|  |TAMS 0x0000000084200000, 0x0000000084200000| Untracked 
|  67|0x0000000084300000, 0x0000000084300000, 0x0000000084400000|  0%| F|  |TAMS 0x0000000084300000, 0x0000000084300000| Untracked 
|  68|0x0000000084400000, 0x0000000084400000, 0x0000000084500000|  0%| F|  |TAMS 0x0000000084400000, 0x0000000084400000| Untracked 
|  69|0x0000000084500000, 0x0000000084500000, 0x0000000084600000|  0%| F|  |TAMS 0x0000000084500000, 0x0000000084500000| Untracked 
|  70|0x0000000084600000, 0x0000000084628c08, 0x0000000084700000| 15%| E|  |TAMS 0x0000000084600000, 0x0000000084600000| Complete 
|  71|0x0000000084700000, 0x0000000084800000, 0x0000000084800000|100%| E|CS|TAMS 0x0000000084700000, 0x0000000084700000| Complete 
|  72|0x0000000084800000, 0x0000000084900000, 0x0000000084900000|100%| E|CS|TAMS 0x0000000084800000, 0x0000000084800000| Complete 
|  86|0x0000000085600000, 0x0000000085700000, 0x0000000085700000|100%| E|CS|TAMS 0x0000000085600000, 0x0000000085600000| Complete 
|  87|0x0000000085700000, 0x0000000085800000, 0x0000000085800000|100%| E|CS|TAMS 0x0000000085700000, 0x0000000085700000| Complete 
|  88|0x0000000085800000, 0x0000000085900000, 0x0000000085900000|100%| E|CS|TAMS 0x0000000085800000, 0x0000000085800000| Complete 
|  95|0x0000000085f00000, 0x0000000086000000, 0x0000000086000000|100%| E|CS|TAMS 0x0000000085f00000, 0x0000000085f00000| Complete 

Card table byte_map: [0x0000019176fc0000,0x00000191773c0000] _byte_map_base: 0x0000019176bc0000

Marking Bits (Prev, Next): (CMBitMap*) 0x000001915e141f90, (CMBitMap*) 0x000001915e141fd0
 Prev Bits: [0x00000191777c0000, 0x00000191797c0000)
 Next Bits: [0x00000191797c0000, 0x000001917b7c0000)

Polling page: 0x0000019167120000

Metaspace:

Usage:
  Non-class:     35.49 MB used.
      Class:      5.79 MB used.
       Both:     41.28 MB used.

Virtual space:
  Non-class space:       40.00 MB reserved,      35.75 MB ( 89%) committed,  5 nodes.
      Class space:      412.00 MB reserved,       6.06 MB (  1%) committed,  1 nodes.
             Both:      452.00 MB reserved,      41.81 MB (  9%) committed. 

Chunk freelists:
   Non-Class:  240.00 KB
       Class:  1.91 MB
        Both:  2.14 MB

MaxMetaspaceSize: 512.00 MB
CompressedClassSpaceSize: 412.00 MB
Initial GC threshold: 21.00 MB
Current GC threshold: 58.88 MB
CDS: on
MetaspaceReclaimPolicy: balanced
 - commit_granule_bytes: 65536.
 - commit_granule_words: 8192.
 - virtual_space_node_default_size: 1048576.
 - enlarge_chunks_in_place: 1.
 - new_chunks_are_fully_committed: 0.
 - uncommit_free_chunks: 1.
 - use_allocation_guard: 0.
 - handle_deallocations: 1.


Internal statistics:

num_allocs_failed_limit: 6.
num_arena_births: 590.
num_arena_deaths: 0.
num_vsnodes_births: 6.
num_vsnodes_deaths: 0.
num_space_committed: 669.
num_space_uncommitted: 0.
num_chunks_returned_to_freelist: 6.
num_chunks_taken_from_freelist: 2245.
num_chunk_merges: 6.
num_chunk_splits: 1496.
num_chunks_enlarged: 1000.
num_purges: 0.
num_inconsistent_stats: 0.

CodeHeap 'non-profiled nmethods': size=120000Kb used=3078Kb max_used=3078Kb free=116921Kb
 bounds [0x000001916ec10000, 0x000001916ef20000, 0x0000019176140000]
CodeHeap 'profiled nmethods': size=120000Kb used=10057Kb max_used=10057Kb free=109942Kb
 bounds [0x0000019167140000, 0x0000019167b20000, 0x000001916e670000]
CodeHeap 'non-nmethods': size=5760Kb used=2318Kb max_used=2350Kb free=3441Kb
 bounds [0x000001916e670000, 0x000001916e8e0000, 0x000001916ec10000]
 total_blobs=5823 nmethods=4990 adapters=745
 compilation: enabled
              stopped_count=0, restarted_count=0
 full_count=0

Compilation events (20 events):
Event: 16.158 Thread 0x000001917e24cbf0 4986       3       java.util.ArrayList::clear (43 bytes)
Event: 16.158 Thread 0x000001917e24cbf0 nmethod 4986 0x0000019167b0b810 code [0x0000019167b0b9c0, 0x0000019167b0bd38]
Event: 16.162 Thread 0x000001917e240d30 nmethod 4978 0x000001916ef10710 code [0x000001916ef108e0, 0x000001916ef111d8]
Event: 16.167 Thread 0x000001917e24cbf0 4987       1       java.util.concurrent.ConcurrentLinkedQueue::lambda$clear$2 (2 bytes)
Event: 16.167 Thread 0x000001917e24cbf0 nmethod 4987 0x000001916ef11690 code [0x000001916ef11820, 0x000001916ef118d8]
Event: 16.167 Thread 0x000001917e24cbf0 4988  s!   3       org.gradle.internal.service.DefaultServiceRegistry$ManagedObjectServiceProvider::stop (59 bytes)
Event: 16.168 Thread 0x000001917e24cbf0 nmethod 4988 0x0000019167b0be90 code [0x0000019167b0c100, 0x0000019167b0cd18]
Event: 16.168 Thread 0x000001917e24cbf0 4990       3       java.util.concurrent.ConcurrentLinkedQueue::bulkRemove (157 bytes)
Event: 16.169 Thread 0x000001917e24cbf0 nmethod 4990 0x0000019167b0d190 code [0x0000019167b0d480, 0x0000019167b0e768]
Event: 16.170 Thread 0x000001917e24cbf0 4989       3       java.util.concurrent.ConcurrentLinkedQueue::clear (11 bytes)
Event: 16.170 Thread 0x000001917e24cbf0 nmethod 4989 0x0000019167b0ed90 code [0x0000019167b0ef40, 0x0000019167b0f208]
Event: 16.170 Thread 0x000001917e24cbf0 4991       3       java.util.concurrent.ConcurrentLinkedQueue$Itr::hasNext (13 bytes)
Event: 16.170 Thread 0x000001917e24cbf0 nmethod 4991 0x0000019167b0f310 code [0x0000019167b0f4a0, 0x0000019167b0f618]
Event: 16.171 Thread 0x000001917e24cbf0 4992       3       java.util.concurrent.ConcurrentLinkedQueue$Itr::next (96 bytes)
Event: 16.172 Thread 0x000001917e24cbf0 nmethod 4992 0x0000019167b0f690 code [0x0000019167b0f880, 0x0000019167b0ff78]
Event: 16.172 Thread 0x000001917e24cbf0 4993       3       java.util.concurrent.ConcurrentLinkedQueue::succ (17 bytes)
Event: 16.172 Thread 0x000001917e24cbf0 nmethod 4993 0x0000019167b10210 code [0x0000019167b103a0, 0x0000019167b104f8]
Event: 16.172 Thread 0x000001917e24cbf0 4994       3       java.util.concurrent.ConcurrentLinkedQueue$$Lambda$773/0x00000008010e44f0::test (5 bytes)
Event: 16.173 Thread 0x000001917e24cbf0 nmethod 4994 0x0000019167b10590 code [0x0000019167b10720, 0x0000019167b10898]
Event: 16.173 Thread 0x000001917e24cbf0 4995       3       java.util.concurrent.atomic.AtomicReference::compareAndSet (10 bytes)

GC Heap History (20 events):
Event: 2.359 GC heap before
{Heap before GC invocations=1 (full 0):
 garbage-first heap   total 98304K, used 38944K [0x0000000080000000, 0x0000000100000000)
  region size 1024K, 30 young (30720K), 3 survivors (3072K)
 Metaspace       used 3930K, committed 4096K, reserved 430080K
  class space    used 475K, committed 576K, reserved 421888K
}
Event: 2.369 GC heap after
{Heap after GC invocations=2 (full 0):
 garbage-first heap   total 98304K, used 13312K [0x0000000080000000, 0x0000000100000000)
  region size 1024K, 3 young (3072K), 3 survivors (3072K)
 Metaspace       used 3930K, committed 4096K, reserved 430080K
  class space    used 475K, committed 576K, reserved 421888K
}
Event: 5.200 GC heap before
{Heap before GC invocations=2 (full 0):
 garbage-first heap   total 98304K, used 66560K [0x0000000080000000, 0x0000000100000000)
  region size 1024K, 55 young (56320K), 3 survivors (3072K)
 Metaspace       used 14035K, committed 14336K, reserved 438272K
  class space    used 1989K, committed 2112K, reserved 421888K
}
Event: 5.211 GC heap after
{Heap after GC invocations=3 (full 0):
 garbage-first heap   total 98304K, used 19437K [0x0000000080000000, 0x0000000100000000)
  region size 1024K, 7 young (7168K), 7 survivors (7168K)
 Metaspace       used 14035K, committed 14336K, reserved 438272K
  class space    used 1989K, committed 2112K, reserved 421888K
}
Event: 6.726 GC heap before
{Heap before GC invocations=3 (full 0):
 garbage-first heap   total 98304K, used 61421K [0x0000000080000000, 0x0000000100000000)
  region size 1024K, 49 young (50176K), 7 survivors (7168K)
 Metaspace       used 20277K, committed 20608K, reserved 446464K
  class space    used 3004K, committed 3136K, reserved 421888K
}
Event: 6.737 GC heap after
{Heap after GC invocations=4 (full 0):
 garbage-first heap   total 98304K, used 21820K [0x0000000080000000, 0x0000000100000000)
  region size 1024K, 3 young (3072K), 3 survivors (3072K)
 Metaspace       used 20277K, committed 20608K, reserved 446464K
  class space    used 3004K, committed 3136K, reserved 421888K
}
Event: 6.989 GC heap before
{Heap before GC invocations=4 (full 0):
 garbage-first heap   total 98304K, used 27964K [0x0000000080000000, 0x0000000100000000)
  region size 1024K, 10 young (10240K), 3 survivors (3072K)
 Metaspace       used 21133K, committed 21504K, reserved 446464K
  class space    used 3130K, committed 3328K, reserved 421888K
}
Event: 6.993 GC heap after
{Heap after GC invocations=5 (full 0):
 garbage-first heap   total 98304K, used 21895K [0x0000000080000000, 0x0000000100000000)
  region size 1024K, 3 young (3072K), 3 survivors (3072K)
 Metaspace       used 21133K, committed 21504K, reserved 446464K
  class space    used 3130K, committed 3328K, reserved 421888K
}
Event: 8.221 GC heap before
{Heap before GC invocations=6 (full 0):
 garbage-first heap   total 78848K, used 65927K [0x0000000080000000, 0x0000000100000000)
  region size 1024K, 46 young (47104K), 3 survivors (3072K)
 Metaspace       used 28710K, committed 29056K, reserved 454656K
  class space    used 4030K, committed 4224K, reserved 421888K
}
Event: 8.229 GC heap after
{Heap after GC invocations=7 (full 0):
 garbage-first heap   total 78848K, used 26853K [0x0000000080000000, 0x0000000100000000)
  region size 1024K, 6 young (6144K), 6 survivors (6144K)
 Metaspace       used 28710K, committed 29056K, reserved 454656K
  class space    used 4030K, committed 4224K, reserved 421888K
}
Event: 8.874 GC heap before
{Heap before GC invocations=7 (full 0):
 garbage-first heap   total 78848K, used 59621K [0x0000000080000000, 0x0000000100000000)
  region size 1024K, 36 young (36864K), 6 survivors (6144K)
 Metaspace       used 31488K, committed 31808K, reserved 454656K
  class space    used 4340K, committed 4480K, reserved 421888K
}
Event: 8.885 GC heap after
{Heap after GC invocations=8 (full 0):
 garbage-first heap   total 78848K, used 30476K [0x0000000080000000, 0x0000000100000000)
  region size 1024K, 4 young (4096K), 4 survivors (4096K)
 Metaspace       used 31488K, committed 31808K, reserved 454656K
  class space    used 4340K, committed 4480K, reserved 421888K
}
Event: 14.233 GC heap before
{Heap before GC invocations=8 (full 0):
 garbage-first heap   total 78848K, used 58124K [0x0000000080000000, 0x0000000100000000)
  region size 1024K, 31 young (31744K), 4 survivors (4096K)
 Metaspace       used 33232K, committed 33728K, reserved 454656K
  class space    used 4606K, committed 4800K, reserved 421888K
}
Event: 14.239 GC heap after
{Heap after GC invocations=9 (full 0):
 garbage-first heap   total 78848K, used 32985K [0x0000000080000000, 0x0000000100000000)
  region size 1024K, 3 young (3072K), 3 survivors (3072K)
 Metaspace       used 33232K, committed 33728K, reserved 454656K
  class space    used 4606K, committed 4800K, reserved 421888K
}
Event: 14.687 GC heap before
{Heap before GC invocations=9 (full 0):
 garbage-first heap   total 78848K, used 57561K [0x0000000080000000, 0x0000000100000000)
  region size 1024K, 28 young (28672K), 3 survivors (3072K)
 Metaspace       used 35483K, committed 35968K, reserved 454656K
  class space    used 4856K, committed 5120K, reserved 421888K
}
Event: 14.690 GC heap after
{Heap after GC invocations=10 (full 0):
 garbage-first heap   total 78848K, used 34209K [0x0000000080000000, 0x0000000100000000)
  region size 1024K, 2 young (2048K), 2 survivors (2048K)
 Metaspace       used 35483K, committed 35968K, reserved 454656K
  class space    used 4856K, committed 5120K, reserved 421888K
}
Event: 15.351 GC heap before
{Heap before GC invocations=11 (full 0):
 garbage-first heap   total 78848K, used 59809K [0x0000000080000000, 0x0000000100000000)
  region size 1024K, 28 young (28672K), 2 survivors (2048K)
 Metaspace       used 38669K, committed 39168K, reserved 462848K
  class space    used 5391K, committed 5632K, reserved 421888K
}
Event: 15.355 GC heap after
{Heap after GC invocations=12 (full 0):
 garbage-first heap   total 78848K, used 35661K [0x0000000080000000, 0x0000000100000000)
  region size 1024K, 3 young (3072K), 3 survivors (3072K)
 Metaspace       used 38669K, committed 39168K, reserved 462848K
  class space    used 5391K, committed 5632K, reserved 421888K
}
Event: 15.983 GC heap before
{Heap before GC invocations=12 (full 0):
 garbage-first heap   total 78848K, used 60237K [0x0000000080000000, 0x0000000100000000)
  region size 1024K, 28 young (28672K), 3 survivors (3072K)
 Metaspace       used 41761K, committed 42368K, reserved 462848K
  class space    used 5833K, committed 6144K, reserved 421888K
}
Event: 15.987 GC heap after
{Heap after GC invocations=13 (full 0):
 garbage-first heap   total 78848K, used 36805K [0x0000000080000000, 0x0000000100000000)
  region size 1024K, 3 young (3072K), 3 survivors (3072K)
 Metaspace       used 41761K, committed 42368K, reserved 462848K
  class space    used 5833K, committed 6144K, reserved 421888K
}

Deoptimization events (20 events):
Event: 16.091 Thread 0x0000019104862ef0 Uncommon trap: trap_request=0xffffff45 fr.pc=0x000001916ed269ac relative=0x0000000000000f0c
Event: 16.091 Thread 0x0000019104862ef0 Uncommon trap: reason=unstable_if action=reinterpret pc=0x000001916ed269ac method=java.util.concurrent.ConcurrentHashMap.addCount(JI)V @ 34 c2
Event: 16.091 Thread 0x0000019104862ef0 DEOPT PACKING pc=0x000001916ed269ac sp=0x0000006f7bdfed60
Event: 16.091 Thread 0x0000019104862ef0 DEOPT UNPACKING pc=0x000001916e6c23a3 sp=0x0000006f7bdfec20 mode 2
Event: 16.091 Thread 0x000001910485f060 Uncommon trap: trap_request=0xffffff45 fr.pc=0x000001916ecbc098 relative=0x0000000000000158
Event: 16.091 Thread 0x000001910485f060 Uncommon trap: reason=unstable_if action=reinterpret pc=0x000001916ecbc098 method=java.util.concurrent.ConcurrentHashMap.addCount(JI)V @ 7 c2
Event: 16.091 Thread 0x000001910485f060 DEOPT PACKING pc=0x000001916ecbc098 sp=0x0000006f7befecf0
Event: 16.091 Thread 0x000001910485f060 DEOPT UNPACKING pc=0x000001916e6c23a3 sp=0x0000006f7befec50 mode 2
Event: 16.092 Thread 0x0000019104861210 Uncommon trap: trap_request=0xffffff45 fr.pc=0x000001916eecc6cc relative=0x00000000000000ac
Event: 16.092 Thread 0x0000019104861210 Uncommon trap: reason=unstable_if action=reinterpret pc=0x000001916eecc6cc method=java.util.concurrent.locks.AbstractQueuedSynchronizer.signalNext(Ljava/util/concurrent/locks/AbstractQueuedSynchronizer$Node;)V @ 17 c2
Event: 16.092 Thread 0x0000019104861210 DEOPT PACKING pc=0x000001916eecc6cc sp=0x0000006f7bffd9f0
Event: 16.092 Thread 0x0000019104861210 DEOPT UNPACKING pc=0x000001916e6c23a3 sp=0x0000006f7bffd980 mode 2
Event: 16.114 Thread 0x000001917f6923a0 Uncommon trap: trap_request=0xffffff45 fr.pc=0x000001916ee4c798 relative=0x0000000000000638
Event: 16.114 Thread 0x000001917f6923a0 Uncommon trap: reason=unstable_if action=reinterpret pc=0x000001916ee4c798 method=java.util.regex.Matcher.search(I)Z @ 76 c2
Event: 16.114 Thread 0x000001917f6923a0 DEOPT PACKING pc=0x000001916ee4c798 sp=0x0000006f79efb900
Event: 16.114 Thread 0x000001917f6923a0 DEOPT UNPACKING pc=0x000001916e6c23a3 sp=0x0000006f79efb860 mode 2
Event: 16.166 Thread 0x000001910151d3a0 Uncommon trap: trap_request=0xffffff45 fr.pc=0x000001916ee6e3c8 relative=0x0000000000000048
Event: 16.166 Thread 0x000001910151d3a0 Uncommon trap: reason=unstable_if action=reinterpret pc=0x000001916ee6e3c8 method=java.lang.Thread.interrupted()Z @ 10 c2
Event: 16.166 Thread 0x000001910151d3a0 DEOPT PACKING pc=0x000001916ee6e3c8 sp=0x0000006f7baff5e0
Event: 16.166 Thread 0x000001910151d3a0 DEOPT UNPACKING pc=0x000001916e6c23a3 sp=0x0000006f7baff570 mode 2

Classes unloaded (0 events):
No events

Classes redefined (0 events):
No events

Internal exceptions (20 events):
Event: 14.272 Thread 0x000001917f6923a0 Exception <a 'java/lang/NoSuchMethodError'{0x0000000085875378}: 'java.lang.Object java.lang.invoke.DirectMethodHandle$Holder.invokeStatic(java.lang.Object, java.lang.Object, java.lang.Object, java.lang.Object, java.lang.Object, java.lang.Object, java.lang.Object, java.lang.Object, java.lang.Object, java.lang.Object, java.lang.Object, java.lang.Object, java.lang.Object, java.lang.Object, java.lang.Object, java.lang.Object, java.lang.Object, java.lang.Object, java.lang.Object, java.lang.Object, java.lang.Obj
Event: 14.275 Thread 0x000001917f6923a0 Exception <a 'java/lang/NoSuchMethodError'{0x00000000858a08c8}: 'java.lang.Object java.lang.invoke.DirectMethodHandle$Holder.invokeStatic(java.lang.Object, java.lang.Object, java.lang.Object, java.lang.Object, java.lang.Object, java.lang.Object, java.lang.Object, java.lang.Object, java.lang.Object, java.lang.Object, java.lang.Object, java.lang.Object, java.lang.Object, java.lang.Object, java.lang.Object, java.lang.Object, java.lang.Object, java.lang.Object, java.lang.Object, java.lang.Object, java.lang.Obj
Event: 14.278 Thread 0x000001917f6923a0 Exception <a 'java/lang/NoSuchMethodError'{0x00000000858cd668}: 'java.lang.Object java.lang.invoke.DirectMethodHandle$Holder.invokeStatic(java.lang.Object, java.lang.Object, java.lang.Object, java.lang.Object, java.lang.Object, java.lang.Object, java.lang.Object, java.lang.Object, java.lang.Object, java.lang.Object, java.lang.Object, java.lang.Object, java.lang.Object, java.lang.Object, java.lang.Object, java.lang.Object, java.lang.Object, java.lang.Object, java.lang.Object, java.lang.Object, java.lang.Obj
Event: 14.281 Thread 0x000001917f6923a0 Exception <a 'java/lang/NoSuchMethodError'{0x00000000858fbf00}: 'java.lang.Object java.lang.invoke.DirectMethodHandle$Holder.invokeStatic(java.lang.Object, java.lang.Object, java.lang.Object, java.lang.Object, java.lang.Object, java.lang.Object, java.lang.Object, java.lang.Object, java.lang.Object, java.lang.Object, java.lang.Object, java.lang.Object, java.lang.Object, java.lang.Object, java.lang.Object, java.lang.Object, java.lang.Object, java.lang.Object, java.lang.Object, java.lang.Object, java.lang.Obj
Event: 14.425 Thread 0x000001917f6923a0 Exception <a 'java/lang/IncompatibleClassChangeError'{0x0000000083e77490}: Found class java.lang.Object, but interface was expected> (0x0000000083e77490) 
thrown [s\open\src\hotspot\share\interpreter\linkResolver.cpp, line 826]
Event: 14.563 Thread 0x000001917f6923a0 Exception <a 'java/lang/IncompatibleClassChangeError'{0x0000000083a99ce0}: Found class java.lang.Object, but interface was expected> (0x0000000083a99ce0) 
thrown [s\open\src\hotspot\share\interpreter\linkResolver.cpp, line 826]
Event: 14.591 Thread 0x000001917f6923a0 Exception <a 'java/lang/NoSuchMethodError'{0x000000008380f000}: 'int java.lang.invoke.DirectMethodHandle$Holder.invokeStaticInit(java.lang.Object, java.lang.Object, java.lang.Object, java.lang.Object, java.lang.Object)'> (0x000000008380f000) 
thrown [s\open\src\hotspot\share\interpreter\linkResolver.cpp, line 759]
Event: 14.927 Thread 0x000001917f6923a0 Exception <a 'java/lang/NoSuchMethodError'{0x0000000084323720}: 'java.lang.Object java.lang.invoke.DirectMethodHandle$Holder.newInvokeSpecial(java.lang.Object, int, java.lang.Object)'> (0x0000000084323720) 
thrown [s\open\src\hotspot\share\interpreter\linkResolver.cpp, line 759]
Event: 15.788 Thread 0x000001917f6923a0 Exception <a 'java/lang/NoSuchMethodError'{0x00000000839c9d80}: 'int java.lang.invoke.DirectMethodHandle$Holder.invokeStatic(java.lang.Object)'> (0x00000000839c9d80) 
thrown [s\open\src\hotspot\share\interpreter\linkResolver.cpp, line 759]
Event: 15.788 Thread 0x000001917f6923a0 Exception <a 'java/lang/NoSuchMethodError'{0x00000000839ce6c0}: 'int java.lang.invoke.DirectMethodHandle$Holder.invokeStaticInit(java.lang.Object)'> (0x00000000839ce6c0) 
thrown [s\open\src\hotspot\share\interpreter\linkResolver.cpp, line 759]
Event: 15.802 Thread 0x000001917f6923a0 Exception <a 'java/lang/NoSuchMethodError'{0x0000000083848eb0}: 'java.lang.Object java.lang.invoke.DirectMethodHandle$Holder.newInvokeSpecial(java.lang.Object, java.lang.Object, java.lang.Object, java.lang.Object, java.lang.Object, int)'> (0x0000000083848eb0) 
thrown [s\open\src\hotspot\share\interpreter\linkResolver.cpp, line 759]
Event: 15.803 Thread 0x000001917f6923a0 Exception <a 'java/lang/NoSuchMethodError'{0x000000008384e7b0}: 'java.lang.Object java.lang.invoke.DirectMethodHandle$Holder.invokeSpecial(java.lang.Object, java.lang.Object, java.lang.Object, java.lang.Object, java.lang.Object, java.lang.Object, int)'> (0x000000008384e7b0) 
thrown [s\open\src\hotspot\share\interpreter\linkResolver.cpp, line 759]
Event: 15.829 Thread 0x000001917f6923a0 Exception <a 'java/lang/NoSuchMethodError'{0x0000000083728e50}: 'void java.lang.invoke.DirectMethodHandle$Holder.invokeStatic(java.lang.Object, java.lang.Object, java.lang.Object, int, java.lang.Object)'> (0x0000000083728e50) 
thrown [s\open\src\hotspot\share\interpreter\linkResolver.cpp, line 759]
Event: 15.934 Thread 0x000001917f6923a0 Exception <a 'java/lang/NoSuchMethodError'{0x0000000083452e88}: 'java.lang.Object java.lang.invoke.DirectMethodHandle$Holder.newInvokeSpecial(java.lang.Object, java.lang.Object, int)'> (0x0000000083452e88) 
thrown [s\open\src\hotspot\share\interpreter\linkResolver.cpp, line 759]
Event: 16.099 Thread 0x000001917f6923a0 Exception <a 'java/lang/OutOfMemoryError'{0x00000000857c9ab0}: unable to create native thread: possibly out of memory or process/resource limits reached> (0x00000000857c9ab0) 
thrown [s\open\src\hotspot\share\prims\jvm.cpp, line 2923]
Event: 16.134 Thread 0x000001917f6923a0 Exception <a 'java/lang/NoSuchMethodError'{0x00000000847233e0}: 'java.lang.Object java.lang.invoke.DirectMethodHandle$Holder.newInvokeSpecial(java.lang.Object, java.lang.Object, java.lang.Object, java.lang.Object, int, java.lang.Object)'> (0x00000000847233e0) 
thrown [s\open\src\hotspot\share\interpreter\linkResolver.cpp, line 759]
Event: 16.135 Thread 0x000001917f6923a0 Exception <a 'java/lang/NoSuchMethodError'{0x0000000084727748}: 'java.lang.Object java.lang.invoke.Invokers$Holder.linkToTargetMethod(java.lang.Object, java.lang.Object, java.lang.Object, int, java.lang.Object, java.lang.Object)'> (0x0000000084727748) 
thrown [s\open\src\hotspot\share\interpreter\linkResolver.cpp, line 759]
Event: 16.140 Thread 0x000001917f6923a0 Exception <a 'java/lang/NoSuchMethodError'{0x0000000084747698}: 'java.lang.Object java.lang.invoke.DirectMethodHandle$Holder.newInvokeSpecial(java.lang.Object, java.lang.Object, java.lang.Object, java.lang.Object, int)'> (0x0000000084747698) 
thrown [s\open\src\hotspot\share\interpreter\linkResolver.cpp, line 759]
Event: 16.141 Thread 0x000001917f6923a0 Exception <a 'java/lang/NoSuchMethodError'{0x000000008474bd98}: 'java.lang.Object java.lang.invoke.DirectMethodHandle$Holder.invokeSpecial(java.lang.Object, java.lang.Object, java.lang.Object, java.lang.Object, java.lang.Object, int)'> (0x000000008474bd98) 
thrown [s\open\src\hotspot\share\interpreter\linkResolver.cpp, line 759]
Event: 16.142 Thread 0x000001917f6923a0 Exception <a 'java/lang/NoSuchMethodError'{0x000000008474fdd0}: 'java.lang.Object java.lang.invoke.Invokers$Holder.linkToTargetMethod(java.lang.Object, java.lang.Object, java.lang.Object, int, java.lang.Object)'> (0x000000008474fdd0) 
thrown [s\open\src\hotspot\share\interpreter\linkResolver.cpp, line 759]

VM Operations (20 events):
Event: 14.701 Executing VM operation: HandshakeAllThreads
Event: 14.701 Executing VM operation: HandshakeAllThreads done
Event: 14.723 Executing VM operation: G1Concurrent
Event: 14.726 Executing VM operation: G1Concurrent done
Event: 14.740 Executing VM operation: G1Concurrent
Event: 14.741 Executing VM operation: G1Concurrent done
Event: 15.045 Executing VM operation: HandshakeAllThreads
Event: 15.045 Executing VM operation: HandshakeAllThreads done
Event: 15.071 Executing VM operation: HandshakeAllThreads
Event: 15.071 Executing VM operation: HandshakeAllThreads done
Event: 15.128 Executing VM operation: HandshakeAllThreads
Event: 15.128 Executing VM operation: HandshakeAllThreads done
Event: 15.351 Executing VM operation: G1CollectForAllocation
Event: 15.355 Executing VM operation: G1CollectForAllocation done
Event: 15.750 Executing VM operation: HandshakeAllThreads
Event: 15.750 Executing VM operation: HandshakeAllThreads done
Event: 15.983 Executing VM operation: G1CollectForAllocation
Event: 15.987 Executing VM operation: G1CollectForAllocation done
Event: 16.106 Executing VM operation: HandshakeAllThreads
Event: 16.107 Executing VM operation: HandshakeAllThreads done

Events (20 events):
Event: 16.094 Thread 0x0000019104863d60 Thread added: 0x0000019104863d60
Event: 16.095 Thread 0x00000191048603a0 Thread added: 0x00000191048603a0
Event: 16.095 Thread 0x0000019104864230 Thread added: 0x0000019104864230
Event: 16.095 Thread 0x0000019104864bd0 Thread added: 0x0000019104864bd0
Event: 16.096 Thread 0x0000019104865570 Thread added: 0x0000019104865570
Event: 16.096 Thread 0x00000191048668b0 Thread added: 0x00000191048668b0
Event: 16.096 Thread 0x000001910485f530 Thread added: 0x000001910485f530
Event: 16.097 Thread 0x0000019104865a40 Thread added: 0x0000019104865a40
Event: 16.097 Thread 0x0000019104865f10 Thread added: 0x0000019104865f10
Event: 16.098 Thread 0x00000191048663e0 Thread added: 0x00000191048663e0
Event: 16.098 Thread 0x000001910485fa00 Thread added: 0x000001910485fa00
Event: 16.112 loading class java/lang/StackTraceElement$HashedModules
Event: 16.112 loading class java/lang/StackTraceElement$HashedModules done
Event: 16.114 loading class java/util/logging/LogRecord
Event: 16.115 loading class java/util/logging/LogRecord done
Event: 16.156 loading class java/util/concurrent/ConcurrentLinkedQueue$Itr
Event: 16.156 loading class java/util/concurrent/ConcurrentLinkedQueue$Itr done
Event: 16.166 Thread 0x000001910151d3a0 Thread exited: 0x000001910151d3a0
Event: 16.170 Thread 0x00000191033a9a20 Thread exited: 0x00000191033a9a20
Event: 16.172 Thread 0x00000191033abbd0 Thread exited: 0x00000191033abbd0


Dynamic libraries:
0x00007ff662a40000 - 0x00007ff662a50000 	C:\Program Files\Java\jdk-17\bin\java.exe
0x00007ffc55bf0000 - 0x00007ffc55de8000 	C:\WINDOWS\SYSTEM32\ntdll.dll
0x00007ffc54c70000 - 0x00007ffc54d2f000 	C:\WINDOWS\System32\KERNEL32.DLL
0x00007ffc53700000 - 0x00007ffc539f6000 	C:\WINDOWS\System32\KERNELBASE.dll
0x00007ffc53600000 - 0x00007ffc53700000 	C:\WINDOWS\System32\ucrtbase.dll
0x00007ffc4ed90000 - 0x00007ffc4eda9000 	C:\Program Files\Java\jdk-17\bin\jli.dll
0x00007ffc4edb0000 - 0x00007ffc4edcb000 	C:\Program Files\Java\jdk-17\bin\VCRUNTIME140.dll
0x00007ffc54960000 - 0x00007ffc54a0f000 	C:\WINDOWS\System32\ADVAPI32.dll
0x00007ffc548c0000 - 0x00007ffc5495e000 	C:\WINDOWS\System32\msvcrt.dll
0x00007ffc55b10000 - 0x00007ffc55bac000 	C:\WINDOWS\System32\sechost.dll
0x00007ffc54a10000 - 0x00007ffc54b36000 	C:\WINDOWS\System32\RPCRT4.dll
0x00007ffc540d0000 - 0x00007ffc5426d000 	C:\WINDOWS\System32\USER32.dll
0x00007ffc3afa0000 - 0x00007ffc3b23a000 	C:\WINDOWS\WinSxS\amd64_microsoft.windows.common-controls_6595b64144ccf1df_6.0.19041.1110_none_60b5254171f9507e\COMCTL32.dll
0x00007ffc53bd0000 - 0x00007ffc53bf2000 	C:\WINDOWS\System32\win32u.dll
0x00007ffc54c00000 - 0x00007ffc54c2c000 	C:\WINDOWS\System32\GDI32.dll
0x00007ffc53a00000 - 0x00007ffc53b15000 	C:\WINDOWS\System32\gdi32full.dll
0x00007ffc53360000 - 0x00007ffc533fd000 	C:\WINDOWS\System32\msvcp_win.dll
0x00007ffc49a00000 - 0x00007ffc49a0a000 	C:\WINDOWS\SYSTEM32\VERSION.dll
0x00007ffc54c30000 - 0x00007ffc54c60000 	C:\WINDOWS\System32\IMM32.DLL
0x00007ffc4ed80000 - 0x00007ffc4ed8c000 	C:\Program Files\Java\jdk-17\bin\vcruntime140_1.dll
0x00007ffc33970000 - 0x00007ffc339fe000 	C:\Program Files\Java\jdk-17\bin\msvcp140.dll
0x00007ffbeb770000 - 0x00007ffbec34d000 	C:\Program Files\Java\jdk-17\bin\server\jvm.dll
0x00007ffc54c60000 - 0x00007ffc54c68000 	C:\WINDOWS\System32\PSAPI.DLL
0x00007ffc4b840000 - 0x00007ffc4b849000 	C:\WINDOWS\SYSTEM32\WSOCK32.dll
0x00007ffc499d0000 - 0x00007ffc499f7000 	C:\WINDOWS\SYSTEM32\WINMM.dll
0x00007ffc54450000 - 0x00007ffc544bb000 	C:\WINDOWS\System32\WS2_32.dll
0x00007ffc51140000 - 0x00007ffc51152000 	C:\WINDOWS\SYSTEM32\kernel.appcore.dll
0x00007ffc47bc0000 - 0x00007ffc47bca000 	C:\Program Files\Java\jdk-17\bin\jimage.dll
0x00007ffc46c50000 - 0x00007ffc46e34000 	C:\WINDOWS\SYSTEM32\DBGHELP.DLL
0x00007ffc46b90000 - 0x00007ffc46bc4000 	C:\WINDOWS\SYSTEM32\dbgcore.DLL
0x00007ffc532d0000 - 0x00007ffc53352000 	C:\WINDOWS\System32\bcryptPrimitives.dll
0x00007ffc47b90000 - 0x00007ffc47bb5000 	C:\Program Files\Java\jdk-17\bin\java.dll
0x00007ffc08f60000 - 0x00007ffc09037000 	C:\Program Files\Java\jdk-17\bin\jsvml.dll
0x00007ffc55280000 - 0x00007ffc559c4000 	C:\WINDOWS\System32\SHELL32.dll
0x00007ffc51340000 - 0x00007ffc51ad4000 	C:\WINDOWS\SYSTEM32\windows.storage.dll
0x00007ffc544c0000 - 0x00007ffc54814000 	C:\WINDOWS\System32\combase.dll
0x00007ffc52b60000 - 0x00007ffc52b8e000 	C:\WINDOWS\SYSTEM32\Wldp.dll
0x00007ffc54270000 - 0x00007ffc5431d000 	C:\WINDOWS\System32\SHCORE.dll
0x00007ffc543f0000 - 0x00007ffc54445000 	C:\WINDOWS\System32\shlwapi.dll
0x00007ffc53200000 - 0x00007ffc53225000 	C:\WINDOWS\SYSTEM32\profapi.dll
0x00007ffc29120000 - 0x00007ffc29139000 	C:\Program Files\Java\jdk-17\bin\net.dll
0x00007ffc4ad50000 - 0x00007ffc4ae5a000 	C:\WINDOWS\SYSTEM32\WINHTTP.dll
0x00007ffc52940000 - 0x00007ffc529aa000 	C:\WINDOWS\system32\mswsock.dll
0x00007ffc08f40000 - 0x00007ffc08f56000 	C:\Program Files\Java\jdk-17\bin\nio.dll
0x00007ffc08f20000 - 0x00007ffc08f38000 	C:\Program Files\Java\jdk-17\bin\zip.dll
0x00007ffc47b80000 - 0x00007ffc47b90000 	C:\Program Files\Java\jdk-17\bin\verify.dll
0x00007ffc367b0000 - 0x00007ffc367d7000 	C:\Users\Admin\.gradle\native\68d5fa5c4cc2d200863cafc0d521ce42e7d3e7ee720ec0a83991735586a16f82\windows-amd64\native-platform.dll
0x00007ffc29510000 - 0x00007ffc29654000 	C:\Users\Admin\.gradle\native\e376f236ea51e6404a007f0833ffe2c6e607c4080706a723a18a27aeea778392\windows-amd64\native-platform-file-events.dll
0x00007ffc4b560000 - 0x00007ffc4b56a000 	C:\Program Files\Java\jdk-17\bin\management.dll
0x00007ffc391b0000 - 0x00007ffc391bb000 	C:\Program Files\Java\jdk-17\bin\management_ext.dll
0x00007ffc52ba0000 - 0x00007ffc52bb8000 	C:\WINDOWS\SYSTEM32\CRYPTSP.dll
0x00007ffc52280000 - 0x00007ffc522b4000 	C:\WINDOWS\system32\rsaenh.dll
0x00007ffc53400000 - 0x00007ffc53427000 	C:\WINDOWS\System32\bcrypt.dll
0x00007ffc531c0000 - 0x00007ffc531ee000 	C:\WINDOWS\SYSTEM32\USERENV.dll
0x00007ffc52ad0000 - 0x00007ffc52adc000 	C:\WINDOWS\SYSTEM32\CRYPTBASE.dll
0x00007ffc52650000 - 0x00007ffc5268c000 	C:\WINDOWS\SYSTEM32\IPHLPAPI.DLL
0x00007ffc548b0000 - 0x00007ffc548b8000 	C:\WINDOWS\System32\NSI.dll
0x00007ffc4c2a0000 - 0x00007ffc4c2b7000 	C:\WINDOWS\SYSTEM32\dhcpcsvc6.DLL
0x00007ffc4c190000 - 0x00007ffc4c1ad000 	C:\WINDOWS\SYSTEM32\dhcpcsvc.DLL
0x00007ffc52690000 - 0x00007ffc5275a000 	C:\WINDOWS\SYSTEM32\DNSAPI.dll
0x00007ffc391a0000 - 0x00007ffc391ad000 	C:\Program Files\Java\jdk-17\bin\sunmscapi.dll
0x00007ffc534a0000 - 0x00007ffc535fe000 	C:\WINDOWS\System32\CRYPT32.dll
0x00007ffc52cb0000 - 0x00007ffc52cd8000 	C:\WINDOWS\SYSTEM32\ncrypt.dll
0x00007ffc52c70000 - 0x00007ffc52cab000 	C:\WINDOWS\SYSTEM32\NTASN1.dll
0x00007ffc367a0000 - 0x00007ffc367a7000 	C:\WINDOWS\system32\wshunix.dll

dbghelp: loaded successfully - version: 4.0.5 - missing functions: none
symbol engine: initialized successfully - sym options: 0x614 - pdb path: .;C:\Program Files\Java\jdk-17\bin;C:\WINDOWS\SYSTEM32;C:\WINDOWS\WinSxS\amd64_microsoft.windows.common-controls_6595b64144ccf1df_6.0.19041.1110_none_60b5254171f9507e;C:\Program Files\Java\jdk-17\bin\server;C:\Users\Admin\.gradle\native\68d5fa5c4cc2d200863cafc0d521ce42e7d3e7ee720ec0a83991735586a16f82\windows-amd64;C:\Users\Admin\.gradle\native\e376f236ea51e6404a007f0833ffe2c6e607c4080706a723a18a27aeea778392\windows-amd64

VM Arguments:
jvm_args: -XX:MaxMetaspaceSize=512m --add-opens=java.base/java.util=ALL-UNNAMED --add-opens=java.base/java.lang=ALL-UNNAMED --add-opens=java.base/java.lang.invoke=ALL-UNNAMED --add-opens=java.prefs/java.util.prefs=ALL-UNNAMED --add-opens=java.base/java.nio.charset=ALL-UNNAMED --add-opens=java.base/java.net=ALL-UNNAMED --add-opens=java.base/java.util.concurrent.atomic=ALL-UNNAMED -Xmx2048m -Dfile.encoding=windows-1252 -Duser.country=IN -Duser.language=en -Duser.variant 
java_command: org.gradle.launcher.daemon.bootstrap.GradleDaemon 8.0.1
java_class_path (initial): C:\Users\Admin\.gradle\wrapper\dists\gradle-8.0.1-all\aro4hu1c3oeioove7l0i4i14o\gradle-8.0.1\lib\gradle-launcher-8.0.1.jar
Launcher Type: SUN_STANDARD

[Global flags]
     intx CICompilerCount                          = 4                                         {product} {ergonomic}
   size_t CompressedClassSpaceSize                 = 432013312                                 {product} {ergonomic}
     uint ConcGCThreads                            = 2                                         {product} {ergonomic}
     uint G1ConcRefinementThreads                  = 8                                         {product} {ergonomic}
   size_t G1HeapRegionSize                         = 1048576                                   {product} {ergonomic}
    uintx GCDrainStackTargetSize                   = 64                                        {product} {ergonomic}
   size_t InitialHeapSize                          = 100663296                                 {product} {ergonomic}
   size_t MarkStackSize                            = 4194304                                   {product} {ergonomic}
   size_t MaxHeapSize                              = 2147483648                                {product} {command line}
   size_t MaxMetaspaceSize                         = 536870912                                 {product} {command line}
   size_t MaxNewSize                               = 1287651328                                {product} {ergonomic}
   size_t MinHeapDeltaBytes                        = 1048576                                   {product} {ergonomic}
   size_t MinHeapSize                              = 8388608                                   {product} {ergonomic}
    uintx NonNMethodCodeHeapSize                   = 5839372                                {pd product} {ergonomic}
    uintx NonProfiledCodeHeapSize                  = 122909434                              {pd product} {ergonomic}
    uintx ProfiledCodeHeapSize                     = 122909434                              {pd product} {ergonomic}
    uintx ReservedCodeCacheSize                    = 251658240                              {pd product} {ergonomic}
     bool SegmentedCodeCache                       = true                                      {product} {ergonomic}
   size_t SoftMaxHeapSize                          = 2147483648                             {manageable} {ergonomic}
     bool UseCompressedClassPointers               = true                           {product lp64_product} {ergonomic}
     bool UseCompressedOops                        = true                           {product lp64_product} {ergonomic}
     bool UseG1GC                                  = true                                      {product} {ergonomic}
     bool UseLargePagesIndividualAllocation        = false                                  {pd product} {ergonomic}

Logging:
Log output configuration:
 #0: stdout all=warning uptime,level,tags
 #1: stderr all=off uptime,level,tags

Environment Variables:
JAVA_HOME=C:\Program Files\Java\jdk-17
CLASSPATH=C:\Users\Admin\Desktop\New folder\Advisory-Application\android\\gradle\wrapper\gradle-wrapper.jar
PATH=C:\Users\Admin\Desktop\New folder\Advisory-Application\node_modules\.bin;C:\Users\Admin\Desktop\New folder\node_modules\.bin;C:\Users\Admin\Desktop\node_modules\.bin;C:\Users\Admin\node_modules\.bin;C:\Users\node_modules\.bin;C:\node_modules\.bin;C:\Users\Admin\AppData\Roaming\npm\node_modules\npm\node_modules\@npmcli\run-script\lib\node-gyp-bin;C:\Program Files\Common Files\Oracle\Java\javapath;C:\WINDOWS\system32;C:\WINDOWS;C:\WINDOWS\System32\Wbem;C:\WINDOWS\System32\WindowsPowerShell\v1.0\;C:\WINDOWS\System32\OpenSSH\;C:\Program Files\Docker\Docker\resources\bin;C:\Program Files\nodejs\;C:\Program Files\Git\cmd;C:\Program Files\MongoDB\Server\6.0\bin;C:\Program Files\MySQL\MySQL Server 8.0\bin;C:\ProgramData\chocolatey\bin;C:\Users\Admin\AppData\Local\Android\Sdk;C:\gradle\bin;C:\Program Files\MySQL\MySQL Shell 8.0\bin\;C:\Users\Admin\AppData\Local\Programs\Python\Python311\Scripts\;C:\Users\Admin\AppData\Local\Programs\Python\Python311\;C:\Users\Admin\AppData\Local\Microsoft\WindowsApps;C:\Users\Admin\AppData\Local\Programs\Microsoft VS Code\bin;C:\Users\Admin\AppData\Roaming\npm;C:\Program Files\MongoDB\Server\6.0\bin;C:\Users\Admin\AppData\Local\Android\Sdk\platform-tools;C:\gradle\bin;;C:\Program Files\JetBrains\IntelliJ IDEA Community Edition 2023.1.4\bin;
USERNAME=Admin
LANG=en_US.UTF-8
OS=Windows_NT
PROCESSOR_IDENTIFIER=AMD64 Family 23 Model 24 Stepping 1, AuthenticAMD



---------------  S Y S T E M  ---------------

OS:
 Windows 10 , 64 bit Build 19041 (10.0.19041.3155)
OS uptime: 0 days 11:54 hours
Hyper-V role detected

CPU: total 8 (initial active 8) (8 cores per cpu, 2 threads per core) family 23 model 24 stepping 1 microcode 0x0, cx8, cmov, fxsr, ht, mmx, 3dnowpref, sse, sse2, sse3, ssse3, sse4a, sse4.1, sse4.2, popcnt, lzcnt, tsc, tscinvbit, avx, avx2, aes, clmul, bmi1, bmi2, adx, sha, fma, vzeroupper, clflush, clflushopt, hv

Memory: 4k page, system-wide physical 6082M (476M free)
TotalPageFile size 24514M (AvailPageFile size 0M)
current process WorkingSet (physical memory assigned to process): 229M, peak: 229M
current process commit charge ("private bytes"): 271M, peak: 271M

vm_info: Java HotSpot(TM) 64-Bit Server VM (17.0.7+8-LTS-224) for windows-amd64 JRE (17.0.7+8-LTS-224), built on Feb 28 2023 23:03:02 by "mach5one" with MS VC++ 17.1 (VS2022)

END.
