#
# There is insufficient memory for the Java Runtime Environment to continue.
# Native memory allocation (mmap) failed to map 105906176 bytes for G1 virtual space
# Possible reasons:
#   The system is out of physical RAM or swap space
#   The process is running with CompressedOops enabled, and the Java Heap may be blocking the growth of the native heap
# Possible solutions:
#   Reduce memory load on the system
#   Increase physical memory or swap space
#   Check if swap backing store is full
#   Decrease Java heap size (-Xmx/-Xms)
#   Decrease number of Java threads
#   Decrease Java thread stack sizes (-Xss)
#   Set larger code cache with -XX:ReservedCodeCacheSize=
#   JVM is running with Unscaled Compressed Oops mode in which the Java heap is
#     placed in the first 4GB address space. The Java Heap base address is the
#     maximum limit for the native heap growth. Please use -XX:HeapBaseMinAddress
#     to set the Java Heap base and to place the Java Heap above 4GB virtual address.
# This output file may be truncated or incomplete.
#
#  Out of Memory Error (os_windows.cpp:3550), pid=5008, tid=16360
#
# JRE version: Java(TM) SE Runtime Environment (17.0.7+8) (build 17.0.7+8-LTS-224)
# Java VM: Java HotSpot(TM) 64-Bit Server VM (17.0.7+8-LTS-224, mixed mode, sharing, tiered, compressed oops, compressed class ptrs, g1 gc, windows-amd64)
# No core dump will be written. Minidumps are not enabled by default on client versions of Windows
#

---------------  S U M M A R Y ------------

Command Line: -XX:MaxMetaspaceSize=512m --add-opens=java.base/java.util=ALL-UNNAMED --add-opens=java.base/java.lang=ALL-UNNAMED --add-opens=java.base/java.lang.invoke=ALL-UNNAMED --add-opens=java.prefs/java.util.prefs=ALL-UNNAMED --add-opens=java.base/java.nio.charset=ALL-UNNAMED --add-opens=java.base/java.net=ALL-UNNAMED --add-opens=java.base/java.util.concurrent.atomic=ALL-UNNAMED -Xmx2048m -Dfile.encoding=windows-1252 -Duser.country=IN -Duser.language=en -Duser.variant org.gradle.launcher.daemon.bootstrap.GradleDaemon 8.0.1

Host: AMD Ryzen 5 3550H with Radeon Vega Mobile Gfx  , 8 cores, 5G,  Windows 10 , 64 bit Build 19041 (10.0.19041.3155)
Time: Sun Jul 23 01:13:20 2023 India Standard Time elapsed time: 17.666286 seconds (0d 0h 0m 17s)

---------------  T H R E A D  ---------------

Current thread (0x000001613db044b0):  VMThread "VM Thread" [stack: 0x000000533a500000,0x000000533a600000] [id=16360]

Stack: [0x000000533a500000,0x000000533a600000]
Native frames: (J=compiled Java code, j=interpreted, Vv=VM code, C=native code)
V  [jvm.dll+0x676a4a]
V  [jvm.dll+0x7d74f4]
V  [jvm.dll+0x7d8c9e]
V  [jvm.dll+0x7d9303]
V  [jvm.dll+0x2452c5]
V  [jvm.dll+0x6738f9]
V  [jvm.dll+0x668232]
V  [jvm.dll+0x302826]
V  [jvm.dll+0x309da6]
V  [jvm.dll+0x35952e]
V  [jvm.dll+0x35975f]
V  [jvm.dll+0x2d9a38]
V  [jvm.dll+0x2d7e45]
V  [jvm.dll+0x2d744c]
V  [jvm.dll+0x31ab1b]
V  [jvm.dll+0x7ddb0b]
V  [jvm.dll+0x7de844]
V  [jvm.dll+0x7ded5d]
V  [jvm.dll+0x7df134]
V  [jvm.dll+0x7df200]
V  [jvm.dll+0x78759a]
V  [jvm.dll+0x675875]
C  [ucrtbase.dll+0x21bb2]
C  [KERNEL32.DLL+0x17614]
C  [ntdll.dll+0x526b1]

VM_Operation (0x000000533c6fda10): G1CollectForAllocation, mode: safepoint, requested by thread 0x000001613fa88960


---------------  P R O C E S S  ---------------

Threads class SMR info:
_java_thread_list=0x0000016142f48c90, length=137, elements={
0x000001611f9348f0, 0x000001613db07eb0, 0x000001613db08c30, 0x000001613db1a720,
0x000001613db1c1f0, 0x000001613db1ccb0, 0x000001613db20ba0, 0x000001613db21840,
0x000001613db2dc10, 0x000001613db52940, 0x000001613e609f70, 0x000001613e614a70,
0x000001613ff2da00, 0x00000161407927b0, 0x000001613fc12020, 0x000001613fb5c130,
0x00000161408854f0, 0x000001613e83d6d0, 0x000001613fcf50d0, 0x000001613fa867b0,
0x000001613fa86c80, 0x000001613fa89300, 0x000001613fa8a170, 0x000001613fa897d0,
0x000001613fa88960, 0x000001613fa87150, 0x000001613fa88e30, 0x000001613fa87620,
0x000001613fa87af0, 0x000001613fa89ca0, 0x000001613fa87fc0, 0x000001613fa88490,
0x0000016142673ad0, 0x00000161426752e0, 0x0000016142673fa0, 0x00000161426757b0,
0x00000161426722c0, 0x0000016142672790, 0x0000016142672c60, 0x0000016142673600,
0x0000016142674940, 0x0000016142674e10, 0x0000016142676150, 0x0000016142676620,
0x0000016142670ab0, 0x0000016142676af0, 0x000001614266f770, 0x000001614266fc40,
0x0000016142670110, 0x0000016142670f80, 0x0000016142671450, 0x000001613f137720,
0x000001613f1333c0, 0x000001613f1363e0, 0x000001613f132ef0, 0x000001613f138a60,
0x000001613f138f30, 0x000001613f137bf0, 0x000001613f139400, 0x000001613f1398d0,
0x000001613f1350a0, 0x000001613f13a270, 0x000001613f139da0, 0x000001613f1368b0,
0x000001613f132a20, 0x000001613f133890, 0x000001613f135f10, 0x000001613f133d60,
0x000001613f134230, 0x000001613f1380c0, 0x000001613f138590, 0x0000016144cfe720,
0x000001613fde7ff0, 0x000001613f134700, 0x000001613f137250, 0x00000161450580c0,
0x0000016145055f10, 0x000001614505ba80, 0x00000161450568b0, 0x0000016145056d80,
0x0000016145058590, 0x0000016145057bf0, 0x0000016145057250, 0x0000016145057720,
0x0000016145058a60, 0x000001614505ac10, 0x0000016145055570, 0x000001614505b5b0,
0x0000016145055a40, 0x00000161450563e0, 0x000001614505bf50, 0x000001614505c420,
0x0000016145058f30, 0x000001614505c8f0, 0x0000016145059da0, 0x0000016145059400,
0x00000161450598d0, 0x000001614505a270, 0x000001614505cdc0, 0x000001614505a740,
0x000001614505b0e0, 0x0000016143c94d10, 0x0000016143c91cf0, 0x0000016143c93ea0,
0x0000016143c93030, 0x0000016143c94370, 0x0000016143c93500, 0x0000016143c94840,
0x0000016143c92b60, 0x00000161440dbe70, 0x00000161440d7b10, 0x00000161440da190,
0x00000161440d5960, 0x00000161440d9cc0, 0x00000161440d7170, 0x00000161440d7640,
0x00000161440d5e30, 0x00000161440d9320, 0x00000161440db000, 0x00000161440dc340,
0x00000161440dc810, 0x00000161440d67d0, 0x00000161440d4fc0, 0x00000161440d6ca0,
0x00000161440d6300, 0x00000161440da660, 0x00000161440d7fe0, 0x00000161440d8980,
0x00000161440d97f0, 0x00000161440d84b0, 0x00000161440db4d0, 0x00000161440dab30,
0x00000161440d8e50, 0x00000161440db9a0, 0x00000161440d5490, 0x00000161434c4a90,
0x00000161434c3c20
}

Java Threads: ( => current thread )
  0x000001611f9348f0 JavaThread "main" [_thread_blocked, id=11980, stack(0x0000005339f00000,0x000000533a000000)]
  0x000001613db07eb0 JavaThread "Reference Handler" daemon [_thread_blocked, id=11964, stack(0x000000533a600000,0x000000533a700000)]
  0x000001613db08c30 JavaThread "Finalizer" daemon [_thread_blocked, id=18668, stack(0x000000533a700000,0x000000533a800000)]
  0x000001613db1a720 JavaThread "Signal Dispatcher" daemon [_thread_blocked, id=9036, stack(0x000000533a800000,0x000000533a900000)]
  0x000001613db1c1f0 JavaThread "Attach Listener" daemon [_thread_blocked, id=14124, stack(0x000000533a900000,0x000000533aa00000)]
  0x000001613db1ccb0 JavaThread "Service Thread" daemon [_thread_blocked, id=10188, stack(0x000000533aa00000,0x000000533ab00000)]
  0x000001613db20ba0 JavaThread "Monitor Deflation Thread" daemon [_thread_blocked, id=6328, stack(0x000000533ab00000,0x000000533ac00000)]
  0x000001613db21840 JavaThread "C2 CompilerThread0" daemon [_thread_blocked, id=18968, stack(0x000000533ac00000,0x000000533ad00000)]
  0x000001613db2dc10 JavaThread "C1 CompilerThread0" daemon [_thread_blocked, id=14280, stack(0x000000533ad00000,0x000000533ae00000)]
  0x000001613db52940 JavaThread "Sweeper thread" daemon [_thread_blocked, id=15548, stack(0x000000533ae00000,0x000000533af00000)]
  0x000001613e609f70 JavaThread "Common-Cleaner" daemon [_thread_blocked, id=7832, stack(0x000000533af00000,0x000000533b000000)]
  0x000001613e614a70 JavaThread "Notification Thread" daemon [_thread_blocked, id=13768, stack(0x000000533b000000,0x000000533b100000)]
  0x000001613ff2da00 JavaThread "Daemon health stats" [_thread_blocked, id=16612, stack(0x000000533b800000,0x000000533b900000)]
  0x00000161407927b0 JavaThread "Incoming local TCP Connector on port 50593" [_thread_in_native, id=2528, stack(0x000000533b900000,0x000000533ba00000)]
  0x000001613fc12020 JavaThread "Daemon periodic checks" [_thread_blocked, id=19308, stack(0x000000533ba00000,0x000000533bb00000)]
  0x000001613fb5c130 JavaThread "Daemon" [_thread_blocked, id=14260, stack(0x000000533bb00000,0x000000533bc00000)]
  0x00000161408854f0 JavaThread "Handler for socket connection from /127.0.0.1:50593 to /127.0.0.1:50594" [_thread_in_native, id=13928, stack(0x000000533bc00000,0x000000533bd00000)]
  0x000001613e83d6d0 JavaThread "Cancel handler" [_thread_blocked, id=19224, stack(0x000000533bd00000,0x000000533be00000)]
  0x000001613fcf50d0 JavaThread "Daemon worker" [_thread_blocked, id=3496, stack(0x000000533be00000,0x000000533bf00000)]
  0x000001613fa867b0 JavaThread "Asynchronous log dispatcher for DefaultDaemonConnection: socket connection from /127.0.0.1:50593 to /127.0.0.1:50594" [_thread_blocked, id=18016, stack(0x000000533bf00000,0x000000533c000000)]
  0x000001613fa86c80 JavaThread "Stdin handler" [_thread_blocked, id=15604, stack(0x000000533c000000,0x000000533c100000)]
  0x000001613fa89300 JavaThread "Daemon client event forwarder" [_thread_blocked, id=12244, stack(0x000000533c100000,0x000000533c200000)]
  0x000001613fa8a170 JavaThread "Cache worker for journal cache (C:\Users\Admin\.gradle\caches\journal-1)" [_thread_blocked, id=18772, stack(0x000000533b300000,0x000000533b400000)]
  0x000001613fa897d0 JavaThread "File lock request listener" [_thread_in_native, id=19032, stack(0x000000533c200000,0x000000533c300000)]
  0x000001613fa88960 JavaThread "Cache worker for file hash cache (C:\Users\Admin\.gradle\caches\8.0.1\fileHashes)" [_thread_blocked, id=5892, stack(0x000000533c600000,0x000000533c700000)]
  0x000001613fa87150 JavaThread "File watcher server" daemon [_thread_in_native, id=13132, stack(0x000000533c800000,0x000000533c900000)]
  0x000001613fa88e30 JavaThread "File watcher consumer" daemon [_thread_blocked, id=796, stack(0x000000533c900000,0x000000533ca00000)]
  0x000001613fa87620 JavaThread "Cache worker for checksums cache (C:\Users\Admin\Desktop\New folder\Advisory-Application\android\.gradle\8.0.1\checksums)" [_thread_blocked, id=2980, stack(0x000000533ca00000,0x000000533cb00000)]
  0x000001613fa87af0 JavaThread "Cache worker for cache directory md-rule (C:\Users\Admin\.gradle\caches\8.0.1\md-rule)" [_thread_blocked, id=4304, stack(0x000000533cb00000,0x000000533cc00000)]
  0x000001613fa89ca0 JavaThread "Cache worker for file content cache (C:\Users\Admin\.gradle\caches\8.0.1\fileContent)" [_thread_blocked, id=15344, stack(0x000000533cc00000,0x000000533cd00000)]
  0x000001613fa87fc0 JavaThread "Cache worker for file hash cache (C:\Users\Admin\Desktop\New folder\Advisory-Application\android\.gradle\8.0.1\fileHashes)" [_thread_blocked, id=2848, stack(0x000000533cd00000,0x000000533ce00000)]
  0x000001613fa88490 JavaThread "Cache worker for cache directory md-supplier (C:\Users\Admin\.gradle\caches\8.0.1\md-supplier)" [_thread_blocked, id=16744, stack(0x000000533ce00000,0x000000533cf00000)]
  0x0000016142673ad0 JavaThread "Cache worker for execution history cache (C:\Users\Admin\.gradle\caches\8.0.1\executionHistory)" [_thread_blocked, id=14000, stack(0x000000533c700000,0x000000533c800000)]
  0x00000161426752e0 JavaThread "jar transforms" [_thread_blocked, id=12200, stack(0x000000533d100000,0x000000533d200000)]
  0x0000016142673fa0 JavaThread "jar transforms Thread 2" [_thread_blocked, id=15988, stack(0x000000533d200000,0x000000533d300000)]
  0x00000161426757b0 JavaThread "jar transforms Thread 3" [_thread_blocked, id=14928, stack(0x000000533d300000,0x000000533d400000)]
  0x00000161426722c0 JavaThread "jar transforms Thread 4" [_thread_blocked, id=12832, stack(0x000000533d400000,0x000000533d500000)]
  0x0000016142672790 JavaThread "Cache worker for kotlin-dsl (C:\Users\Admin\.gradle\caches\8.0.1\kotlin-dsl)" [_thread_blocked, id=19228, stack(0x000000533d000000,0x000000533d100000)]
  0x0000016142672c60 JavaThread "jar transforms Thread 5" [_thread_blocked, id=11124, stack(0x000000533d600000,0x000000533d700000)]
  0x0000016142673600 JavaThread "jar transforms Thread 6" [_thread_blocked, id=12064, stack(0x000000533d700000,0x000000533d800000)]
  0x0000016142674940 JavaThread "Cache worker for dependencies-accessors (C:\Users\Admin\Desktop\New folder\Advisory-Application\android\.gradle\8.0.1\dependencies-accessors)" [_thread_blocked, id=2184, stack(0x000000533d800000,0x000000533d900000)]
  0x0000016142674e10 JavaThread "Cache worker for Build Output Cleanup Cache (C:\Users\Admin\Desktop\New folder\Advisory-Application\node_modules\@react-native\gradle-plugin\.gradle\buildOutputCleanup)" [_thread_blocked, id=11280, stack(0x000000533d900000,0x000000533da00000)]
  0x0000016142676150 JavaThread "jar transforms Thread 7" [_thread_blocked, id=12312, stack(0x000000533da00000,0x000000533db00000)]
  0x0000016142676620 JavaThread "Unconstrained build operations" [_thread_blocked, id=12264, stack(0x000000533cf00000,0x000000533d000000)]
  0x0000016142670ab0 JavaThread "Unconstrained build operations Thread 2" [_thread_blocked, id=13896, stack(0x000000533d500000,0x000000533d600000)]
  0x0000016142676af0 JavaThread "Unconstrained build operations Thread 3" [_thread_blocked, id=19336, stack(0x000000533db00000,0x000000533dc00000)]
  0x000001614266f770 JavaThread "Unconstrained build operations Thread 4" [_thread_blocked, id=12624, stack(0x000000533dc00000,0x000000533dd00000)]
  0x000001614266fc40 JavaThread "Unconstrained build operations Thread 5" [_thread_blocked, id=16604, stack(0x000000533dd00000,0x000000533de00000)]
  0x0000016142670110 JavaThread "Unconstrained build operations Thread 6" [_thread_blocked, id=10916, stack(0x000000533de00000,0x000000533df00000)]
  0x0000016142670f80 JavaThread "Unconstrained build operations Thread 7" [_thread_blocked, id=7756, stack(0x000000533df00000,0x000000533e000000)]
  0x0000016142671450 JavaThread "Unconstrained build operations Thread 8" [_thread_blocked, id=17312, stack(0x000000533e000000,0x000000533e100000)]
  0x000001613f137720 JavaThread "Unconstrained build operations Thread 9" [_thread_blocked, id=18944, stack(0x000000533e100000,0x000000533e200000)]
  0x000001613f1333c0 JavaThread "Unconstrained build operations Thread 10" [_thread_blocked, id=11924, stack(0x000000533e200000,0x000000533e300000)]
  0x000001613f1363e0 JavaThread "Unconstrained build operations Thread 11" [_thread_blocked, id=15924, stack(0x000000533e300000,0x000000533e400000)]
  0x000001613f132ef0 JavaThread "Unconstrained build operations Thread 12" [_thread_blocked, id=6728, stack(0x000000533e400000,0x000000533e500000)]
  0x000001613f138a60 JavaThread "Unconstrained build operations Thread 13" [_thread_blocked, id=2740, stack(0x000000533e500000,0x000000533e600000)]
  0x000001613f138f30 JavaThread "Unconstrained build operations Thread 14" [_thread_blocked, id=16852, stack(0x000000533e600000,0x000000533e700000)]
  0x000001613f137bf0 JavaThread "Unconstrained build operations Thread 15" [_thread_blocked, id=8720, stack(0x000000533e700000,0x000000533e800000)]
  0x000001613f139400 JavaThread "Unconstrained build operations Thread 16" [_thread_blocked, id=7676, stack(0x000000533e800000,0x000000533e900000)]
  0x000001613f1398d0 JavaThread "Unconstrained build operations Thread 17" [_thread_blocked, id=19436, stack(0x000000533e900000,0x000000533ea00000)]
  0x000001613f1350a0 JavaThread "Unconstrained build operations Thread 18" [_thread_blocked, id=12544, stack(0x000000533ea00000,0x000000533eb00000)]
  0x000001613f13a270 JavaThread "Unconstrained build operations Thread 19" [_thread_blocked, id=1792, stack(0x000000533eb00000,0x000000533ec00000)]
  0x000001613f139da0 JavaThread "Unconstrained build operations Thread 20" [_thread_blocked, id=17308, stack(0x000000533ec00000,0x000000533ed00000)]
  0x000001613f1368b0 JavaThread "Unconstrained build operations Thread 21" [_thread_blocked, id=6592, stack(0x000000533ed00000,0x000000533ee00000)]
  0x000001613f132a20 JavaThread "Unconstrained build operations Thread 22" [_thread_blocked, id=14812, stack(0x000000533ee00000,0x000000533ef00000)]
  0x000001613f133890 JavaThread "Unconstrained build operations Thread 23" [_thread_blocked, id=16756, stack(0x000000533ef00000,0x000000533f000000)]
  0x000001613f135f10 JavaThread "Unconstrained build operations Thread 24" [_thread_blocked, id=19432, stack(0x000000533f000000,0x000000533f100000)]
  0x000001613f133d60 JavaThread "Unconstrained build operations Thread 25" [_thread_blocked, id=3536, stack(0x000000533f100000,0x000000533f200000)]
  0x000001613f134230 JavaThread "Unconstrained build operations Thread 26" [_thread_blocked, id=15376, stack(0x000000533f200000,0x000000533f300000)]
  0x000001613f1380c0 JavaThread "jar transforms Thread 8" [_thread_blocked, id=15864, stack(0x000000533f300000,0x000000533f400000)]
  0x000001613f138590 JavaThread "Memory manager" [_thread_blocked, id=4960, stack(0x000000533f500000,0x000000533f600000)]
  0x0000016144cfe720 JavaThread "C2 CompilerThread1" daemon [_thread_blocked, id=9052, stack(0x000000533f400000,0x000000533f500000)]
  0x000001613fde7ff0 JavaThread "C2 CompilerThread2" daemon [_thread_blocked, id=17532, stack(0x000000533f600000,0x000000533f700000)]
  0x000001613f134700 JavaThread "Cache worker for Build Output Cleanup Cache (C:\Users\Admin\Desktop\New folder\Advisory-Application\android\.gradle\buildOutputCleanup)" [_thread_blocked, id=19312, stack(0x000000533f700000,0x000000533f800000)]
  0x000001613f137250 JavaThread "included builds" [_thread_blocked, id=10708, stack(0x000000533f800000,0x000000533f900000)]
  0x00000161450580c0 JavaThread "Execution worker" [_thread_blocked, id=17700, stack(0x000000533f900000,0x000000533fa00000)]
  0x0000016145055f10 JavaThread "Execution worker Thread 2" [_thread_blocked, id=3788, stack(0x000000533fa00000,0x000000533fb00000)]
  0x000001614505ba80 JavaThread "Execution worker Thread 3" [_thread_blocked, id=14328, stack(0x000000533fb00000,0x000000533fc00000)]
  0x00000161450568b0 JavaThread "Execution worker Thread 4" [_thread_blocked, id=17104, stack(0x000000533fc00000,0x000000533fd00000)]
  0x0000016145056d80 JavaThread "Execution worker Thread 5" [_thread_blocked, id=17744, stack(0x000000533fd00000,0x000000533fe00000)]
  0x0000016145058590 JavaThread "Execution worker Thread 6" [_thread_blocked, id=2616, stack(0x000000533fe00000,0x000000533ff00000)]
  0x0000016145057bf0 JavaThread "Execution worker Thread 7" [_thread_blocked, id=11732, stack(0x000000533ff00000,0x0000005340000000)]
  0x0000016145057250 JavaThread "Cache worker for execution history cache (C:\Users\Admin\Desktop\New folder\Advisory-Application\node_modules\@react-native\gradle-plugin\.gradle\8.0.1\executionHistory)" [_thread_blocked, id=13324, stack(0x0000005340000000,0x0000005340100000)]
  0x0000016145057720 JavaThread "Unconstrained build operations Thread 27" [_thread_blocked, id=3744, stack(0x0000005340100000,0x0000005340200000)]
  0x0000016145058a60 JavaThread "Unconstrained build operations Thread 28" [_thread_blocked, id=14808, stack(0x0000005340200000,0x0000005340300000)]
  0x000001614505ac10 JavaThread "Unconstrained build operations Thread 29" [_thread_blocked, id=12028, stack(0x0000005340300000,0x0000005340400000)]
  0x0000016145055570 JavaThread "Unconstrained build operations Thread 30" [_thread_blocked, id=17444, stack(0x0000005340400000,0x0000005340500000)]
  0x000001614505b5b0 JavaThread "Unconstrained build operations Thread 31" [_thread_blocked, id=1564, stack(0x0000005340500000,0x0000005340600000)]
  0x0000016145055a40 JavaThread "Unconstrained build operations Thread 32" [_thread_blocked, id=18648, stack(0x0000005340600000,0x0000005340700000)]
  0x00000161450563e0 JavaThread "Unconstrained build operations Thread 33" [_thread_blocked, id=10492, stack(0x0000005340700000,0x0000005340800000)]
  0x000001614505bf50 JavaThread "Unconstrained build operations Thread 34" [_thread_blocked, id=14744, stack(0x0000005340800000,0x0000005340900000)]
  0x000001614505c420 JavaThread "Unconstrained build operations Thread 35" [_thread_blocked, id=13940, stack(0x0000005340900000,0x0000005340a00000)]
  0x0000016145058f30 JavaThread "Unconstrained build operations Thread 36" [_thread_blocked, id=18548, stack(0x0000005340a00000,0x0000005340b00000)]
  0x000001614505c8f0 JavaThread "Unconstrained build operations Thread 37" [_thread_blocked, id=8964, stack(0x0000005340b00000,0x0000005340c00000)]
  0x0000016145059da0 JavaThread "Unconstrained build operations Thread 38" [_thread_blocked, id=10364, stack(0x0000005340c00000,0x0000005340d00000)]
  0x0000016145059400 JavaThread "Unconstrained build operations Thread 39" [_thread_blocked, id=18764, stack(0x0000005340d00000,0x0000005340e00000)]
  0x00000161450598d0 JavaThread "Unconstrained build operations Thread 40" [_thread_blocked, id=15228, stack(0x0000005340e00000,0x0000005340f00000)]
  0x000001614505a270 JavaThread "Unconstrained build operations Thread 41" [_thread_blocked, id=18240, stack(0x0000005340f00000,0x0000005341000000)]
  0x000001614505cdc0 JavaThread "Unconstrained build operations Thread 42" [_thread_blocked, id=6060, stack(0x0000005341000000,0x0000005341100000)]
  0x000001614505a740 JavaThread "Unconstrained build operations Thread 43" [_thread_blocked, id=7760, stack(0x0000005341100000,0x0000005341200000)]
  0x000001614505b0e0 JavaThread "Unconstrained build operations Thread 44" [_thread_blocked, id=5852, stack(0x0000005341200000,0x0000005341300000)]
  0x0000016143c94d10 JavaThread "Unconstrained build operations Thread 45" [_thread_blocked, id=2732, stack(0x0000005341300000,0x0000005341400000)]
  0x0000016143c91cf0 JavaThread "Unconstrained build operations Thread 46" [_thread_blocked, id=3372, stack(0x0000005341400000,0x0000005341500000)]
  0x0000016143c93ea0 JavaThread "Unconstrained build operations Thread 47" [_thread_blocked, id=8832, stack(0x0000005341500000,0x0000005341600000)]
  0x0000016143c93030 JavaThread "Unconstrained build operations Thread 48" [_thread_blocked, id=14696, stack(0x0000005341600000,0x0000005341700000)]
  0x0000016143c94370 JavaThread "Unconstrained build operations Thread 49" [_thread_blocked, id=16724, stack(0x0000005341700000,0x0000005341800000)]
  0x0000016143c93500 JavaThread "Unconstrained build operations Thread 50" [_thread_blocked, id=14268, stack(0x0000005341800000,0x0000005341900000)]
  0x0000016143c94840 JavaThread "Unconstrained build operations Thread 51" [_thread_blocked, id=15568, stack(0x0000005341900000,0x0000005341a00000)]
  0x0000016143c92b60 JavaThread "Unconstrained build operations Thread 52" [_thread_blocked, id=3576, stack(0x0000005341a00000,0x0000005341b00000)]
  0x00000161440dbe70 JavaThread "Unconstrained build operations Thread 53" [_thread_blocked, id=17976, stack(0x0000005341b00000,0x0000005341c00000)]
  0x00000161440d7b10 JavaThread "Unconstrained build operations Thread 54" [_thread_blocked, id=15920, stack(0x0000005341c00000,0x0000005341d00000)]
  0x00000161440da190 JavaThread "Unconstrained build operations Thread 55" [_thread_blocked, id=15616, stack(0x0000005341d00000,0x0000005341e00000)]
  0x00000161440d5960 JavaThread "Unconstrained build operations Thread 56" [_thread_blocked, id=15016, stack(0x0000005341e00000,0x0000005341f00000)]
  0x00000161440d9cc0 JavaThread "Unconstrained build operations Thread 57" [_thread_blocked, id=18088, stack(0x0000005341f00000,0x0000005342000000)]
  0x00000161440d7170 JavaThread "Unconstrained build operations Thread 58" [_thread_blocked, id=7808, stack(0x0000005342000000,0x0000005342100000)]
  0x00000161440d7640 JavaThread "Unconstrained build operations Thread 59" [_thread_blocked, id=14992, stack(0x0000005342100000,0x0000005342200000)]
  0x00000161440d5e30 JavaThread "Unconstrained build operations Thread 60" [_thread_blocked, id=18508, stack(0x0000005342200000,0x0000005342300000)]
  0x00000161440d9320 JavaThread "Unconstrained build operations Thread 61" [_thread_blocked, id=12464, stack(0x0000005342300000,0x0000005342400000)]
  0x00000161440db000 JavaThread "Unconstrained build operations Thread 62" [_thread_blocked, id=18632, stack(0x0000005342400000,0x0000005342500000)]
  0x00000161440dc340 JavaThread "Unconstrained build operations Thread 63" [_thread_blocked, id=14164, stack(0x0000005342500000,0x0000005342600000)]
  0x00000161440dc810 JavaThread "Unconstrained build operations Thread 64" [_thread_blocked, id=92, stack(0x0000005342600000,0x0000005342700000)]
  0x00000161440d67d0 JavaThread "Unconstrained build operations Thread 65" [_thread_blocked, id=8420, stack(0x0000005342700000,0x0000005342800000)]
  0x00000161440d4fc0 JavaThread "Unconstrained build operations Thread 66" [_thread_blocked, id=16876, stack(0x0000005342800000,0x0000005342900000)]
  0x00000161440d6ca0 JavaThread "Unconstrained build operations Thread 67" [_thread_blocked, id=8908, stack(0x0000005342900000,0x0000005342a00000)]
  0x00000161440d6300 JavaThread "Unconstrained build operations Thread 68" [_thread_blocked, id=3384, stack(0x0000005342a00000,0x0000005342b00000)]
  0x00000161440da660 JavaThread "Unconstrained build operations Thread 69" [_thread_blocked, id=12796, stack(0x0000005342b00000,0x0000005342c00000)]
  0x00000161440d7fe0 JavaThread "Unconstrained build operations Thread 70" [_thread_blocked, id=6980, stack(0x0000005342c00000,0x0000005342d00000)]
  0x00000161440d8980 JavaThread "Unconstrained build operations Thread 71" [_thread_blocked, id=11236, stack(0x0000005342d00000,0x0000005342e00000)]
  0x00000161440d97f0 JavaThread "Unconstrained build operations Thread 72" [_thread_blocked, id=17832, stack(0x0000005342e00000,0x0000005342f00000)]
  0x00000161440d84b0 JavaThread "Unconstrained build operations Thread 73" [_thread_blocked, id=5448, stack(0x0000005342f00000,0x0000005343000000)]
  0x00000161440db4d0 JavaThread "Unconstrained build operations Thread 74" [_thread_blocked, id=18868, stack(0x0000005343000000,0x0000005343100000)]
  0x00000161440dab30 JavaThread "Unconstrained build operations Thread 75" [_thread_blocked, id=13076, stack(0x0000005343100000,0x0000005343200000)]
  0x00000161440d8e50 JavaThread "Unconstrained build operations Thread 76" [_thread_blocked, id=6764, stack(0x0000005343200000,0x0000005343300000)]
  0x00000161440db9a0 JavaThread "Unconstrained build operations Thread 77" [_thread_blocked, id=10316, stack(0x0000005343300000,0x0000005343400000)]
  0x00000161440d5490 JavaThread "Unconstrained build operations Thread 78" [_thread_blocked, id=11112, stack(0x0000005343400000,0x0000005343500000)]
  0x00000161434c4a90 JavaThread "Unconstrained build operations Thread 79" [_thread_blocked, id=16108, stack(0x0000005343500000,0x0000005343600000)]
  0x00000161434c3c20 JavaThread "Unconstrained build operations Thread 80" [_thread_blocked, id=6024, stack(0x0000005343600000,0x0000005343700000)]

Other Threads:
=>0x000001613db044b0 VMThread "VM Thread" [stack: 0x000000533a500000,0x000000533a600000] [id=16360]
  0x000001611f9a7a80 WatcherThread [stack: 0x000000533b100000,0x000000533b200000] [id=2144]
  0x000001611f98fde0 GCTaskThread "GC Thread#0" [stack: 0x000000533a000000,0x000000533a100000] [id=10256]
  0x000001613f2f7c80 GCTaskThread "GC Thread#1" [stack: 0x000000533b400000,0x000000533b500000] [id=15896]
  0x000001613eebab50 GCTaskThread "GC Thread#2" [stack: 0x000000533b500000,0x000000533b600000] [id=464]
  0x000001613ed19280 GCTaskThread "GC Thread#3" [stack: 0x000000533b600000,0x000000533b700000] [id=18816]
  0x000001613f729ba0 GCTaskThread "GC Thread#4" [stack: 0x000000533b700000,0x000000533b800000] [id=13180]
  0x000001613fc10bc0 GCTaskThread "GC Thread#5" [stack: 0x000000533c300000,0x000000533c400000] [id=7688]
  0x0000016140b64420 GCTaskThread "GC Thread#6" [stack: 0x000000533c400000,0x000000533c500000] [id=16776]
  0x00000161404a7e40 GCTaskThread "GC Thread#7" [stack: 0x000000533c500000,0x000000533c600000] [id=10624]
  0x000001611f9a0c30 ConcurrentGCThread "G1 Main Marker" [stack: 0x000000533a100000,0x000000533a200000] [id=16252]
  0x000001611f9a1550 ConcurrentGCThread "G1 Conc#0" [stack: 0x000000533a200000,0x000000533a300000] [id=1332]
  0x0000016140cde7f0 ConcurrentGCThread "G1 Conc#1" [stack: 0x000000533b200000,0x000000533b300000] [id=14620]
  0x000001611fa0e950 ConcurrentGCThread "G1 Refine#0" [stack: 0x000000533a300000,0x000000533a400000] [id=14224]
  0x000001613d9bc500 ConcurrentGCThread "G1 Service" [stack: 0x000000533a400000,0x000000533a500000] [id=15632]

Threads with active compile tasks:
C2 CompilerThread1    17698 8334       4       org.gradle.cache.internal.btree.CachingBlockStore::read (56 bytes)
C2 CompilerThread2    17698 8336       4       org.gradle.cache.internal.btree.FreeListBlockStore::read (12 bytes)

VM state: at safepoint (normal execution)

VM Mutex/Monitor currently owned by a thread:  ([mutex/lock_event])
[0x000001611f9317a0] Threads_lock - owner thread: 0x000001613db044b0
[0x000001611f930900] Heap_lock - owner thread: 0x000001613fa88960

Heap address: 0x0000000080000000, size: 2048 MB, Compressed Oops mode: 32-bit

CDS archive(s) mapped at: [0x0000000800000000-0x0000000800bd0000-0x0000000800bd0000), size 12386304, SharedBaseAddress: 0x0000000800000000, ArchiveRelocationMode: 0.
Compressed class space mapped at: 0x0000000800c00000-0x000000081a800000, reserved size: 432013312
Narrow klass base: 0x0000000800000000, Narrow klass shift: 0, Narrow klass range: 0x100000000

GC Precious Log:
 CPUs: 8 total, 8 available
 Memory: 6082M
 Large Page Support: Disabled
 NUMA Support: Disabled
 Compressed Oops: Enabled (32-bit)
 Heap Region Size: 1M
 Heap Min Capacity: 8M
 Heap Initial Capacity: 96M
 Heap Max Capacity: 2G
 Pre-touch: Disabled
 Parallel Workers: 8
 Concurrent Workers: 2
 Concurrent Refinement Workers: 8
 Periodic GC: Disabled

Heap:
 garbage-first heap   total 103424K, used 61331K [0x0000000080000000, 0x0000000100000000)
  region size 1024K, 3 young (3072K), 3 survivors (3072K)
 Metaspace       used 62081K, committed 62720K, reserved 479232K
  class space    used 8672K, committed 8960K, reserved 421888K

Heap Regions: E=young(eden), S=young(survivor), O=old, HS=humongous(starts), HC=humongous(continues), CS=collection set, F=free, OA=open archive, CA=closed archive, TAMS=top-at-mark-start (previous, next)
|   0|0x0000000080000000, 0x0000000080100000, 0x0000000080100000|100%|HS|  |TAMS 0x0000000080100000, 0x0000000080100000| Complete 
|   1|0x0000000080100000, 0x0000000080200000, 0x0000000080200000|100%|HC|  |TAMS 0x0000000080200000, 0x0000000080200000| Complete 
|   2|0x0000000080200000, 0x0000000080300000, 0x0000000080300000|100%|HC|  |TAMS 0x0000000080300000, 0x0000000080300000| Complete 
|   3|0x0000000080300000, 0x0000000080400000, 0x0000000080400000|100%|HC|  |TAMS 0x0000000080400000, 0x0000000080400000| Complete 
|   4|0x0000000080400000, 0x0000000080500000, 0x0000000080500000|100%| O|  |TAMS 0x0000000080500000, 0x0000000080500000| Untracked 
|   5|0x0000000080500000, 0x0000000080600000, 0x0000000080600000|100%| O|  |TAMS 0x0000000080600000, 0x0000000080600000| Untracked 
|   6|0x0000000080600000, 0x0000000080700000, 0x0000000080700000|100%| O|  |TAMS 0x0000000080700000, 0x0000000080700000| Untracked 
|   7|0x0000000080700000, 0x0000000080800000, 0x0000000080800000|100%| O|  |TAMS 0x0000000080800000, 0x0000000080800000| Untracked 
|   8|0x0000000080800000, 0x0000000080900000, 0x0000000080900000|100%| O|  |TAMS 0x0000000080900000, 0x0000000080900000| Untracked 
|   9|0x0000000080900000, 0x0000000080a00000, 0x0000000080a00000|100%| O|  |TAMS 0x0000000080a00000, 0x0000000080a00000| Untracked 
|  10|0x0000000080a00000, 0x0000000080b00000, 0x0000000080b00000|100%| O|  |TAMS 0x0000000080b00000, 0x0000000080b00000| Untracked 
|  11|0x0000000080b00000, 0x0000000080c00000, 0x0000000080c00000|100%| O|  |TAMS 0x0000000080c00000, 0x0000000080c00000| Untracked 
|  12|0x0000000080c00000, 0x0000000080d00000, 0x0000000080d00000|100%| O|  |TAMS 0x0000000080d00000, 0x0000000080d00000| Untracked 
|  13|0x0000000080d00000, 0x0000000080e00000, 0x0000000080e00000|100%| O|  |TAMS 0x0000000080e00000, 0x0000000080e00000| Untracked 
|  14|0x0000000080e00000, 0x0000000080f00000, 0x0000000080f00000|100%| O|  |TAMS 0x0000000080f00000, 0x0000000080f00000| Untracked 
|  15|0x0000000080f00000, 0x0000000081000000, 0x0000000081000000|100%| O|  |TAMS 0x0000000081000000, 0x0000000081000000| Untracked 
|  16|0x0000000081000000, 0x0000000081100000, 0x0000000081100000|100%| O|  |TAMS 0x0000000081100000, 0x0000000081100000| Untracked 
|  17|0x0000000081100000, 0x0000000081200000, 0x0000000081200000|100%| O|  |TAMS 0x0000000081200000, 0x0000000081200000| Untracked 
|  18|0x0000000081200000, 0x0000000081300000, 0x0000000081300000|100%| O|  |TAMS 0x0000000081300000, 0x0000000081300000| Untracked 
|  19|0x0000000081300000, 0x0000000081400000, 0x0000000081400000|100%| O|  |TAMS 0x0000000081400000, 0x0000000081400000| Untracked 
|  20|0x0000000081400000, 0x0000000081500000, 0x0000000081500000|100%| O|  |TAMS 0x0000000081500000, 0x0000000081500000| Untracked 
|  21|0x0000000081500000, 0x0000000081600000, 0x0000000081600000|100%| O|  |TAMS 0x0000000081500000, 0x0000000081600000| Untracked 
|  22|0x0000000081600000, 0x0000000081700000, 0x0000000081700000|100%| O|  |TAMS 0x0000000081700000, 0x0000000081700000| Untracked 
|  23|0x0000000081700000, 0x0000000081800000, 0x0000000081800000|100%| O|  |TAMS 0x0000000081800000, 0x0000000081800000| Untracked 
|  24|0x0000000081800000, 0x0000000081900000, 0x0000000081900000|100%| O|  |TAMS 0x0000000081900000, 0x0000000081900000| Untracked 
|  25|0x0000000081900000, 0x0000000081a00000, 0x0000000081a00000|100%| O|  |TAMS 0x0000000081a00000, 0x0000000081a00000| Untracked 
|  26|0x0000000081a00000, 0x0000000081b00000, 0x0000000081b00000|100%| O|  |TAMS 0x0000000081b00000, 0x0000000081b00000| Untracked 
|  27|0x0000000081b00000, 0x0000000081c00000, 0x0000000081c00000|100%| O|  |TAMS 0x0000000081c00000, 0x0000000081c00000| Untracked 
|  28|0x0000000081c00000, 0x0000000081d00000, 0x0000000081d00000|100%| O|  |TAMS 0x0000000081d00000, 0x0000000081d00000| Untracked 
|  29|0x0000000081d00000, 0x0000000081e00000, 0x0000000081e00000|100%| O|  |TAMS 0x0000000081e00000, 0x0000000081e00000| Untracked 
|  30|0x0000000081e00000, 0x0000000081f00000, 0x0000000081f00000|100%| O|  |TAMS 0x0000000081f00000, 0x0000000081f00000| Untracked 
|  31|0x0000000081f00000, 0x0000000082000000, 0x0000000082000000|100%| O|  |TAMS 0x0000000082000000, 0x0000000082000000| Untracked 
|  32|0x0000000082000000, 0x0000000082100000, 0x0000000082100000|100%|HS|  |TAMS 0x0000000082100000, 0x0000000082100000| Complete 
|  33|0x0000000082100000, 0x0000000082200000, 0x0000000082200000|100%|HC|  |TAMS 0x0000000082200000, 0x0000000082200000| Complete 
|  34|0x0000000082200000, 0x0000000082300000, 0x0000000082300000|100%| O|  |TAMS 0x0000000082300000, 0x0000000082300000| Untracked 
|  35|0x0000000082300000, 0x0000000082400000, 0x0000000082400000|100%| O|  |TAMS 0x0000000082400000, 0x0000000082400000| Untracked 
|  36|0x0000000082400000, 0x0000000082500000, 0x0000000082500000|100%| O|  |TAMS 0x0000000082500000, 0x0000000082500000| Untracked 
|  37|0x0000000082500000, 0x0000000082600000, 0x0000000082600000|100%| O|  |TAMS 0x0000000082600000, 0x0000000082600000| Untracked 
|  38|0x0000000082600000, 0x0000000082700000, 0x0000000082700000|100%| O|  |TAMS 0x0000000082700000, 0x0000000082700000| Untracked 
|  39|0x0000000082700000, 0x0000000082800000, 0x0000000082800000|100%|HS|  |TAMS 0x0000000082800000, 0x0000000082800000| Complete 
|  40|0x0000000082800000, 0x0000000082900000, 0x0000000082900000|100%|HC|  |TAMS 0x0000000082900000, 0x0000000082900000| Complete 
|  41|0x0000000082900000, 0x0000000082a00000, 0x0000000082a00000|100%|HC|  |TAMS 0x0000000082a00000, 0x0000000082a00000| Complete 
|  42|0x0000000082a00000, 0x0000000082b00000, 0x0000000082b00000|100%|HC|  |TAMS 0x0000000082b00000, 0x0000000082b00000| Complete 
|  43|0x0000000082b00000, 0x0000000082c00000, 0x0000000082c00000|100%| O|  |TAMS 0x0000000082c00000, 0x0000000082c00000| Untracked 
|  44|0x0000000082c00000, 0x0000000082d00000, 0x0000000082d00000|100%| O|  |TAMS 0x0000000082d00000, 0x0000000082d00000| Untracked 
|  45|0x0000000082d00000, 0x0000000082e00000, 0x0000000082e00000|100%| O|  |TAMS 0x0000000082e00000, 0x0000000082e00000| Untracked 
|  46|0x0000000082e00000, 0x0000000082f00000, 0x0000000082f00000|100%| O|  |TAMS 0x0000000082f00000, 0x0000000082f00000| Untracked 
|  47|0x0000000082f00000, 0x0000000083000000, 0x0000000083000000|100%| O|  |TAMS 0x0000000083000000, 0x0000000083000000| Untracked 
|  48|0x0000000083000000, 0x0000000083100000, 0x0000000083100000|100%| O|  |TAMS 0x0000000083100000, 0x0000000083100000| Untracked 
|  49|0x0000000083100000, 0x0000000083200000, 0x0000000083200000|100%| O|  |TAMS 0x0000000083200000, 0x0000000083200000| Untracked 
|  50|0x0000000083200000, 0x0000000083300000, 0x0000000083300000|100%| O|  |TAMS 0x0000000083300000, 0x0000000083300000| Untracked 
|  51|0x0000000083300000, 0x0000000083400000, 0x0000000083400000|100%| O|  |TAMS 0x0000000083400000, 0x0000000083400000| Untracked 
|  52|0x0000000083400000, 0x0000000083500000, 0x0000000083500000|100%| O|  |TAMS 0x00000000834b2c00, 0x0000000083500000| Untracked 
|  53|0x0000000083500000, 0x0000000083600000, 0x0000000083600000|100%| O|  |TAMS 0x0000000083500000, 0x0000000083600000| Untracked 
|  54|0x0000000083600000, 0x0000000083700000, 0x0000000083700000|100%| O|  |TAMS 0x0000000083600000, 0x000000008368cc00| Untracked 
|  55|0x0000000083700000, 0x0000000083800000, 0x0000000083800000|100%| O|  |TAMS 0x0000000083700000, 0x0000000083700000| Untracked 
|  56|0x0000000083800000, 0x0000000083900000, 0x0000000083900000|100%| O|  |TAMS 0x0000000083800000, 0x0000000083800000| Untracked 
|  57|0x0000000083900000, 0x000000008399f200, 0x0000000083a00000| 62%| O|  |TAMS 0x0000000083900000, 0x0000000083900000| Untracked 
|  58|0x0000000083a00000, 0x0000000083a00000, 0x0000000083b00000|  0%| F|  |TAMS 0x0000000083a00000, 0x0000000083a00000| Untracked 
|  59|0x0000000083b00000, 0x0000000083b00000, 0x0000000083c00000|  0%| F|  |TAMS 0x0000000083b00000, 0x0000000083b00000| Untracked 
|  60|0x0000000083c00000, 0x0000000083c00000, 0x0000000083d00000|  0%| F|  |TAMS 0x0000000083c00000, 0x0000000083c00000| Untracked 
|  61|0x0000000083d00000, 0x0000000083d00000, 0x0000000083e00000|  0%| F|  |TAMS 0x0000000083d00000, 0x0000000083d00000| Untracked 
|  62|0x0000000083e00000, 0x0000000083e00000, 0x0000000083f00000|  0%| F|  |TAMS 0x0000000083e00000, 0x0000000083e00000| Untracked 
|  63|0x0000000083f00000, 0x0000000083f00000, 0x0000000084000000|  0%| F|  |TAMS 0x0000000083f00000, 0x0000000083f00000| Untracked 
|  64|0x0000000084000000, 0x0000000084000000, 0x0000000084100000|  0%| F|  |TAMS 0x0000000084000000, 0x0000000084000000| Untracked 
|  65|0x0000000084100000, 0x0000000084100000, 0x0000000084200000|  0%| F|  |TAMS 0x0000000084100000, 0x0000000084100000| Untracked 
|  66|0x0000000084200000, 0x0000000084200000, 0x0000000084300000|  0%| F|  |TAMS 0x0000000084200000, 0x0000000084200000| Untracked 
|  67|0x0000000084300000, 0x0000000084300000, 0x0000000084400000|  0%| F|  |TAMS 0x0000000084300000, 0x0000000084300000| Untracked 
|  68|0x0000000084400000, 0x0000000084400000, 0x0000000084500000|  0%| F|  |TAMS 0x0000000084400000, 0x0000000084400000| Untracked 
|  69|0x0000000084500000, 0x0000000084500000, 0x0000000084600000|  0%| F|  |TAMS 0x0000000084500000, 0x0000000084500000| Untracked 
|  70|0x0000000084600000, 0x0000000084600000, 0x0000000084700000|  0%| F|  |TAMS 0x0000000084600000, 0x0000000084600000| Untracked 
|  71|0x0000000084700000, 0x0000000084700000, 0x0000000084800000|  0%| F|  |TAMS 0x0000000084700000, 0x0000000084700000| Untracked 
|  72|0x0000000084800000, 0x0000000084800000, 0x0000000084900000|  0%| F|  |TAMS 0x0000000084800000, 0x0000000084800000| Untracked 
|  73|0x0000000084900000, 0x0000000084900000, 0x0000000084a00000|  0%| F|  |TAMS 0x0000000084900000, 0x0000000084900000| Untracked 
|  74|0x0000000084a00000, 0x0000000084a45c40, 0x0000000084b00000| 27%| S|CS|TAMS 0x0000000084a00000, 0x0000000084a00000| Complete 
|  75|0x0000000084b00000, 0x0000000084c00000, 0x0000000084c00000|100%| S|CS|TAMS 0x0000000084b00000, 0x0000000084b00000| Complete 
|  76|0x0000000084c00000, 0x0000000084d00000, 0x0000000084d00000|100%| S|CS|TAMS 0x0000000084c00000, 0x0000000084c00000| Complete 
|  77|0x0000000084d00000, 0x0000000084d00000, 0x0000000084e00000|  0%| F|  |TAMS 0x0000000084d00000, 0x0000000084d00000| Untracked 
|  78|0x0000000084e00000, 0x0000000084e00000, 0x0000000084f00000|  0%| F|  |TAMS 0x0000000084e00000, 0x0000000084e00000| Untracked 
|  79|0x0000000084f00000, 0x0000000084f00000, 0x0000000085000000|  0%| F|  |TAMS 0x0000000084f00000, 0x0000000084f00000| Untracked 
|  80|0x0000000085000000, 0x0000000085000000, 0x0000000085100000|  0%| F|  |TAMS 0x0000000085000000, 0x0000000085000000| Untracked 
|  81|0x0000000085100000, 0x0000000085100000, 0x0000000085200000|  0%| F|  |TAMS 0x0000000085100000, 0x0000000085100000| Untracked 
|  82|0x0000000085200000, 0x0000000085200000, 0x0000000085300000|  0%| F|  |TAMS 0x0000000085200000, 0x0000000085200000| Untracked 
|  83|0x0000000085300000, 0x0000000085300000, 0x0000000085400000|  0%| F|  |TAMS 0x0000000085300000, 0x0000000085300000| Untracked 
|  84|0x0000000085400000, 0x0000000085400000, 0x0000000085500000|  0%| F|  |TAMS 0x0000000085400000, 0x0000000085400000| Untracked 
|  85|0x0000000085500000, 0x0000000085500000, 0x0000000085600000|  0%| F|  |TAMS 0x0000000085500000, 0x0000000085500000| Untracked 
|  86|0x0000000085600000, 0x0000000085600000, 0x0000000085700000|  0%| F|  |TAMS 0x0000000085600000, 0x0000000085600000| Untracked 
|  87|0x0000000085700000, 0x0000000085700000, 0x0000000085800000|  0%| F|  |TAMS 0x0000000085700000, 0x0000000085700000| Untracked 
|  88|0x0000000085800000, 0x0000000085800000, 0x0000000085900000|  0%| F|  |TAMS 0x0000000085800000, 0x0000000085800000| Untracked 
|  89|0x0000000085900000, 0x0000000085900000, 0x0000000085a00000|  0%| F|  |TAMS 0x0000000085900000, 0x0000000085900000| Untracked 
|  90|0x0000000085a00000, 0x0000000085a00000, 0x0000000085b00000|  0%| F|  |TAMS 0x0000000085a00000, 0x0000000085a00000| Untracked 
|  91|0x0000000085b00000, 0x0000000085b00000, 0x0000000085c00000|  0%| F|  |TAMS 0x0000000085b00000, 0x0000000085b00000| Untracked 
|  92|0x0000000085c00000, 0x0000000085c00000, 0x0000000085d00000|  0%| F|  |TAMS 0x0000000085c00000, 0x0000000085c00000| Untracked 
|  93|0x0000000085d00000, 0x0000000085d00000, 0x0000000085e00000|  0%| F|  |TAMS 0x0000000085d00000, 0x0000000085d00000| Untracked 
|  94|0x0000000085e00000, 0x0000000085e00000, 0x0000000085f00000|  0%| F|  |TAMS 0x0000000085e00000, 0x0000000085e00000| Untracked 
|  95|0x0000000085f00000, 0x0000000085f00000, 0x0000000086000000|  0%| F|  |TAMS 0x0000000085f00000, 0x0000000085f00000| Untracked 
|  96|0x0000000086000000, 0x0000000086000000, 0x0000000086100000|  0%| F|  |TAMS 0x0000000086000000, 0x0000000086000000| Untracked 
|  97|0x0000000086100000, 0x0000000086100000, 0x0000000086200000|  0%| F|  |TAMS 0x0000000086100000, 0x0000000086100000| Untracked 
|  98|0x0000000086200000, 0x0000000086200000, 0x0000000086300000|  0%| F|  |TAMS 0x0000000086200000, 0x0000000086200000| Untracked 
|  99|0x0000000086300000, 0x0000000086300000, 0x0000000086400000|  0%| F|  |TAMS 0x0000000086300000, 0x0000000086300000| Untracked 
| 100|0x0000000086400000, 0x0000000086400000, 0x0000000086500000|  0%| F|  |TAMS 0x0000000086400000, 0x0000000086400000| Untracked 

Card table byte_map: [0x00000161368f0000,0x0000016136cf0000] _byte_map_base: 0x00000161364f0000

Marking Bits (Prev, Next): (CMBitMap*) 0x000001611f990300, (CMBitMap*) 0x000001611f990340
 Prev Bits: [0x00000161370f0000, 0x00000161390f0000)
 Next Bits: [0x00000161390f0000, 0x000001613b0f0000)

Polling page: 0x000001611d890000

Metaspace:

Usage:
  Non-class:     52.16 MB used.
      Class:      8.47 MB used.
       Both:     60.63 MB used.

Virtual space:
  Non-class space:       56.00 MB reserved,      52.50 MB ( 94%) committed,  7 nodes.
      Class space:      412.00 MB reserved,       8.75 MB (  2%) committed,  1 nodes.
             Both:      468.00 MB reserved,      61.25 MB ( 13%) committed. 

Chunk freelists:
   Non-Class:  3.50 MB
       Class:  3.09 MB
        Both:  6.59 MB

MaxMetaspaceSize: 512.00 MB
CompressedClassSpaceSize: 412.00 MB
Initial GC threshold: 21.00 MB
Current GC threshold: 96.19 MB
CDS: on
MetaspaceReclaimPolicy: balanced
 - commit_granule_bytes: 65536.
 - commit_granule_words: 8192.
 - virtual_space_node_default_size: 1048576.
 - enlarge_chunks_in_place: 1.
 - new_chunks_are_fully_committed: 0.
 - uncommit_free_chunks: 1.
 - use_allocation_guard: 0.
 - handle_deallocations: 1.


Internal statistics:

num_allocs_failed_limit: 6.
num_arena_births: 750.
num_arena_deaths: 0.
num_vsnodes_births: 8.
num_vsnodes_deaths: 0.
num_space_committed: 980.
num_space_uncommitted: 0.
num_chunks_returned_to_freelist: 6.
num_chunks_taken_from_freelist: 3231.
num_chunk_merges: 6.
num_chunk_splits: 2186.
num_chunks_enlarged: 1480.
num_purges: 0.
num_inconsistent_stats: 0.

CodeHeap 'non-profiled nmethods': size=120000Kb used=4159Kb max_used=4159Kb free=115840Kb
 bounds [0x000001612ec90000, 0x000001612f0a0000, 0x00000161361c0000]
CodeHeap 'profiled nmethods': size=120000Kb used=15000Kb max_used=15000Kb free=104999Kb
 bounds [0x00000161271c0000, 0x0000016128070000, 0x000001612e6f0000]
CodeHeap 'non-nmethods': size=5760Kb used=2368Kb max_used=2416Kb free=3391Kb
 bounds [0x000001612e6f0000, 0x000001612e960000, 0x000001612ec90000]
 total_blobs=8436 nmethods=7542 adapters=806
 compilation: enabled
              stopped_count=0, restarted_count=0
 full_count=0

Compilation events (20 events):
Event: 17.638 Thread 0x000001613db2dc10 nmethod 8350 0x0000016128062a10 code [0x0000016128062bc0, 0x0000016128062d28]
Event: 17.638 Thread 0x000001613db2dc10 8351       3       net.rubygrapefruit.platform.internal.WindowsFileStat::details (24 bytes)
Event: 17.639 Thread 0x000001613db2dc10 nmethod 8351 0x0000016128062e10 code [0x0000016128062fe0, 0x00000161280634c8]
Event: 17.639 Thread 0x000001613db21840 nmethod 8341 0x000001612f09d090 code [0x000001612f09d2a0, 0x000001612f09dc28]
Event: 17.639 Thread 0x000001613db2dc10 8352       3       org.gradle.internal.vfs.impl.AbstractVirtualFileSystem$$Lambda$429/0x0000000801021f08::store (13 bytes)
Event: 17.639 Thread 0x000001613db21840 8342       4       jdk.internal.misc.Unsafe::putIntRelease (9 bytes)
Event: 17.639 Thread 0x000001613db2dc10 nmethod 8352 0x0000016128063690 code [0x0000016128063840, 0x0000016128063988]
Event: 17.639 Thread 0x000001613db2dc10 8353       3       org.gradle.internal.vfs.impl.AbstractVirtualFileSystem::lambda$store$1 (14 bytes)
Event: 17.639 Thread 0x000001613db2dc10 nmethod 8353 0x0000016128063a90 code [0x0000016128063c40, 0x0000016128063e68]
Event: 17.639 Thread 0x000001613db2dc10 8354       3       org.gradle.internal.vfs.impl.AbstractVirtualFileSystem$$Lambda$436/0x0000000801025c00::<init> (20 bytes)
Event: 17.639 Thread 0x000001613db21840 nmethod 8342 0x000001612f09e510 code [0x000001612f09e680, 0x000001612f09e718]
Event: 17.639 Thread 0x000001613db2dc10 nmethod 8354 0x0000016128063f90 code [0x0000016128064140, 0x00000161280643b8]
Event: 17.640 Thread 0x000001613db2dc10 8355       3       org.gradle.internal.vfs.impl.DefaultSnapshotHierarchy::store (61 bytes)
Event: 17.640 Thread 0x000001613db2dc10 nmethod 8355 0x0000016128064490 code [0x0000016128064700, 0x00000161280652b8]
Event: 17.640 Thread 0x000001613db2dc10 8356       3       org.gradle.internal.snapshot.AbstractIncompleteFileSystemNode$2::createChild (5 bytes)
Event: 17.640 Thread 0x000001613db2dc10 nmethod 8356 0x0000016128065690 code [0x0000016128065840, 0x0000016128065b58]
Event: 17.640 Thread 0x000001613db2dc10 8357       3       org.gradle.internal.snapshot.AbstractIncompleteFileSystemNode$2::createChild (22 bytes)
Event: 17.641 Thread 0x000001613db2dc10 nmethod 8357 0x0000016128065c90 code [0x0000016128065e40, 0x00000161280660f8]
Event: 17.641 Thread 0x000001613db21840 8358       4       org.gradle.internal.snapshot.AbstractListChildMap$$Lambda$485/0x000000080105c1f8::compareTo (16 bytes)
Event: 17.652 Thread 0x000001613db21840 nmethod 8358 0x000001612f09e810 code [0x000001612f09ea20, 0x000001612f09f508]

GC Heap History (20 events):
Event: 9.068 GC heap after
{Heap after GC invocations=10 (full 0):
 garbage-first heap   total 103424K, used 34667K [0x0000000080000000, 0x0000000100000000)
  region size 1024K, 3 young (3072K), 3 survivors (3072K)
 Metaspace       used 35563K, committed 36096K, reserved 454656K
  class space    used 4863K, committed 5120K, reserved 421888K
}
Event: 9.771 GC heap before
{Heap before GC invocations=11 (full 0):
 garbage-first heap   total 103424K, used 79723K [0x0000000080000000, 0x0000000100000000)
  region size 1024K, 47 young (48128K), 3 survivors (3072K)
 Metaspace       used 41021K, committed 41600K, reserved 462848K
  class space    used 5712K, committed 5952K, reserved 421888K
}
Event: 9.776 GC heap after
{Heap after GC invocations=12 (full 0):
 garbage-first heap   total 103424K, used 36748K [0x0000000080000000, 0x0000000100000000)
  region size 1024K, 5 young (5120K), 5 survivors (5120K)
 Metaspace       used 41021K, committed 41600K, reserved 462848K
  class space    used 5712K, committed 5952K, reserved 421888K
}
Event: 9.789 GC heap before
{Heap before GC invocations=12 (full 0):
 garbage-first heap   total 103424K, used 37772K [0x0000000080000000, 0x0000000100000000)
  region size 1024K, 6 young (6144K), 5 survivors (5120K)
 Metaspace       used 41159K, committed 41792K, reserved 462848K
  class space    used 5731K, committed 6016K, reserved 421888K
}
Event: 9.793 GC heap after
{Heap after GC invocations=13 (full 0):
 garbage-first heap   total 103424K, used 37221K [0x0000000080000000, 0x0000000100000000)
  region size 1024K, 1 young (1024K), 1 survivors (1024K)
 Metaspace       used 41159K, committed 41792K, reserved 462848K
  class space    used 5731K, committed 6016K, reserved 421888K
}
Event: 14.177 GC heap before
{Heap before GC invocations=13 (full 0):
 garbage-first heap   total 103424K, used 87397K [0x0000000080000000, 0x0000000100000000)
  region size 1024K, 44 young (45056K), 1 survivors (1024K)
 Metaspace       used 46041K, committed 46656K, reserved 462848K
  class space    used 6421K, committed 6720K, reserved 421888K
}
Event: 14.182 GC heap after
{Heap after GC invocations=14 (full 0):
 garbage-first heap   total 103424K, used 47073K [0x0000000080000000, 0x0000000100000000)
  region size 1024K, 5 young (5120K), 5 survivors (5120K)
 Metaspace       used 46041K, committed 46656K, reserved 462848K
  class space    used 6421K, committed 6720K, reserved 421888K
}
Event: 14.831 GC heap before
{Heap before GC invocations=14 (full 0):
 garbage-first heap   total 103424K, used 81889K [0x0000000080000000, 0x0000000100000000)
  region size 1024K, 39 young (39936K), 5 survivors (5120K)
 Metaspace       used 49823K, committed 50368K, reserved 471040K
  class space    used 6979K, committed 7232K, reserved 421888K
}
Event: 14.836 GC heap after
{Heap after GC invocations=15 (full 0):
 garbage-first heap   total 103424K, used 49236K [0x0000000080000000, 0x0000000100000000)
  region size 1024K, 3 young (3072K), 3 survivors (3072K)
 Metaspace       used 49823K, committed 50368K, reserved 471040K
  class space    used 6979K, committed 7232K, reserved 421888K
}
Event: 15.248 GC heap before
{Heap before GC invocations=15 (full 0):
 garbage-first heap   total 103424K, used 83028K [0x0000000080000000, 0x0000000100000000)
  region size 1024K, 36 young (36864K), 3 survivors (3072K)
 Metaspace       used 54085K, committed 54720K, reserved 471040K
  class space    used 7534K, committed 7808K, reserved 421888K
}
Event: 15.253 GC heap after
{Heap after GC invocations=16 (full 0):
 garbage-first heap   total 103424K, used 51511K [0x0000000080000000, 0x0000000100000000)
  region size 1024K, 5 young (5120K), 5 survivors (5120K)
 Metaspace       used 54085K, committed 54720K, reserved 471040K
  class space    used 7534K, committed 7808K, reserved 421888K
}
Event: 15.691 GC heap before
{Heap before GC invocations=17 (full 0):
 garbage-first heap   total 103424K, used 83255K [0x0000000080000000, 0x0000000100000000)
  region size 1024K, 36 young (36864K), 5 survivors (5120K)
 Metaspace       used 56202K, committed 56832K, reserved 471040K
  class space    used 7833K, committed 8128K, reserved 421888K
}
Event: 15.697 GC heap after
{Heap after GC invocations=18 (full 0):
 garbage-first heap   total 103424K, used 53642K [0x0000000080000000, 0x0000000100000000)
  region size 1024K, 5 young (5120K), 5 survivors (5120K)
 Metaspace       used 56202K, committed 56832K, reserved 471040K
  class space    used 7833K, committed 8128K, reserved 421888K
}
Event: 15.719 GC heap before
{Heap before GC invocations=18 (full 0):
 garbage-first heap   total 103424K, used 54666K [0x0000000080000000, 0x0000000100000000)
  region size 1024K, 6 young (6144K), 5 survivors (5120K)
 Metaspace       used 56283K, committed 56896K, reserved 471040K
  class space    used 7847K, committed 8128K, reserved 421888K
}
Event: 15.725 GC heap after
{Heap after GC invocations=19 (full 0):
 garbage-first heap   total 103424K, used 53770K [0x0000000080000000, 0x0000000100000000)
  region size 1024K, 1 young (1024K), 1 survivors (1024K)
 Metaspace       used 56283K, committed 56896K, reserved 471040K
  class space    used 7847K, committed 8128K, reserved 421888K
}
Event: 16.451 GC heap before
{Heap before GC invocations=19 (full 0):
 garbage-first heap   total 103424K, used 83466K [0x0000000080000000, 0x0000000100000000)
  region size 1024K, 30 young (30720K), 1 survivors (1024K)
 Metaspace       used 58356K, committed 58944K, reserved 479232K
  class space    used 8154K, committed 8384K, reserved 421888K
}
Event: 16.454 GC heap after
{Heap after GC invocations=20 (full 0):
 garbage-first heap   total 103424K, used 55891K [0x0000000080000000, 0x0000000100000000)
  region size 1024K, 3 young (3072K), 3 survivors (3072K)
 Metaspace       used 58356K, committed 58944K, reserved 479232K
  class space    used 8154K, committed 8384K, reserved 421888K
}
Event: 17.095 GC heap before
{Heap before GC invocations=21 (full 0):
 garbage-first heap   total 103424K, used 82515K [0x0000000080000000, 0x0000000100000000)
  region size 1024K, 30 young (30720K), 3 survivors (3072K)
 Metaspace       used 60653K, committed 61248K, reserved 479232K
  class space    used 8510K, committed 8768K, reserved 421888K
}
Event: 17.101 GC heap after
{Heap after GC invocations=22 (full 0):
 garbage-first heap   total 103424K, used 58990K [0x0000000080000000, 0x0000000100000000)
  region size 1024K, 4 young (4096K), 4 survivors (4096K)
 Metaspace       used 60653K, committed 61248K, reserved 479232K
  class space    used 8510K, committed 8768K, reserved 421888K
}
Event: 17.659 GC heap before
{Heap before GC invocations=22 (full 0):
 garbage-first heap   total 103424K, used 83566K [0x0000000080000000, 0x0000000100000000)
  region size 1024K, 28 young (28672K), 4 survivors (4096K)
 Metaspace       used 62081K, committed 62720K, reserved 479232K
  class space    used 8672K, committed 8960K, reserved 421888K
}

Deoptimization events (20 events):
Event: 17.355 Thread 0x000001613f137250 Uncommon trap: trap_request=0xffffffde fr.pc=0x000001612edf5738 relative=0x0000000000000678
Event: 17.355 Thread 0x000001613f137250 Uncommon trap: reason=class_check action=maybe_recompile pc=0x000001612edf5738 method=java.util.Collections$SetFromMap.remove(Ljava/lang/Object;)Z @ 5 c2
Event: 17.355 Thread 0x000001613f137250 DEOPT PACKING pc=0x000001612edf5738 sp=0x000000533f8fd800
Event: 17.355 Thread 0x000001613f137250 DEOPT UNPACKING pc=0x000001612e7423a3 sp=0x000000533f8fd7e8 mode 2
Event: 17.373 Thread 0x0000016145057250 Uncommon trap: trap_request=0xffffffc6 fr.pc=0x000001612ef87af0 relative=0x00000000000001b0
Event: 17.373 Thread 0x0000016145057250 Uncommon trap: reason=bimorphic_or_optimized_type_check action=maybe_recompile pc=0x000001612ef87af0 method=java.io.BufferedInputStream.read1([BII)I @ 39 c2
Event: 17.373 Thread 0x0000016145057250 DEOPT PACKING pc=0x000001612ef87af0 sp=0x00000053400fe170
Event: 17.373 Thread 0x0000016145057250 DEOPT UNPACKING pc=0x000001612e7423a3 sp=0x00000053400fe0f8 mode 2
Event: 17.407 Thread 0x000001613f137250 DEOPT PACKING pc=0x0000016127cb631d sp=0x000000533f8fa5e0
Event: 17.407 Thread 0x000001613f137250 DEOPT UNPACKING pc=0x000001612e742b43 sp=0x000000533f8f9b20 mode 0
Event: 17.408 Thread 0x000001613f137250 DEOPT PACKING pc=0x00000161275d8edc sp=0x000000533f8fac70
Event: 17.408 Thread 0x000001613f137250 DEOPT UNPACKING pc=0x000001612e742b43 sp=0x000000533f8fa1f0 mode 0
Event: 17.416 Thread 0x0000016145057250 Uncommon trap: trap_request=0xffffffc6 fr.pc=0x000001612ef87af0 relative=0x00000000000001b0
Event: 17.416 Thread 0x0000016145057250 Uncommon trap: reason=bimorphic_or_optimized_type_check action=maybe_recompile pc=0x000001612ef87af0 method=java.io.BufferedInputStream.read1([BII)I @ 39 c2
Event: 17.416 Thread 0x0000016145057250 DEOPT PACKING pc=0x000001612ef87af0 sp=0x00000053400fe170
Event: 17.416 Thread 0x0000016145057250 DEOPT UNPACKING pc=0x000001612e7423a3 sp=0x00000053400fe0f8 mode 2
Event: 17.442 Thread 0x000001613fcf50d0 Uncommon trap: trap_request=0xffffffc6 fr.pc=0x000001612efe3fe8 relative=0x00000000000001a8
Event: 17.442 Thread 0x000001613fcf50d0 Uncommon trap: reason=bimorphic_or_optimized_type_check action=maybe_recompile pc=0x000001612efe3fe8 method=com.google.common.collect.ImmutableList.copyOf(Ljava/util/Collection;)Lcom/google/common/collect/ImmutableList; @ 16 c2
Event: 17.442 Thread 0x000001613fcf50d0 DEOPT PACKING pc=0x000001612efe3fe8 sp=0x000000533bef9610
Event: 17.442 Thread 0x000001613fcf50d0 DEOPT UNPACKING pc=0x000001612e7423a3 sp=0x000000533bef95b8 mode 2

Classes unloaded (0 events):
No events

Classes redefined (0 events):
No events

Internal exceptions (20 events):
Event: 15.664 Thread 0x000001613fcf50d0 Exception <a 'java/lang/ClassNotFoundException'{0x00000000848c0da0}: org/gradle/api/internal/DefaultDomainObjectCollectionCustomizer> (0x00000000848c0da0) 
thrown [s\open\src\hotspot\share\classfile\systemDictionary.cpp, line 256]
Event: 15.667 Thread 0x000001613fcf50d0 Exception <a 'java/lang/ClassNotFoundException'{0x00000000848f6140}: org/gradle/api/internal/DefaultNamedDomainObjectCollectionCustomizer> (0x00000000848f6140) 
thrown [s\open\src\hotspot\share\classfile\systemDictionary.cpp, line 256]
Event: 15.669 Thread 0x000001613fcf50d0 Exception <a 'java/lang/ClassNotFoundException'{0x0000000084732e58}: org/gradle/api/internal/DefaultNamedDomainObjectListCustomizer> (0x0000000084732e58) 
thrown [s\open\src\hotspot\share\classfile\systemDictionary.cpp, line 256]
Event: 15.671 Thread 0x000001613fcf50d0 Exception <a 'java/lang/ClassNotFoundException'{0x0000000084765f78}: org/gradle/api/internal/artifacts/DefaultArtifactRepositoryContainerCustomizer> (0x0000000084765f78) 
thrown [s\open\src\hotspot\share\classfile\systemDictionary.cpp, line 256]
Event: 15.672 Thread 0x000001613fcf50d0 Exception <a 'java/lang/ClassNotFoundException'{0x0000000084790700}: org/gradle/api/internal/artifacts/dsl/DefaultRepositoryHandlerCustomizer> (0x0000000084790700) 
thrown [s\open\src\hotspot\share\classfile\systemDictionary.cpp, line 256]
Event: 15.675 Thread 0x000001613fcf50d0 Exception <a 'java/lang/ClassNotFoundException'{0x00000000847c8338}: org/gradle/api/internal/artifacts/dsl/DefaultRepositoryHandler_DecoratedCustomizer> (0x00000000847c8338) 
thrown [s\open\src\hotspot\share\classfile\systemDictionary.cpp, line 256]
Event: 15.683 Thread 0x000001613fcf50d0 Exception <a 'java/lang/ClassNotFoundException'{0x000000008465a2f0}: org/gradle/api/internal/artifacts/dsl/dependencies/DefaultDependencyHandler_DecoratedBeanInfo> (0x000000008465a2f0) 
thrown [s\open\src\hotspot\share\classfile\systemDictionary.cpp, line 256]
Event: 15.684 Thread 0x000001613fcf50d0 Exception <a 'java/lang/ClassNotFoundException'{0x00000000846721b8}: org/gradle/api/internal/artifacts/dsl/dependencies/DefaultDependencyHandlerBeanInfo> (0x00000000846721b8) 
thrown [s\open\src\hotspot\share\classfile\systemDictionary.cpp, line 256]
Event: 15.685 Thread 0x000001613fcf50d0 Exception <a 'java/lang/ClassNotFoundException'{0x0000000084689e08}: org/gradle/api/internal/artifacts/dsl/dependencies/DefaultDependencyHandlerCustomizer> (0x0000000084689e08) 
thrown [s\open\src\hotspot\share\classfile\systemDictionary.cpp, line 256]
Event: 15.687 Thread 0x000001613fcf50d0 Exception <a 'java/lang/ClassNotFoundException'{0x00000000846c8b08}: org/gradle/api/internal/artifacts/dsl/dependencies/DefaultDependencyHandler_DecoratedCustomizer> (0x00000000846c8b08) 
thrown [s\open\src\hotspot\share\classfile\systemDictionary.cpp, line 256]
Event: 16.356 Thread 0x000001613fcf50d0 Exception <a 'java/lang/NoSuchMethodError'{0x0000000084cd4558}: 'java.lang.Object java.lang.invoke.DirectMethodHandle$Holder.newInvokeSpecial(java.lang.Object, java.lang.Object, java.lang.Object, java.lang.Object, java.lang.Object, java.lang.Object, java.lang.Object, java.lang.Object, java.lang.Object)'> (0x0000000084cd4558) 
thrown [s\open\src\hotspot\share\interpreter\linkResolver.cpp, line 759]
Event: 16.356 Thread 0x000001613fcf50d0 Exception <a 'java/lang/NoSuchMethodError'{0x0000000084cda1f8}: 'java.lang.Object java.lang.invoke.Invokers$Holder.linkToTargetMethod(java.lang.Object, java.lang.Object, java.lang.Object, java.lang.Object, java.lang.Object, java.lang.Object, java.lang.Object, java.lang.Object, java.lang.Object)'> (0x0000000084cda1f8) 
thrown [s\open\src\hotspot\share\interpreter\linkResolver.cpp, line 759]
Event: 16.667 Thread 0x0000016145056d80 Exception <a 'java/lang/NoSuchMethodError'{0x0000000085c83298}: 'java.lang.Object java.lang.invoke.DirectMethodHandle$Holder.newInvokeSpecial(java.lang.Object, java.lang.Object, java.lang.Object, java.lang.Object, int, java.lang.Object)'> (0x0000000085c83298) 
thrown [s\open\src\hotspot\share\interpreter\linkResolver.cpp, line 759]
Event: 16.668 Thread 0x0000016145056d80 Exception <a 'java/lang/NoSuchMethodError'{0x0000000085c87928}: 'java.lang.Object java.lang.invoke.Invokers$Holder.linkToTargetMethod(java.lang.Object, java.lang.Object, java.lang.Object, int, java.lang.Object, java.lang.Object)'> (0x0000000085c87928) 
thrown [s\open\src\hotspot\share\interpreter\linkResolver.cpp, line 759]
Event: 16.683 Thread 0x000001613f137250 Exception <a 'java/lang/NoSuchMethodError'{0x0000000085cf3160}: 'void java.lang.invoke.DirectMethodHandle$Holder.invokeInterface(java.lang.Object, java.lang.Object, java.lang.Object, java.lang.Object)'> (0x0000000085cf3160) 
thrown [s\open\src\hotspot\share\interpreter\linkResolver.cpp, line 759]
Event: 16.738 Thread 0x000001613f137250 Exception <a 'java/lang/NoSuchMethodError'{0x0000000085ad2540}: 'int java.lang.invoke.DirectMethodHandle$Holder.invokeSpecial(java.lang.Object, java.lang.Object, java.lang.Object, java.lang.Object, java.lang.Object)'> (0x0000000085ad2540) 
thrown [s\open\src\hotspot\share\interpreter\linkResolver.cpp, line 759]
Event: 17.350 Thread 0x000001613f137250 Exception <a 'sun/nio/fs/WindowsException'{0x00000000859f8130}> (0x00000000859f8130) 
thrown [s\open\src\hotspot\share\prims\jni.cpp, line 516]
Event: 17.352 Thread 0x000001613f137250 Exception <a 'sun/nio/fs/WindowsException'{0x00000000859fa980}> (0x00000000859fa980) 
thrown [s\open\src\hotspot\share\prims\jni.cpp, line 516]
Event: 17.352 Thread 0x000001613f137250 Exception <a 'sun/nio/fs/WindowsException'{0x00000000859fd068}> (0x00000000859fd068) 
thrown [s\open\src\hotspot\share\prims\jni.cpp, line 516]
Event: 17.353 Thread 0x000001613f137250 Exception <a 'sun/nio/fs/WindowsException'{0x00000000859ff378}> (0x00000000859ff378) 
thrown [s\open\src\hotspot\share\prims\jni.cpp, line 516]

VM Operations (20 events):
Event: 16.540 Executing VM operation: G1Concurrent done
Event: 16.677 Executing VM operation: HandshakeAllThreads
Event: 16.677 Executing VM operation: HandshakeAllThreads done
Event: 16.737 Executing VM operation: HandshakeAllThreads
Event: 16.737 Executing VM operation: HandshakeAllThreads done
Event: 16.940 Executing VM operation: ICBufferFull
Event: 16.941 Executing VM operation: ICBufferFull done
Event: 17.095 Executing VM operation: G1CollectForAllocation
Event: 17.101 Executing VM operation: G1CollectForAllocation done
Event: 17.270 Executing VM operation: HandshakeAllThreads
Event: 17.270 Executing VM operation: HandshakeAllThreads done
Event: 17.270 Executing VM operation: HandshakeAllThreads
Event: 17.270 Executing VM operation: HandshakeAllThreads done
Event: 17.346 Executing VM operation: HandshakeAllThreads
Event: 17.347 Executing VM operation: HandshakeAllThreads done
Event: 17.351 Executing VM operation: HandshakeAllThreads
Event: 17.351 Executing VM operation: HandshakeAllThreads done
Event: 17.358 Executing VM operation: ICBufferFull
Event: 17.358 Executing VM operation: ICBufferFull done
Event: 17.659 Executing VM operation: G1CollectForAllocation

Events (20 events):
Event: 17.448 Thread 0x00000161440d9320 Thread added: 0x00000161440d9320
Event: 17.449 Thread 0x00000161440db000 Thread added: 0x00000161440db000
Event: 17.449 Thread 0x00000161440dc340 Thread added: 0x00000161440dc340
Event: 17.449 Thread 0x00000161440dc810 Thread added: 0x00000161440dc810
Event: 17.450 Thread 0x00000161440d67d0 Thread added: 0x00000161440d67d0
Event: 17.450 Thread 0x00000161440d4fc0 Thread added: 0x00000161440d4fc0
Event: 17.450 Thread 0x00000161440d6ca0 Thread added: 0x00000161440d6ca0
Event: 17.450 Thread 0x00000161440d6300 Thread added: 0x00000161440d6300
Event: 17.451 Thread 0x00000161440da660 Thread added: 0x00000161440da660
Event: 17.451 Thread 0x00000161440d7fe0 Thread added: 0x00000161440d7fe0
Event: 17.451 Thread 0x00000161440d8980 Thread added: 0x00000161440d8980
Event: 17.452 Thread 0x00000161440d97f0 Thread added: 0x00000161440d97f0
Event: 17.452 Thread 0x00000161440d84b0 Thread added: 0x00000161440d84b0
Event: 17.452 Thread 0x00000161440db4d0 Thread added: 0x00000161440db4d0
Event: 17.452 Thread 0x00000161440dab30 Thread added: 0x00000161440dab30
Event: 17.452 Thread 0x00000161440d8e50 Thread added: 0x00000161440d8e50
Event: 17.453 Thread 0x00000161440db9a0 Thread added: 0x00000161440db9a0
Event: 17.453 Thread 0x00000161440d5490 Thread added: 0x00000161440d5490
Event: 17.454 Thread 0x00000161434c4a90 Thread added: 0x00000161434c4a90
Event: 17.454 Thread 0x00000161434c3c20 Thread added: 0x00000161434c3c20


Dynamic libraries:
0x00007ff662a40000 - 0x00007ff662a50000 	C:\Program Files\Java\jdk-17\bin\java.exe
0x00007ffc55bf0000 - 0x00007ffc55de8000 	C:\WINDOWS\SYSTEM32\ntdll.dll
0x00007ffc54c70000 - 0x00007ffc54d2f000 	C:\WINDOWS\System32\KERNEL32.DLL
0x00007ffc53700000 - 0x00007ffc539f6000 	C:\WINDOWS\System32\KERNELBASE.dll
0x00007ffc53600000 - 0x00007ffc53700000 	C:\WINDOWS\System32\ucrtbase.dll
0x00007ffc4ed90000 - 0x00007ffc4eda9000 	C:\Program Files\Java\jdk-17\bin\jli.dll
0x00007ffc4edb0000 - 0x00007ffc4edcb000 	C:\Program Files\Java\jdk-17\bin\VCRUNTIME140.dll
0x00007ffc54960000 - 0x00007ffc54a0f000 	C:\WINDOWS\System32\ADVAPI32.dll
0x00007ffc548c0000 - 0x00007ffc5495e000 	C:\WINDOWS\System32\msvcrt.dll
0x00007ffc55b10000 - 0x00007ffc55bac000 	C:\WINDOWS\System32\sechost.dll
0x00007ffc54a10000 - 0x00007ffc54b36000 	C:\WINDOWS\System32\RPCRT4.dll
0x00007ffc540d0000 - 0x00007ffc5426d000 	C:\WINDOWS\System32\USER32.dll
0x00007ffc3afa0000 - 0x00007ffc3b23a000 	C:\WINDOWS\WinSxS\amd64_microsoft.windows.common-controls_6595b64144ccf1df_6.0.19041.1110_none_60b5254171f9507e\COMCTL32.dll
0x00007ffc53bd0000 - 0x00007ffc53bf2000 	C:\WINDOWS\System32\win32u.dll
0x00007ffc54c00000 - 0x00007ffc54c2c000 	C:\WINDOWS\System32\GDI32.dll
0x00007ffc53a00000 - 0x00007ffc53b15000 	C:\WINDOWS\System32\gdi32full.dll
0x00007ffc53360000 - 0x00007ffc533fd000 	C:\WINDOWS\System32\msvcp_win.dll
0x00007ffc49a00000 - 0x00007ffc49a0a000 	C:\WINDOWS\SYSTEM32\VERSION.dll
0x00007ffc54c30000 - 0x00007ffc54c60000 	C:\WINDOWS\System32\IMM32.DLL
0x00007ffc4ed80000 - 0x00007ffc4ed8c000 	C:\Program Files\Java\jdk-17\bin\vcruntime140_1.dll
0x00007ffc33970000 - 0x00007ffc339fe000 	C:\Program Files\Java\jdk-17\bin\msvcp140.dll
0x00007ffbeb770000 - 0x00007ffbec34d000 	C:\Program Files\Java\jdk-17\bin\server\jvm.dll
0x00007ffc54c60000 - 0x00007ffc54c68000 	C:\WINDOWS\System32\PSAPI.DLL
0x00007ffc4b840000 - 0x00007ffc4b849000 	C:\WINDOWS\SYSTEM32\WSOCK32.dll
0x00007ffc54450000 - 0x00007ffc544bb000 	C:\WINDOWS\System32\WS2_32.dll
0x00007ffc499d0000 - 0x00007ffc499f7000 	C:\WINDOWS\SYSTEM32\WINMM.dll
0x00007ffc51140000 - 0x00007ffc51152000 	C:\WINDOWS\SYSTEM32\kernel.appcore.dll
0x00007ffc47bc0000 - 0x00007ffc47bca000 	C:\Program Files\Java\jdk-17\bin\jimage.dll
0x00007ffc46c50000 - 0x00007ffc46e34000 	C:\WINDOWS\SYSTEM32\DBGHELP.DLL
0x00007ffc46b90000 - 0x00007ffc46bc4000 	C:\WINDOWS\SYSTEM32\dbgcore.DLL
0x00007ffc532d0000 - 0x00007ffc53352000 	C:\WINDOWS\System32\bcryptPrimitives.dll
0x00007ffc47b90000 - 0x00007ffc47bb5000 	C:\Program Files\Java\jdk-17\bin\java.dll
0x00007ffc08f60000 - 0x00007ffc09037000 	C:\Program Files\Java\jdk-17\bin\jsvml.dll
0x00007ffc55280000 - 0x00007ffc559c4000 	C:\WINDOWS\System32\SHELL32.dll
0x00007ffc51340000 - 0x00007ffc51ad4000 	C:\WINDOWS\SYSTEM32\windows.storage.dll
0x00007ffc544c0000 - 0x00007ffc54814000 	C:\WINDOWS\System32\combase.dll
0x00007ffc52b60000 - 0x00007ffc52b8e000 	C:\WINDOWS\SYSTEM32\Wldp.dll
0x00007ffc54270000 - 0x00007ffc5431d000 	C:\WINDOWS\System32\SHCORE.dll
0x00007ffc543f0000 - 0x00007ffc54445000 	C:\WINDOWS\System32\shlwapi.dll
0x00007ffc53200000 - 0x00007ffc53225000 	C:\WINDOWS\SYSTEM32\profapi.dll
0x00007ffc29120000 - 0x00007ffc29139000 	C:\Program Files\Java\jdk-17\bin\net.dll
0x00007ffc4ad50000 - 0x00007ffc4ae5a000 	C:\WINDOWS\SYSTEM32\WINHTTP.dll
0x00007ffc52940000 - 0x00007ffc529aa000 	C:\WINDOWS\system32\mswsock.dll
0x00007ffc08f40000 - 0x00007ffc08f56000 	C:\Program Files\Java\jdk-17\bin\nio.dll
0x00007ffc08f20000 - 0x00007ffc08f38000 	C:\Program Files\Java\jdk-17\bin\zip.dll
0x00007ffc47b80000 - 0x00007ffc47b90000 	C:\Program Files\Java\jdk-17\bin\verify.dll
0x00007ffc367b0000 - 0x00007ffc367d7000 	C:\Users\Admin\.gradle\native\68d5fa5c4cc2d200863cafc0d521ce42e7d3e7ee720ec0a83991735586a16f82\windows-amd64\native-platform.dll
0x00007ffc29510000 - 0x00007ffc29654000 	C:\Users\Admin\.gradle\native\e376f236ea51e6404a007f0833ffe2c6e607c4080706a723a18a27aeea778392\windows-amd64\native-platform-file-events.dll
0x00007ffc4b560000 - 0x00007ffc4b56a000 	C:\Program Files\Java\jdk-17\bin\management.dll
0x00007ffc391b0000 - 0x00007ffc391bb000 	C:\Program Files\Java\jdk-17\bin\management_ext.dll
0x00007ffc52ba0000 - 0x00007ffc52bb8000 	C:\WINDOWS\SYSTEM32\CRYPTSP.dll
0x00007ffc52280000 - 0x00007ffc522b4000 	C:\WINDOWS\system32\rsaenh.dll
0x00007ffc53400000 - 0x00007ffc53427000 	C:\WINDOWS\System32\bcrypt.dll
0x00007ffc531c0000 - 0x00007ffc531ee000 	C:\WINDOWS\SYSTEM32\USERENV.dll
0x00007ffc52ad0000 - 0x00007ffc52adc000 	C:\WINDOWS\SYSTEM32\CRYPTBASE.dll
0x00007ffc52650000 - 0x00007ffc5268c000 	C:\WINDOWS\SYSTEM32\IPHLPAPI.DLL
0x00007ffc548b0000 - 0x00007ffc548b8000 	C:\WINDOWS\System32\NSI.dll
0x00007ffc4c2a0000 - 0x00007ffc4c2b7000 	C:\WINDOWS\SYSTEM32\dhcpcsvc6.DLL
0x00007ffc4c190000 - 0x00007ffc4c1ad000 	C:\WINDOWS\SYSTEM32\dhcpcsvc.DLL
0x00007ffc52690000 - 0x00007ffc5275a000 	C:\WINDOWS\SYSTEM32\DNSAPI.dll
0x00007ffc391a0000 - 0x00007ffc391ad000 	C:\Program Files\Java\jdk-17\bin\sunmscapi.dll
0x00007ffc534a0000 - 0x00007ffc535fe000 	C:\WINDOWS\System32\CRYPT32.dll
0x00007ffc52cb0000 - 0x00007ffc52cd8000 	C:\WINDOWS\SYSTEM32\ncrypt.dll
0x00007ffc52c70000 - 0x00007ffc52cab000 	C:\WINDOWS\SYSTEM32\NTASN1.dll
0x00007ffc367a0000 - 0x00007ffc367a7000 	C:\WINDOWS\system32\wshunix.dll

dbghelp: loaded successfully - version: 4.0.5 - missing functions: none
symbol engine: initialized successfully - sym options: 0x614 - pdb path: .;C:\Program Files\Java\jdk-17\bin;C:\WINDOWS\SYSTEM32;C:\WINDOWS\WinSxS\amd64_microsoft.windows.common-controls_6595b64144ccf1df_6.0.19041.1110_none_60b5254171f9507e;C:\Program Files\Java\jdk-17\bin\server;C:\Users\Admin\.gradle\native\68d5fa5c4cc2d200863cafc0d521ce42e7d3e7ee720ec0a83991735586a16f82\windows-amd64;C:\Users\Admin\.gradle\native\e376f236ea51e6404a007f0833ffe2c6e607c4080706a723a18a27aeea778392\windows-amd64

VM Arguments:
jvm_args: -XX:MaxMetaspaceSize=512m --add-opens=java.base/java.util=ALL-UNNAMED --add-opens=java.base/java.lang=ALL-UNNAMED --add-opens=java.base/java.lang.invoke=ALL-UNNAMED --add-opens=java.prefs/java.util.prefs=ALL-UNNAMED --add-opens=java.base/java.nio.charset=ALL-UNNAMED --add-opens=java.base/java.net=ALL-UNNAMED --add-opens=java.base/java.util.concurrent.atomic=ALL-UNNAMED -Xmx2048m -Dfile.encoding=windows-1252 -Duser.country=IN -Duser.language=en -Duser.variant 
java_command: org.gradle.launcher.daemon.bootstrap.GradleDaemon 8.0.1
java_class_path (initial): C:\Users\Admin\.gradle\wrapper\dists\gradle-8.0.1-all\aro4hu1c3oeioove7l0i4i14o\gradle-8.0.1\lib\gradle-launcher-8.0.1.jar
Launcher Type: SUN_STANDARD

[Global flags]
     intx CICompilerCount                          = 4                                         {product} {ergonomic}
   size_t CompressedClassSpaceSize                 = 432013312                                 {product} {ergonomic}
     uint ConcGCThreads                            = 2                                         {product} {ergonomic}
     uint G1ConcRefinementThreads                  = 8                                         {product} {ergonomic}
   size_t G1HeapRegionSize                         = 1048576                                   {product} {ergonomic}
    uintx GCDrainStackTargetSize                   = 64                                        {product} {ergonomic}
   size_t InitialHeapSize                          = 100663296                                 {product} {ergonomic}
   size_t MarkStackSize                            = 4194304                                   {product} {ergonomic}
   size_t MaxHeapSize                              = 2147483648                                {product} {command line}
   size_t MaxMetaspaceSize                         = 536870912                                 {product} {command line}
   size_t MaxNewSize                               = 1287651328                                {product} {ergonomic}
   size_t MinHeapDeltaBytes                        = 1048576                                   {product} {ergonomic}
   size_t MinHeapSize                              = 8388608                                   {product} {ergonomic}
    uintx NonNMethodCodeHeapSize                   = 5839372                                {pd product} {ergonomic}
    uintx NonProfiledCodeHeapSize                  = 122909434                              {pd product} {ergonomic}
    uintx ProfiledCodeHeapSize                     = 122909434                              {pd product} {ergonomic}
    uintx ReservedCodeCacheSize                    = 251658240                              {pd product} {ergonomic}
     bool SegmentedCodeCache                       = true                                      {product} {ergonomic}
   size_t SoftMaxHeapSize                          = 2147483648                             {manageable} {ergonomic}
     bool UseCompressedClassPointers               = true                           {product lp64_product} {ergonomic}
     bool UseCompressedOops                        = true                           {product lp64_product} {ergonomic}
     bool UseG1GC                                  = true                                      {product} {ergonomic}
     bool UseLargePagesIndividualAllocation        = false                                  {pd product} {ergonomic}

Logging:
Log output configuration:
 #0: stdout all=warning uptime,level,tags
 #1: stderr all=off uptime,level,tags

Environment Variables:
JAVA_HOME=C:\Program Files\Java\jdk-17
CLASSPATH=C:\Users\Admin\Desktop\New folder\Advisory-Application\android\\gradle\wrapper\gradle-wrapper.jar
PATH=C:\Users\Admin\Desktop\New folder\Advisory-Application\node_modules\.bin;C:\Users\Admin\Desktop\New folder\node_modules\.bin;C:\Users\Admin\Desktop\node_modules\.bin;C:\Users\Admin\node_modules\.bin;C:\Users\node_modules\.bin;C:\node_modules\.bin;C:\Users\Admin\AppData\Roaming\npm\node_modules\npm\node_modules\@npmcli\run-script\lib\node-gyp-bin;C:\Program Files\Common Files\Oracle\Java\javapath;C:\WINDOWS\system32;C:\WINDOWS;C:\WINDOWS\System32\Wbem;C:\WINDOWS\System32\WindowsPowerShell\v1.0\;C:\WINDOWS\System32\OpenSSH\;C:\Program Files\Docker\Docker\resources\bin;C:\Program Files\nodejs\;C:\Program Files\Git\cmd;C:\Program Files\MongoDB\Server\6.0\bin;C:\Program Files\MySQL\MySQL Server 8.0\bin;C:\ProgramData\chocolatey\bin;C:\Users\Admin\AppData\Local\Android\Sdk;C:\gradle\bin;C:\Program Files\MySQL\MySQL Shell 8.0\bin\;C:\Users\Admin\AppData\Local\Programs\Python\Python311\Scripts\;C:\Users\Admin\AppData\Local\Programs\Python\Python311\;C:\Users\Admin\AppData\Local\Microsoft\WindowsApps;C:\Users\Admin\AppData\Local\Programs\Microsoft VS Code\bin;C:\Users\Admin\AppData\Roaming\npm;C:\Program Files\MongoDB\Server\6.0\bin;C:\Users\Admin\AppData\Local\Android\Sdk\platform-tools;C:\gradle\bin;;C:\Program Files\JetBrains\IntelliJ IDEA Community Edition 2023.1.4\bin;
USERNAME=Admin
LANG=en_US.UTF-8
OS=Windows_NT
PROCESSOR_IDENTIFIER=AMD64 Family 23 Model 24 Stepping 1, AuthenticAMD



---------------  S Y S T E M  ---------------

OS:
 Windows 10 , 64 bit Build 19041 (10.0.19041.3155)
OS uptime: 0 days 11:55 hours
Hyper-V role detected

CPU: total 8 (initial active 8) (8 cores per cpu, 2 threads per core) family 23 model 24 stepping 1 microcode 0x0, cx8, cmov, fxsr, ht, mmx, 3dnowpref, sse, sse2, sse3, ssse3, sse4a, sse4.1, sse4.2, popcnt, lzcnt, tsc, tscinvbit, avx, avx2, aes, clmul, bmi1, bmi2, adx, sha, fma, vzeroupper, clflush, clflushopt, hv

Memory: 4k page, system-wide physical 6082M (614M free)
TotalPageFile size 24514M (AvailPageFile size 84M)
current process WorkingSet (physical memory assigned to process): 313M, peak: 313M
current process commit charge ("private bytes"): 358M, peak: 459M

vm_info: Java HotSpot(TM) 64-Bit Server VM (17.0.7+8-LTS-224) for windows-amd64 JRE (17.0.7+8-LTS-224), built on Feb 28 2023 23:03:02 by "mach5one" with MS VC++ 17.1 (VS2022)

END.
