#
# There is insufficient memory for the Java Runtime Environment to continue.
# Native memory allocation (malloc) failed to allocate 636576 bytes for Chunk::new
# Possible reasons:
#   The system is out of physical RAM or swap space
#   The process is running with CompressedOops enabled, and the Java Heap may be blocking the growth of the native heap
# Possible solutions:
#   Reduce memory load on the system
#   Increase physical memory or swap space
#   Check if swap backing store is full
#   Decrease Java heap size (-Xmx/-Xms)
#   Decrease number of Java threads
#   Decrease Java thread stack sizes (-Xss)
#   Set larger code cache with -XX:ReservedCodeCacheSize=
#   JVM is running with Unscaled Compressed Oops mode in which the Java heap is
#     placed in the first 4GB address space. The Java Heap base address is the
#     maximum limit for the native heap growth. Please use -XX:HeapBaseMinAddress
#     to set the Java Heap base and to place the Java Heap above 4GB virtual address.
# This output file may be truncated or incomplete.
#
#  Out of Memory Error (arena.cpp:189), pid=12028, tid=14212
#
# JRE version: Java(TM) SE Runtime Environment (17.0.7+8) (build 17.0.7+8-LTS-224)
# Java VM: Java HotSpot(TM) 64-Bit Server VM (17.0.7+8-LTS-224, mixed mode, sharing, tiered, compressed oops, compressed class ptrs, g1 gc, windows-amd64)
# No core dump will be written. Minidumps are not enabled by default on client versions of Windows
#

---------------  S U M M A R Y ------------

Command Line: -XX:MaxMetaspaceSize=512m --add-opens=java.base/java.util=ALL-UNNAMED --add-opens=java.base/java.lang=ALL-UNNAMED --add-opens=java.base/java.lang.invoke=ALL-UNNAMED --add-opens=java.prefs/java.util.prefs=ALL-UNNAMED --add-opens=java.base/java.nio.charset=ALL-UNNAMED --add-opens=java.base/java.net=ALL-UNNAMED --add-opens=java.base/java.util.concurrent.atomic=ALL-UNNAMED -Xmx2048m -Dfile.encoding=windows-1252 -Duser.country=IN -Duser.language=en -Duser.variant org.gradle.launcher.daemon.bootstrap.GradleDaemon 8.0.1

Host: AMD Ryzen 5 3550H with Radeon Vega Mobile Gfx  , 8 cores, 5G,  Windows 10 , 64 bit Build 19041 (10.0.19041.3155)
Time: Sun Jul 23 01:12:09 2023 India Standard Time elapsed time: 2.788437 seconds (0d 0h 0m 2s)

---------------  T H R E A D  ---------------

Current thread (0x0000026f1ca9c3f0):  JavaThread "C2 CompilerThread2" daemon [_thread_in_native, id=14212, stack(0x000000a876a00000,0x000000a876b00000)]


Current CompileTask:
C2:   2788 2212       4       java.net.URLClassLoader$1::run (5 bytes)

Stack: [0x000000a876a00000,0x000000a876b00000]
Native frames: (J=compiled Java code, j=interpreted, Vv=VM code, C=native code)
V  [jvm.dll+0x676a4a]
V  [jvm.dll+0x7d74f4]
V  [jvm.dll+0x7d8c9e]
V  [jvm.dll+0x7d9303]
V  [jvm.dll+0x2452c5]
V  [jvm.dll+0xaaa2b]
V  [jvm.dll+0xaafcc]
V  [jvm.dll+0x2aac2f]
V  [jvm.dll+0x57f375]
V  [jvm.dll+0x2205f2]
V  [jvm.dll+0x2191f0]
V  [jvm.dll+0x216df9]
V  [jvm.dll+0x1a35e0]
V  [jvm.dll+0x226a6e]
V  [jvm.dll+0x224e15]
V  [jvm.dll+0x78d05c]
V  [jvm.dll+0x78759a]
V  [jvm.dll+0x675875]
C  [ucrtbase.dll+0x21bb2]
C  [KERNEL32.DLL+0x17614]
C  [ntdll.dll+0x526b1]


---------------  P R O C E S S  ---------------

Threads class SMR info:
_java_thread_list=0x0000026f1e56cfb0, length=27, elements={
0x0000026f7d6d40f0, 0x0000026f7f0e52f0, 0x0000026f7f0e6070, 0x0000026f7f0f8a60,
0x0000026f7f0fa530, 0x0000026f7f0faff0, 0x0000026f7f0ff4e0, 0x0000026f7f1048c0,
0x0000026f7f10f6a0, 0x0000026f7f1123c0, 0x0000026f7fcef5a0, 0x0000026f7fcf22c0,
0x0000026f7fd2f000, 0x0000026f1ca9c3f0, 0x0000026f1d109330, 0x0000026f1e3e4bb0,
0x0000026f1d467a40, 0x0000026f1e23b040, 0x0000026f1d9f9030, 0x0000026f1e8eb970,
0x0000026f1d9bc1e0, 0x0000026f1d9ba9d0, 0x0000026f1d9baea0, 0x0000026f1d9ba500,
0x0000026f1d9bd9f0, 0x0000026f1d9bb370, 0x0000026f1d9bb840
}

Java Threads: ( => current thread )
  0x0000026f7d6d40f0 JavaThread "main" [_thread_blocked, id=14512, stack(0x000000a875600000,0x000000a875700000)]
  0x0000026f7f0e52f0 JavaThread "Reference Handler" daemon [_thread_blocked, id=15176, stack(0x000000a875d00000,0x000000a875e00000)]
  0x0000026f7f0e6070 JavaThread "Finalizer" daemon [_thread_blocked, id=9476, stack(0x000000a875e00000,0x000000a875f00000)]
  0x0000026f7f0f8a60 JavaThread "Signal Dispatcher" daemon [_thread_blocked, id=6856, stack(0x000000a875f00000,0x000000a876000000)]
  0x0000026f7f0fa530 JavaThread "Attach Listener" daemon [_thread_blocked, id=14532, stack(0x000000a876000000,0x000000a876100000)]
  0x0000026f7f0faff0 JavaThread "Service Thread" daemon [_thread_blocked, id=14420, stack(0x000000a876100000,0x000000a876200000)]
  0x0000026f7f0ff4e0 JavaThread "Monitor Deflation Thread" daemon [_thread_blocked, id=7512, stack(0x000000a876200000,0x000000a876300000)]
  0x0000026f7f1048c0 JavaThread "C2 CompilerThread0" daemon [_thread_in_native, id=18360, stack(0x000000a876300000,0x000000a876400000)]
  0x0000026f7f10f6a0 JavaThread "C1 CompilerThread0" daemon [_thread_in_native, id=12300, stack(0x000000a876400000,0x000000a876500000)]
  0x0000026f7f1123c0 JavaThread "Sweeper thread" daemon [_thread_blocked, id=9312, stack(0x000000a876500000,0x000000a876600000)]
  0x0000026f7fcef5a0 JavaThread "Common-Cleaner" daemon [_thread_blocked, id=13352, stack(0x000000a876600000,0x000000a876700000)]
  0x0000026f7fcf22c0 JavaThread "Notification Thread" daemon [_thread_blocked, id=9780, stack(0x000000a876700000,0x000000a876800000)]
  0x0000026f7fd2f000 JavaThread "C2 CompilerThread1" daemon [_thread_in_native, id=16836, stack(0x000000a876900000,0x000000a876a00000)]
=>0x0000026f1ca9c3f0 JavaThread "C2 CompilerThread2" daemon [_thread_in_native, id=14212, stack(0x000000a876a00000,0x000000a876b00000)]
  0x0000026f1d109330 JavaThread "Daemon health stats" [_thread_blocked, id=6900, stack(0x000000a876f00000,0x000000a877000000)]
  0x0000026f1e3e4bb0 JavaThread "Incoming local TCP Connector on port 50543" [_thread_in_native, id=7888, stack(0x000000a877000000,0x000000a877100000)]
  0x0000026f1d467a40 JavaThread "Daemon periodic checks" [_thread_blocked, id=4940, stack(0x000000a877100000,0x000000a877200000)]
  0x0000026f1e23b040 JavaThread "Daemon" [_thread_blocked, id=7564, stack(0x000000a877200000,0x000000a877300000)]
  0x0000026f1d9f9030 JavaThread "Handler for socket connection from /127.0.0.1:50543 to /127.0.0.1:50544" [_thread_in_native, id=6492, stack(0x000000a877300000,0x000000a877400000)]
  0x0000026f1e8eb970 JavaThread "Cancel handler" [_thread_blocked, id=16888, stack(0x000000a877400000,0x000000a877500000)]
  0x0000026f1d9bc1e0 JavaThread "Daemon worker" [_thread_in_vm, id=12716, stack(0x000000a877500000,0x000000a877600000)]
  0x0000026f1d9ba9d0 JavaThread "Asynchronous log dispatcher for DefaultDaemonConnection: socket connection from /127.0.0.1:50543 to /127.0.0.1:50544" [_thread_blocked, id=15312, stack(0x000000a877600000,0x000000a877700000)]
  0x0000026f1d9baea0 JavaThread "Stdin handler" [_thread_blocked, id=1544, stack(0x000000a877700000,0x000000a877800000)]
  0x0000026f1d9ba500 JavaThread "Daemon client event forwarder" [_thread_blocked, id=16084, stack(0x000000a877800000,0x000000a877900000)]
  0x0000026f1d9bd9f0 JavaThread "Cache worker for journal cache (C:\Users\Admin\.gradle\caches\journal-1)" [_thread_blocked, id=17864, stack(0x000000a877900000,0x000000a877a00000)]
  0x0000026f1d9bb370 JavaThread "File lock request listener" [_thread_in_native, id=13096, stack(0x000000a877a00000,0x000000a877b00000)]
  0x0000026f1d9bb840 JavaThread "Cache worker for file hash cache (C:\Users\Admin\.gradle\caches\8.0.1\fileHashes)" [_thread_blocked, id=2232, stack(0x000000a877e00000,0x000000a877f00000)]

Other Threads:
  0x0000026f7f0e17f0 VMThread "VM Thread" [stack: 0x000000a875c00000,0x000000a875d00000] [id=10888]
  0x0000026f7d748e00 WatcherThread [stack: 0x000000a876800000,0x000000a876900000] [id=18012]
  0x0000026f7d730210 GCTaskThread "GC Thread#0" [stack: 0x000000a875700000,0x000000a875800000] [id=5900]
  0x0000026f1cde5820 GCTaskThread "GC Thread#1" [stack: 0x000000a876b00000,0x000000a876c00000] [id=5512]
  0x0000026f1d1a5850 GCTaskThread "GC Thread#2" [stack: 0x000000a876c00000,0x000000a876d00000] [id=13260]
  0x0000026f7fedf9e0 GCTaskThread "GC Thread#3" [stack: 0x000000a876d00000,0x000000a876e00000] [id=2440]
  0x0000026f1d965b90 GCTaskThread "GC Thread#4" [stack: 0x000000a876e00000,0x000000a876f00000] [id=1700]
  0x0000026f1e5325e0 GCTaskThread "GC Thread#5" [stack: 0x000000a877b00000,0x000000a877c00000] [id=17012]
  0x0000026f1e532080 GCTaskThread "GC Thread#6" [stack: 0x000000a877c00000,0x000000a877d00000] [id=1044]
  0x0000026f1e532df0 GCTaskThread "GC Thread#7" [stack: 0x000000a877d00000,0x000000a877e00000] [id=18616]
  0x0000026f7d741060 ConcurrentGCThread "G1 Main Marker" [stack: 0x000000a875800000,0x000000a875900000] [id=10360]
  0x0000026f7d741980 ConcurrentGCThread "G1 Conc#0" [stack: 0x000000a875900000,0x000000a875a00000] [id=19128]
  0x0000026f7d7ae2a0 ConcurrentGCThread "G1 Refine#0" [stack: 0x000000a875a00000,0x000000a875b00000] [id=14324]
  0x0000026f7d7aebd0 ConcurrentGCThread "G1 Service" [stack: 0x000000a875b00000,0x000000a875c00000] [id=18888]

Threads with active compile tasks:
C2 CompilerThread0     2819 2208   !   4       java.net.URLClassLoader::findClass (47 bytes)
C2 CompilerThread1     2819 2134   !   4       java.lang.ClassLoader::loadClass (121 bytes)
C2 CompilerThread2     2819 2212       4       java.net.URLClassLoader$1::run (5 bytes)

VM state: not at safepoint (normal execution)

VM Mutex/Monitor currently owned by a thread: None

Heap address: 0x0000000080000000, size: 2048 MB, Compressed Oops mode: 32-bit

CDS archive(s) mapped at: [0x0000000800000000-0x0000000800bd0000-0x0000000800bd0000), size 12386304, SharedBaseAddress: 0x0000000800000000, ArchiveRelocationMode: 0.
Compressed class space mapped at: 0x0000000800c00000-0x000000081a800000, reserved size: 432013312
Narrow klass base: 0x0000000800000000, Narrow klass shift: 0, Narrow klass range: 0x100000000

GC Precious Log:
 CPUs: 8 total, 8 available
 Memory: 6082M
 Large Page Support: Disabled
 NUMA Support: Disabled
 Compressed Oops: Enabled (32-bit)
 Heap Region Size: 1M
 Heap Min Capacity: 8M
 Heap Initial Capacity: 96M
 Heap Max Capacity: 2G
 Pre-touch: Disabled
 Parallel Workers: 8
 Concurrent Workers: 2
 Concurrent Refinement Workers: 8
 Periodic GC: Disabled

Heap:
 garbage-first heap   total 98304K, used 29461K [0x0000000080000000, 0x0000000100000000)
  region size 1024K, 19 young (19456K), 7 survivors (7168K)
 Metaspace       used 15784K, committed 16128K, reserved 438272K
  class space    used 2281K, committed 2432K, reserved 421888K

Heap Regions: E=young(eden), S=young(survivor), O=old, HS=humongous(starts), HC=humongous(continues), CS=collection set, F=free, OA=open archive, CA=closed archive, TAMS=top-at-mark-start (previous, next)
|   0|0x0000000080000000, 0x0000000080100000, 0x0000000080100000|100%|HS|  |TAMS 0x0000000080000000, 0x0000000080000000| Complete 
|   1|0x0000000080100000, 0x0000000080200000, 0x0000000080200000|100%|HC|  |TAMS 0x0000000080100000, 0x0000000080100000| Complete 
|   2|0x0000000080200000, 0x0000000080300000, 0x0000000080300000|100%|HC|  |TAMS 0x0000000080200000, 0x0000000080200000| Complete 
|   3|0x0000000080300000, 0x0000000080400000, 0x0000000080400000|100%|HC|  |TAMS 0x0000000080300000, 0x0000000080300000| Complete 
|   4|0x0000000080400000, 0x0000000080500000, 0x0000000080500000|100%| O|  |TAMS 0x0000000080400000, 0x0000000080400000| Untracked 
|   5|0x0000000080500000, 0x0000000080600000, 0x0000000080600000|100%| O|  |TAMS 0x0000000080500000, 0x0000000080500000| Untracked 
|   6|0x0000000080600000, 0x0000000080700000, 0x0000000080700000|100%| O|  |TAMS 0x0000000080600000, 0x0000000080600000| Untracked 
|   7|0x0000000080700000, 0x0000000080800000, 0x0000000080800000|100%| O|  |TAMS 0x0000000080700000, 0x0000000080700000| Untracked 
|   8|0x0000000080800000, 0x00000000808c5600, 0x0000000080900000| 77%| O|  |TAMS 0x0000000080800000, 0x0000000080800000| Untracked 
|   9|0x0000000080900000, 0x0000000080a00000, 0x0000000080a00000|100%| O|  |TAMS 0x0000000080900000, 0x0000000080900000| Untracked 
|  10|0x0000000080a00000, 0x0000000080b00000, 0x0000000080b00000|100%| O|  |TAMS 0x0000000080a00000, 0x0000000080a00000| Untracked 
|  11|0x0000000080b00000, 0x0000000080c00000, 0x0000000080c00000|100%| O|  |TAMS 0x0000000080b00000, 0x0000000080b00000| Untracked 
|  12|0x0000000080c00000, 0x0000000080c00000, 0x0000000080d00000|  0%| F|  |TAMS 0x0000000080c00000, 0x0000000080c00000| Untracked 
|  13|0x0000000080d00000, 0x0000000080d00000, 0x0000000080e00000|  0%| F|  |TAMS 0x0000000080d00000, 0x0000000080d00000| Untracked 
|  14|0x0000000080e00000, 0x0000000080e00000, 0x0000000080f00000|  0%| F|  |TAMS 0x0000000080e00000, 0x0000000080e00000| Untracked 
|  15|0x0000000080f00000, 0x0000000080f00000, 0x0000000081000000|  0%| F|  |TAMS 0x0000000080f00000, 0x0000000080f00000| Untracked 
|  16|0x0000000081000000, 0x0000000081000000, 0x0000000081100000|  0%| F|  |TAMS 0x0000000081000000, 0x0000000081000000| Untracked 
|  17|0x0000000081100000, 0x0000000081100000, 0x0000000081200000|  0%| F|  |TAMS 0x0000000081100000, 0x0000000081100000| Untracked 
|  18|0x0000000081200000, 0x0000000081200000, 0x0000000081300000|  0%| F|  |TAMS 0x0000000081200000, 0x0000000081200000| Untracked 
|  19|0x0000000081300000, 0x0000000081300000, 0x0000000081400000|  0%| F|  |TAMS 0x0000000081300000, 0x0000000081300000| Untracked 
|  20|0x0000000081400000, 0x0000000081400000, 0x0000000081500000|  0%| F|  |TAMS 0x0000000081400000, 0x0000000081400000| Untracked 
|  21|0x0000000081500000, 0x0000000081500000, 0x0000000081600000|  0%| F|  |TAMS 0x0000000081500000, 0x0000000081500000| Untracked 
|  22|0x0000000081600000, 0x0000000081600000, 0x0000000081700000|  0%| F|  |TAMS 0x0000000081600000, 0x0000000081600000| Untracked 
|  23|0x0000000081700000, 0x0000000081700000, 0x0000000081800000|  0%| F|  |TAMS 0x0000000081700000, 0x0000000081700000| Untracked 
|  24|0x0000000081800000, 0x0000000081800000, 0x0000000081900000|  0%| F|  |TAMS 0x0000000081800000, 0x0000000081800000| Untracked 
|  25|0x0000000081900000, 0x0000000081900000, 0x0000000081a00000|  0%| F|  |TAMS 0x0000000081900000, 0x0000000081900000| Untracked 
|  26|0x0000000081a00000, 0x0000000081a00000, 0x0000000081b00000|  0%| F|  |TAMS 0x0000000081a00000, 0x0000000081a00000| Untracked 
|  27|0x0000000081b00000, 0x0000000081b00000, 0x0000000081c00000|  0%| F|  |TAMS 0x0000000081b00000, 0x0000000081b00000| Untracked 
|  28|0x0000000081c00000, 0x0000000081c00000, 0x0000000081d00000|  0%| F|  |TAMS 0x0000000081c00000, 0x0000000081c00000| Untracked 
|  29|0x0000000081d00000, 0x0000000081d00000, 0x0000000081e00000|  0%| F|  |TAMS 0x0000000081d00000, 0x0000000081d00000| Untracked 
|  30|0x0000000081e00000, 0x0000000081e00000, 0x0000000081f00000|  0%| F|  |TAMS 0x0000000081e00000, 0x0000000081e00000| Untracked 
|  31|0x0000000081f00000, 0x0000000081f00000, 0x0000000082000000|  0%| F|  |TAMS 0x0000000081f00000, 0x0000000081f00000| Untracked 
|  32|0x0000000082000000, 0x0000000082000000, 0x0000000082100000|  0%| F|  |TAMS 0x0000000082000000, 0x0000000082000000| Untracked 
|  33|0x0000000082100000, 0x0000000082100000, 0x0000000082200000|  0%| F|  |TAMS 0x0000000082100000, 0x0000000082100000| Untracked 
|  34|0x0000000082200000, 0x0000000082200000, 0x0000000082300000|  0%| F|  |TAMS 0x0000000082200000, 0x0000000082200000| Untracked 
|  35|0x0000000082300000, 0x0000000082400000, 0x0000000082400000|100%| S|CS|TAMS 0x0000000082300000, 0x0000000082300000| Complete 
|  36|0x0000000082400000, 0x0000000082500000, 0x0000000082500000|100%| S|CS|TAMS 0x0000000082400000, 0x0000000082400000| Complete 
|  37|0x0000000082500000, 0x0000000082600000, 0x0000000082600000|100%| S|CS|TAMS 0x0000000082500000, 0x0000000082500000| Complete 
|  38|0x0000000082600000, 0x0000000082700000, 0x0000000082700000|100%| S|CS|TAMS 0x0000000082600000, 0x0000000082600000| Complete 
|  39|0x0000000082700000, 0x0000000082800000, 0x0000000082800000|100%| S|CS|TAMS 0x0000000082700000, 0x0000000082700000| Complete 
|  40|0x0000000082800000, 0x0000000082900000, 0x0000000082900000|100%| S|CS|TAMS 0x0000000082800000, 0x0000000082800000| Complete 
|  41|0x0000000082900000, 0x0000000082a00000, 0x0000000082a00000|100%| S|CS|TAMS 0x0000000082900000, 0x0000000082900000| Complete 
|  42|0x0000000082a00000, 0x0000000082a00000, 0x0000000082b00000|  0%| F|  |TAMS 0x0000000082a00000, 0x0000000082a00000| Untracked 
|  43|0x0000000082b00000, 0x0000000082b00000, 0x0000000082c00000|  0%| F|  |TAMS 0x0000000082b00000, 0x0000000082b00000| Untracked 
|  44|0x0000000082c00000, 0x0000000082c00000, 0x0000000082d00000|  0%| F|  |TAMS 0x0000000082c00000, 0x0000000082c00000| Untracked 
|  45|0x0000000082d00000, 0x0000000082d00000, 0x0000000082e00000|  0%| F|  |TAMS 0x0000000082d00000, 0x0000000082d00000| Untracked 
|  46|0x0000000082e00000, 0x0000000082e00000, 0x0000000082f00000|  0%| F|  |TAMS 0x0000000082e00000, 0x0000000082e00000| Untracked 
|  47|0x0000000082f00000, 0x0000000082f00000, 0x0000000083000000|  0%| F|  |TAMS 0x0000000082f00000, 0x0000000082f00000| Untracked 
|  48|0x0000000083000000, 0x0000000083000000, 0x0000000083100000|  0%| F|  |TAMS 0x0000000083000000, 0x0000000083000000| Untracked 
|  49|0x0000000083100000, 0x0000000083100000, 0x0000000083200000|  0%| F|  |TAMS 0x0000000083100000, 0x0000000083100000| Untracked 
|  50|0x0000000083200000, 0x0000000083200000, 0x0000000083300000|  0%| F|  |TAMS 0x0000000083200000, 0x0000000083200000| Untracked 
|  51|0x0000000083300000, 0x0000000083300000, 0x0000000083400000|  0%| F|  |TAMS 0x0000000083300000, 0x0000000083300000| Untracked 
|  52|0x0000000083400000, 0x0000000083400000, 0x0000000083500000|  0%| F|  |TAMS 0x0000000083400000, 0x0000000083400000| Untracked 
|  53|0x0000000083500000, 0x0000000083500000, 0x0000000083600000|  0%| F|  |TAMS 0x0000000083500000, 0x0000000083500000| Untracked 
|  54|0x0000000083600000, 0x0000000083600000, 0x0000000083700000|  0%| F|  |TAMS 0x0000000083600000, 0x0000000083600000| Untracked 
|  55|0x0000000083700000, 0x0000000083700000, 0x0000000083800000|  0%| F|  |TAMS 0x0000000083700000, 0x0000000083700000| Untracked 
|  56|0x0000000083800000, 0x0000000083800000, 0x0000000083900000|  0%| F|  |TAMS 0x0000000083800000, 0x0000000083800000| Untracked 
|  57|0x0000000083900000, 0x0000000083900000, 0x0000000083a00000|  0%| F|  |TAMS 0x0000000083900000, 0x0000000083900000| Untracked 
|  58|0x0000000083a00000, 0x0000000083a00000, 0x0000000083b00000|  0%| F|  |TAMS 0x0000000083a00000, 0x0000000083a00000| Untracked 
|  59|0x0000000083b00000, 0x0000000083b00000, 0x0000000083c00000|  0%| F|  |TAMS 0x0000000083b00000, 0x0000000083b00000| Untracked 
|  60|0x0000000083c00000, 0x0000000083c00000, 0x0000000083d00000|  0%| F|  |TAMS 0x0000000083c00000, 0x0000000083c00000| Untracked 
|  61|0x0000000083d00000, 0x0000000083d00000, 0x0000000083e00000|  0%| F|  |TAMS 0x0000000083d00000, 0x0000000083d00000| Untracked 
|  62|0x0000000083e00000, 0x0000000083e00000, 0x0000000083f00000|  0%| F|  |TAMS 0x0000000083e00000, 0x0000000083e00000| Untracked 
|  63|0x0000000083f00000, 0x0000000083f00000, 0x0000000084000000|  0%| F|  |TAMS 0x0000000083f00000, 0x0000000083f00000| Untracked 
|  64|0x0000000084000000, 0x0000000084000000, 0x0000000084100000|  0%| F|  |TAMS 0x0000000084000000, 0x0000000084000000| Untracked 
|  65|0x0000000084100000, 0x0000000084100000, 0x0000000084200000|  0%| F|  |TAMS 0x0000000084100000, 0x0000000084100000| Untracked 
|  66|0x0000000084200000, 0x0000000084200000, 0x0000000084300000|  0%| F|  |TAMS 0x0000000084200000, 0x0000000084200000| Untracked 
|  67|0x0000000084300000, 0x0000000084300000, 0x0000000084400000|  0%| F|  |TAMS 0x0000000084300000, 0x0000000084300000| Untracked 
|  68|0x0000000084400000, 0x0000000084400000, 0x0000000084500000|  0%| F|  |TAMS 0x0000000084400000, 0x0000000084400000| Untracked 
|  69|0x0000000084500000, 0x0000000084500000, 0x0000000084600000|  0%| F|  |TAMS 0x0000000084500000, 0x0000000084500000| Untracked 
|  70|0x0000000084600000, 0x0000000084600000, 0x0000000084700000|  0%| F|  |TAMS 0x0000000084600000, 0x0000000084600000| Untracked 
|  71|0x0000000084700000, 0x0000000084700000, 0x0000000084800000|  0%| F|  |TAMS 0x0000000084700000, 0x0000000084700000| Untracked 
|  72|0x0000000084800000, 0x0000000084800000, 0x0000000084900000|  0%| F|  |TAMS 0x0000000084800000, 0x0000000084800000| Untracked 
|  73|0x0000000084900000, 0x0000000084900000, 0x0000000084a00000|  0%| F|  |TAMS 0x0000000084900000, 0x0000000084900000| Untracked 
|  74|0x0000000084a00000, 0x0000000084a00000, 0x0000000084b00000|  0%| F|  |TAMS 0x0000000084a00000, 0x0000000084a00000| Untracked 
|  75|0x0000000084b00000, 0x0000000084b00000, 0x0000000084c00000|  0%| F|  |TAMS 0x0000000084b00000, 0x0000000084b00000| Untracked 
|  76|0x0000000084c00000, 0x0000000084c00000, 0x0000000084d00000|  0%| F|  |TAMS 0x0000000084c00000, 0x0000000084c00000| Untracked 
|  77|0x0000000084d00000, 0x0000000084d00000, 0x0000000084e00000|  0%| F|  |TAMS 0x0000000084d00000, 0x0000000084d00000| Untracked 
|  78|0x0000000084e00000, 0x0000000084e00000, 0x0000000084f00000|  0%| F|  |TAMS 0x0000000084e00000, 0x0000000084e00000| Untracked 
|  79|0x0000000084f00000, 0x0000000084f00000, 0x0000000085000000|  0%| F|  |TAMS 0x0000000084f00000, 0x0000000084f00000| Untracked 
|  80|0x0000000085000000, 0x0000000085000000, 0x0000000085100000|  0%| F|  |TAMS 0x0000000085000000, 0x0000000085000000| Untracked 
|  81|0x0000000085100000, 0x0000000085100000, 0x0000000085200000|  0%| F|  |TAMS 0x0000000085100000, 0x0000000085100000| Untracked 
|  82|0x0000000085200000, 0x0000000085200000, 0x0000000085300000|  0%| F|  |TAMS 0x0000000085200000, 0x0000000085200000| Untracked 
|  83|0x0000000085300000, 0x00000000853668c0, 0x0000000085400000| 40%| E|  |TAMS 0x0000000085300000, 0x0000000085300000| Complete 
|  84|0x0000000085400000, 0x0000000085500000, 0x0000000085500000|100%| E|CS|TAMS 0x0000000085400000, 0x0000000085400000| Complete 
|  85|0x0000000085500000, 0x0000000085600000, 0x0000000085600000|100%| E|CS|TAMS 0x0000000085500000, 0x0000000085500000| Complete 
|  86|0x0000000085600000, 0x0000000085700000, 0x0000000085700000|100%| E|CS|TAMS 0x0000000085600000, 0x0000000085600000| Complete 
|  87|0x0000000085700000, 0x0000000085800000, 0x0000000085800000|100%| E|CS|TAMS 0x0000000085700000, 0x0000000085700000| Complete 
|  88|0x0000000085800000, 0x0000000085900000, 0x0000000085900000|100%| E|CS|TAMS 0x0000000085800000, 0x0000000085800000| Complete 
|  89|0x0000000085900000, 0x0000000085a00000, 0x0000000085a00000|100%| E|CS|TAMS 0x0000000085900000, 0x0000000085900000| Complete 
|  90|0x0000000085a00000, 0x0000000085b00000, 0x0000000085b00000|100%| E|CS|TAMS 0x0000000085a00000, 0x0000000085a00000| Complete 
|  91|0x0000000085b00000, 0x0000000085c00000, 0x0000000085c00000|100%| E|CS|TAMS 0x0000000085b00000, 0x0000000085b00000| Complete 
|  92|0x0000000085c00000, 0x0000000085d00000, 0x0000000085d00000|100%| E|CS|TAMS 0x0000000085c00000, 0x0000000085c00000| Complete 
|  93|0x0000000085d00000, 0x0000000085e00000, 0x0000000085e00000|100%| E|CS|TAMS 0x0000000085d00000, 0x0000000085d00000| Complete 
|  94|0x0000000085e00000, 0x0000000085f00000, 0x0000000085f00000|100%| E|  |TAMS 0x0000000085e00000, 0x0000000085e00000| Complete 
|  95|0x0000000085f00000, 0x0000000086000000, 0x0000000086000000|100%| E|CS|TAMS 0x0000000085f00000, 0x0000000085f00000| Complete 

Card table byte_map: [0x0000026f7dee0000,0x0000026f7e2e0000] _byte_map_base: 0x0000026f7dae0000

Marking Bits (Prev, Next): (CMBitMap*) 0x0000026f7d730730, (CMBitMap*) 0x0000026f7d730770
 Prev Bits: [0x0000026f167b0000, 0x0000026f187b0000)
 Next Bits: [0x0000026f187b0000, 0x0000026f1a7b0000)

Polling page: 0x0000026f7b4e0000

Metaspace:

Usage:
  Non-class:     13.20 MB used.
      Class:      2.23 MB used.
       Both:     15.43 MB used.

Virtual space:
  Non-class space:       16.00 MB reserved,      13.38 MB ( 84%) committed,  2 nodes.
      Class space:      412.00 MB reserved,       2.38 MB ( <1%) committed,  1 nodes.
             Both:      428.00 MB reserved,      15.75 MB (  4%) committed. 

Chunk freelists:
   Non-Class:  1.92 MB
       Class:  1.61 MB
        Both:  3.53 MB

MaxMetaspaceSize: 512.00 MB
CompressedClassSpaceSize: 412.00 MB
Initial GC threshold: 21.00 MB
Current GC threshold: 21.00 MB
CDS: on
MetaspaceReclaimPolicy: balanced
 - commit_granule_bytes: 65536.
 - commit_granule_words: 8192.
 - virtual_space_node_default_size: 1048576.
 - enlarge_chunks_in_place: 1.
 - new_chunks_are_fully_committed: 0.
 - uncommit_free_chunks: 1.
 - use_allocation_guard: 0.
 - handle_deallocations: 1.


Internal statistics:

num_allocs_failed_limit: 0.
num_arena_births: 206.
num_arena_deaths: 0.
num_vsnodes_births: 3.
num_vsnodes_deaths: 0.
num_space_committed: 252.
num_space_uncommitted: 0.
num_chunks_returned_to_freelist: 0.
num_chunks_taken_from_freelist: 722.
num_chunk_merges: 0.
num_chunk_splits: 480.
num_chunks_enlarged: 359.
num_purges: 0.
num_inconsistent_stats: 0.

CodeHeap 'non-profiled nmethods': size=120000Kb used=1157Kb max_used=1157Kb free=118842Kb
 bounds [0x0000026f0f280000, 0x0000026f0f4f0000, 0x0000026f167b0000]
CodeHeap 'profiled nmethods': size=120000Kb used=4505Kb max_used=4505Kb free=115494Kb
 bounds [0x0000026f077b0000, 0x0000026f07c20000, 0x0000026f0ece0000]
CodeHeap 'non-nmethods': size=5760Kb used=1222Kb max_used=1263Kb free=4537Kb
 bounds [0x0000026f0ece0000, 0x0000026f0ef50000, 0x0000026f0f280000]
 total_blobs=2745 nmethods=2218 adapters=439
 compilation: enabled
              stopped_count=0, restarted_count=0
 full_count=0

Compilation events (20 events):
Event: 2.686 Thread 0x0000026f7f10f6a0 2202   !   3       org.gradle.internal.service.MethodHandleBasedServiceMethodFactory::toServiceMethod (51 bytes)
Event: 2.687 Thread 0x0000026f7f10f6a0 nmethod 2202 0x0000026f07c03210 code [0x0000026f07c03580, 0x0000026f07c04c78]
Event: 2.688 Thread 0x0000026f7f10f6a0 2203       3       java.lang.reflect.Method::getGenericParameterTypes (5 bytes)
Event: 2.688 Thread 0x0000026f7f1048c0 2205       4       java.lang.ClassNotFoundException::<init> (7 bytes)
Event: 2.689 Thread 0x0000026f7f10f6a0 nmethod 2203 0x0000026f07c05390 code [0x0000026f07c05640, 0x0000026f07c066f8]
Event: 2.689 Thread 0x0000026f7f10f6a0 2204       3       java.lang.reflect.Method::hasGenericInformation (13 bytes)
Event: 2.689 Thread 0x0000026f7f10f6a0 nmethod 2204 0x0000026f07c06c10 code [0x0000026f07c06da0, 0x0000026f07c06f18]
Event: 2.691 Thread 0x0000026f7f10f6a0 2206   !   3       org.gradle.internal.classloader.TransformingClassLoader::findClass (203 bytes)
Event: 2.692 Thread 0x0000026f7f1048c0 nmethod 2205 0x0000026f0f3a0090 code [0x0000026f0f3a0220, 0x0000026f0f3a0908]
Event: 2.694 Thread 0x0000026f7f10f6a0 nmethod 2206 0x0000026f07c06f90 code [0x0000026f07c07460, 0x0000026f07c09858]
Event: 2.694 Thread 0x0000026f7f10f6a0 2207       3       org.gradle.initialization.MixInLegacyTypesClassLoader::shouldTransform (42 bytes)
Event: 2.694 Thread 0x0000026f7f10f6a0 nmethod 2207 0x0000026f07c0a810 code [0x0000026f07c0a9e0, 0x0000026f07c0add8]
Event: 2.695 Thread 0x0000026f7f1048c0 2208   !   4       java.net.URLClassLoader::findClass (47 bytes)
Event: 2.718 Thread 0x0000026f7f10f6a0 2209       3       org.gradle.internal.service.AbstractServiceMethod::<init> (42 bytes)
Event: 2.721 Thread 0x0000026f1ca9c3f0 2210       4       java.util.HashMap$HashIterator::nextNode (100 bytes)
Event: 2.721 Thread 0x0000026f7f10f6a0 nmethod 2209 0x0000026f07c0af90 code [0x0000026f07c0b2e0, 0x0000026f07c0ce68]
Event: 2.721 Thread 0x0000026f7f10f6a0 2211       3       org.gradle.internal.service.DefaultServiceRegistry$FactoryMethodService::<init> (22 bytes)
Event: 2.723 Thread 0x0000026f7f10f6a0 nmethod 2211 0x0000026f07c0d610 code [0x0000026f07c0d840, 0x0000026f07c0e2a8]
Event: 2.731 Thread 0x0000026f1ca9c3f0 nmethod 2210 0x0000026f0f3a0a90 code [0x0000026f0f3a0c20, 0x0000026f0f3a0ff8]
Event: 2.731 Thread 0x0000026f1ca9c3f0 2212       4       java.net.URLClassLoader$1::run (5 bytes)

GC Heap History (6 events):
Event: 0.683 GC heap before
{Heap before GC invocations=0 (full 0):
 garbage-first heap   total 98304K, used 26624K [0x0000000080000000, 0x0000000100000000)
  region size 1024K, 23 young (23552K), 0 survivors (0K)
 Metaspace       used 3009K, committed 3136K, reserved 430080K
  class space    used 379K, committed 448K, reserved 421888K
}
Event: 0.690 GC heap after
{Heap after GC invocations=1 (full 0):
 garbage-first heap   total 98304K, used 10272K [0x0000000080000000, 0x0000000100000000)
  region size 1024K, 3 young (3072K), 3 survivors (3072K)
 Metaspace       used 3009K, committed 3136K, reserved 430080K
  class space    used 379K, committed 448K, reserved 421888K
}
Event: 1.124 GC heap before
{Heap before GC invocations=1 (full 0):
 garbage-first heap   total 98304K, used 38944K [0x0000000080000000, 0x0000000100000000)
  region size 1024K, 30 young (30720K), 3 survivors (3072K)
 Metaspace       used 3929K, committed 4096K, reserved 430080K
  class space    used 475K, committed 576K, reserved 421888K
}
Event: 1.129 GC heap after
{Heap after GC invocations=2 (full 0):
 garbage-first heap   total 98304K, used 13593K [0x0000000080000000, 0x0000000100000000)
  region size 1024K, 3 young (3072K), 3 survivors (3072K)
 Metaspace       used 3929K, committed 4096K, reserved 430080K
  class space    used 475K, committed 576K, reserved 421888K
}
Event: 2.545 GC heap before
{Heap before GC invocations=2 (full 0):
 garbage-first heap   total 98304K, used 65817K [0x0000000080000000, 0x0000000100000000)
  region size 1024K, 54 young (55296K), 3 survivors (3072K)
 Metaspace       used 13807K, committed 14080K, reserved 438272K
  class space    used 1953K, committed 2112K, reserved 421888K
}
Event: 2.552 GC heap after
{Heap after GC invocations=3 (full 0):
 garbage-first heap   total 98304K, used 19221K [0x0000000080000000, 0x0000000100000000)
  region size 1024K, 7 young (7168K), 7 survivors (7168K)
 Metaspace       used 13807K, committed 14080K, reserved 438272K
  class space    used 1953K, committed 2112K, reserved 421888K
}

Deoptimization events (20 events):
Event: 2.408 Thread 0x0000026f1d9bc1e0 Uncommon trap: trap_request=0xffffff45 fr.pc=0x0000026f0f295d38 relative=0x0000000000000198
Event: 2.408 Thread 0x0000026f1d9bc1e0 Uncommon trap: reason=unstable_if action=reinterpret pc=0x0000026f0f295d38 method=java.util.regex.Matcher.reset()Ljava/util/regex/Matcher; @ 47 c2
Event: 2.408 Thread 0x0000026f1d9bc1e0 DEOPT PACKING pc=0x0000026f0f295d38 sp=0x000000a8775fac80
Event: 2.408 Thread 0x0000026f1d9bc1e0 DEOPT UNPACKING pc=0x0000026f0ed323a3 sp=0x000000a8775fac08 mode 2
Event: 2.408 Thread 0x0000026f1d9bc1e0 Uncommon trap: trap_request=0xffffff45 fr.pc=0x0000026f0f296564 relative=0x0000000000000404
Event: 2.408 Thread 0x0000026f1d9bc1e0 Uncommon trap: reason=unstable_if action=reinterpret pc=0x0000026f0f296564 method=java.util.regex.Matcher.match(II)Z @ 76 c2
Event: 2.408 Thread 0x0000026f1d9bc1e0 DEOPT PACKING pc=0x0000026f0f296564 sp=0x000000a8775facb0
Event: 2.408 Thread 0x0000026f1d9bc1e0 DEOPT UNPACKING pc=0x0000026f0ed323a3 sp=0x000000a8775fac80 mode 2
Event: 2.431 Thread 0x0000026f1d9bc1e0 Uncommon trap: trap_request=0xffffff45 fr.pc=0x0000026f0f309fbc relative=0x000000000000071c
Event: 2.431 Thread 0x0000026f1d9bc1e0 Uncommon trap: reason=unstable_if action=reinterpret pc=0x0000026f0f309fbc method=java.util.ArrayList.grow(I)[Ljava/lang/Object; @ 17 c2
Event: 2.431 Thread 0x0000026f1d9bc1e0 DEOPT PACKING pc=0x0000026f0f309fbc sp=0x000000a8775fccb0
Event: 2.431 Thread 0x0000026f1d9bc1e0 DEOPT UNPACKING pc=0x0000026f0ed323a3 sp=0x000000a8775fcb48 mode 2
Event: 2.454 Thread 0x0000026f1d9bc1e0 Uncommon trap: trap_request=0xffffff45 fr.pc=0x0000026f0f29a610 relative=0x0000000000000a90
Event: 2.454 Thread 0x0000026f1d9bc1e0 Uncommon trap: reason=unstable_if action=reinterpret pc=0x0000026f0f29a610 method=java.io.WinNTFileSystem.resolve(Ljava/lang/String;Ljava/lang/String;)Ljava/lang/String; @ 19 c2
Event: 2.454 Thread 0x0000026f1d9bc1e0 DEOPT PACKING pc=0x0000026f0f29a610 sp=0x000000a8775fcbc0
Event: 2.454 Thread 0x0000026f1d9bc1e0 DEOPT UNPACKING pc=0x0000026f0ed323a3 sp=0x000000a8775fcb68 mode 2
Event: 2.455 Thread 0x0000026f1d9bc1e0 Uncommon trap: trap_request=0xffffff45 fr.pc=0x0000026f0f2f3b40 relative=0x00000000000005a0
Event: 2.455 Thread 0x0000026f1d9bc1e0 Uncommon trap: reason=unstable_if action=reinterpret pc=0x0000026f0f2f3b40 method=java.io.File.getName()Ljava/lang/String; @ 16 c2
Event: 2.455 Thread 0x0000026f1d9bc1e0 DEOPT PACKING pc=0x0000026f0f2f3b40 sp=0x000000a8775fcb60
Event: 2.455 Thread 0x0000026f1d9bc1e0 DEOPT UNPACKING pc=0x0000026f0ed323a3 sp=0x000000a8775fcb30 mode 2

Classes unloaded (0 events):
No events

Classes redefined (0 events):
No events

Internal exceptions (20 events):
Event: 2.128 Thread 0x0000026f1d9bc1e0 Exception <a 'java/lang/NoSuchMethodError'{0x00000000844c7d10}: 'long java.lang.invoke.DirectMethodHandle$Holder.invokeInterface(java.lang.Object, java.lang.Object)'> (0x00000000844c7d10) 
thrown [s\open\src\hotspot\share\interpreter\linkResolver.cpp, line 759]
Event: 2.133 Thread 0x0000026f1d9bc1e0 Exception <a 'java/lang/NoSuchMethodError'{0x00000000844fdbe0}: 'java.lang.Object java.lang.invoke.DirectMethodHandle$Holder.invokeVirtual(java.lang.Object, java.lang.Object, java.lang.Object)'> (0x00000000844fdbe0) 
thrown [s\open\src\hotspot\share\interpreter\linkResolver.cpp, line 759]
Event: 2.208 Thread 0x0000026f1d9bc1e0 Exception <a 'java/lang/NoSuchMethodError'{0x0000000083ca87d8}: 'java.lang.Object java.lang.invoke.DirectMethodHandle$Holder.newInvokeSpecial(java.lang.Object, java.lang.Object, java.lang.Object, java.lang.Object, java.lang.Object)'> (0x0000000083ca87d8) 
thrown [s\open\src\hotspot\share\interpreter\linkResolver.cpp, line 759]
Event: 2.236 Thread 0x0000026f1d9bc1e0 Exception <a 'java/lang/NoSuchMethodError'{0x0000000083a4f9a8}: 'void java.lang.invoke.DirectMethodHandle$Holder.invokeSpecial(java.lang.Object, java.lang.Object, java.lang.Object)'> (0x0000000083a4f9a8) 
thrown [s\open\src\hotspot\share\interpreter\linkResolver.cpp, line 759]
Event: 2.250 Thread 0x0000026f1d9bc1e0 Exception <a 'java/lang/NoSuchMethodError'{0x0000000083ad1678}: 'java.lang.Object java.lang.invoke.DirectMethodHandle$Holder.newInvokeSpecial(java.lang.Object, java.lang.Object, java.lang.Object, java.lang.Object, java.lang.Object, java.lang.Object)'> (0x0000000083ad1678) 
thrown [s\open\src\hotspot\share\interpreter\linkResolver.cpp, line 759]
Event: 2.251 Thread 0x0000026f1d9bc1e0 Exception <a 'java/lang/NoSuchMethodError'{0x0000000083ade698}: 'void java.lang.invoke.DirectMethodHandle$Holder.invokeSpecial(java.lang.Object, java.lang.Object, java.lang.Object, java.lang.Object, java.lang.Object)'> (0x0000000083ade698) 
thrown [s\open\src\hotspot\share\interpreter\linkResolver.cpp, line 759]
Event: 2.303 Thread 0x0000026f1d9bc1e0 Exception <a 'java/lang/NoSuchMethodError'{0x0000000083769d58}: 'void java.lang.invoke.DelegatingMethodHandle$Holder.reinvoke_L(java.lang.Object, java.lang.Object, java.lang.Object, java.lang.Object, java.lang.Object, java.lang.Object, java.lang.Object, java.lang.Object, java.lang.Object, java.lang.Object, java.lang.Object)'> (0x0000000083769d58) 
thrown [s\open\src\hotspot\share\interpreter\linkResolver.cpp, line 759]
Event: 2.304 Thread 0x0000026f1d9bc1e0 Exception <a 'java/lang/NoSuchMethodError'{0x0000000083772858}: 'java.lang.Object java.lang.invoke.DirectMethodHandle$Holder.invokeSpecial(java.lang.Object, java.lang.Object, java.lang.Object, java.lang.Object, java.lang.Object, java.lang.Object, java.lang.Object, java.lang.Object, java.lang.Object, java.lang.Object, java.lang.Object)'> (0x0000000083772858) 
thrown [s\open\src\hotspot\share\interpreter\linkResolver.cpp, line 759]
Event: 2.304 Thread 0x0000026f1d9bc1e0 Exception <a 'java/lang/NoSuchMethodError'{0x0000000083777320}: 'java.lang.Object java.lang.invoke.Invokers$Holder.invoker(java.lang.Object, java.lang.Object, java.lang.Object, java.lang.Object, java.lang.Object, java.lang.Object, java.lang.Object, java.lang.Object, java.lang.Object, java.lang.Object, java.lang.Object)'> (0x0000000083777320) 
thrown [s\open\src\hotspot\share\interpreter\linkResolver.cpp, line 759]
Event: 2.305 Thread 0x0000026f1d9bc1e0 Exception <a 'java/lang/NoSuchMethodError'{0x000000008377d118}: 'java.lang.Object java.lang.invoke.DirectMethodHandle$Holder.invokeSpecial(java.lang.Object, java.lang.Object, java.lang.Object, java.lang.Object, java.lang.Object, java.lang.Object, java.lang.Object, java.lang.Object, java.lang.Object, java.lang.Object, java.lang.Object, java.lang.Object)'> (0x000000008377d118) 
thrown [s\open\src\hotspot\share\interpreter\linkResolver.cpp, line 759]
Event: 2.326 Thread 0x0000026f1d9bc1e0 Exception <a 'java/lang/NoSuchMethodError'{0x000000008368a5d0}: 'java.lang.Object java.lang.invoke.DirectMethodHandle$Holder.invokeSpecial(java.lang.Object, java.lang.Object, java.lang.Object, java.lang.Object, java.lang.Object, java.lang.Object, java.lang.Object, java.lang.Object, java.lang.Object)'> (0x000000008368a5d0) 
thrown [s\open\src\hotspot\share\interpreter\linkResolver.cpp, line 759]
Event: 2.379 Thread 0x0000026f1d9bc1e0 Exception <a 'java/lang/NoSuchMethodError'{0x00000000833bb998}: 'void java.lang.invoke.DirectMethodHandle$Holder.invokeStaticInit(java.lang.Object)'> (0x00000000833bb998) 
thrown [s\open\src\hotspot\share\interpreter\linkResolver.cpp, line 759]
Event: 2.390 Thread 0x0000026f1d9bc1e0 Exception <a 'java/lang/NoSuchMethodError'{0x000000008324e908}: 'java.lang.Object java.lang.invoke.DirectMethodHandle$Holder.newInvokeSpecial(java.lang.Object, java.lang.Object, java.lang.Object, int)'> (0x000000008324e908) 
thrown [s\open\src\hotspot\share\interpreter\linkResolver.cpp, line 759]
Event: 2.391 Thread 0x0000026f1d9bc1e0 Exception <a 'java/lang/NoSuchMethodError'{0x0000000083253238}: 'java.lang.Object java.lang.invoke.DirectMethodHandle$Holder.invokeSpecial(java.lang.Object, java.lang.Object, java.lang.Object, java.lang.Object, int)'> (0x0000000083253238) 
thrown [s\open\src\hotspot\share\interpreter\linkResolver.cpp, line 759]
Event: 2.391 Thread 0x0000026f1d9bc1e0 Exception <a 'java/lang/NoSuchMethodError'{0x0000000083257350}: 'java.lang.Object java.lang.invoke.Invokers$Holder.linkToTargetMethod(java.lang.Object, java.lang.Object, int, java.lang.Object)'> (0x0000000083257350) 
thrown [s\open\src\hotspot\share\interpreter\linkResolver.cpp, line 759]
Event: 2.612 Thread 0x0000026f1d9bc1e0 Exception <a 'java/lang/NoSuchMethodError'{0x0000000085d950c8}: 'int java.lang.invoke.DirectMethodHandle$Holder.invokeSpecialIFC(java.lang.Object, java.lang.Object, java.lang.Object, java.lang.Object)'> (0x0000000085d950c8) 
thrown [s\open\src\hotspot\share\interpreter\linkResolver.cpp, line 759]
Event: 2.614 Thread 0x0000026f1d9bc1e0 Exception <a 'java/lang/NoSuchMethodError'{0x0000000085da4120}: 'java.lang.Object java.lang.invoke.DirectMethodHandle$Holder.invokeInterface(java.lang.Object, java.lang.Object, java.lang.Object)'> (0x0000000085da4120) 
thrown [s\open\src\hotspot\share\interpreter\linkResolver.cpp, line 759]
Event: 2.615 Thread 0x0000026f1d9bc1e0 Exception <a 'java/lang/IncompatibleClassChangeError'{0x0000000085da7d38}: Found class java.lang.Object, but interface was expected> (0x0000000085da7d38) 
thrown [s\open\src\hotspot\share\interpreter\linkResolver.cpp, line 826]
Event: 2.640 Thread 0x0000026f1d9bc1e0 Exception <a 'java/lang/NoSuchMethodError'{0x0000000085c7fb80}: 'int java.lang.invoke.DirectMethodHandle$Holder.invokeStatic(java.lang.Object, java.lang.Object, java.lang.Object, java.lang.Object)'> (0x0000000085c7fb80) 
thrown [s\open\src\hotspot\share\interpreter\linkResolver.cpp, line 759]
Event: 2.640 Thread 0x0000026f1d9bc1e0 Exception <a 'java/lang/NoSuchMethodError'{0x0000000085c837a8}: 'java.lang.Object java.lang.invoke.Invokers$Holder.invokeExact_MT(java.lang.Object, java.lang.Object, java.lang.Object, java.lang.Object, java.lang.Object, java.lang.Object)'> (0x0000000085c837a8) 
thrown [s\open\src\hotspot\share\interpreter\linkResolver.cpp, line 759]

VM Operations (20 events):
Event: 1.658 Executing VM operation: HandshakeAllThreads
Event: 1.658 Executing VM operation: HandshakeAllThreads done
Event: 1.731 Executing VM operation: HandshakeAllThreads
Event: 1.731 Executing VM operation: HandshakeAllThreads done
Event: 1.958 Executing VM operation: HandshakeAllThreads
Event: 1.958 Executing VM operation: HandshakeAllThreads done
Event: 2.025 Executing VM operation: HandshakeAllThreads
Event: 2.025 Executing VM operation: HandshakeAllThreads done
Event: 2.380 Executing VM operation: ICBufferFull
Event: 2.380 Executing VM operation: ICBufferFull done
Event: 2.460 Executing VM operation: HandshakeAllThreads
Event: 2.460 Executing VM operation: HandshakeAllThreads done
Event: 2.461 Executing VM operation: HandshakeAllThreads
Event: 2.461 Executing VM operation: HandshakeAllThreads done
Event: 2.482 Executing VM operation: HandshakeAllThreads
Event: 2.482 Executing VM operation: HandshakeAllThreads done
Event: 2.482 Executing VM operation: HandshakeAllThreads
Event: 2.482 Executing VM operation: HandshakeAllThreads done
Event: 2.544 Executing VM operation: G1CollectForAllocation
Event: 2.552 Executing VM operation: G1CollectForAllocation done

Events (20 events):
Event: 2.626 loading class java/io/ObjectOutputStream
Event: 2.626 loading class java/io/ObjectOutput
Event: 2.626 loading class java/io/ObjectOutput done
Event: 2.626 loading class java/io/ObjectStreamConstants
Event: 2.627 loading class java/io/ObjectStreamConstants done
Event: 2.627 loading class java/io/ObjectOutputStream done
Event: 2.627 loading class java/io/ObjectInputStream
Event: 2.628 loading class java/io/ObjectInput
Event: 2.628 loading class java/io/ObjectInput done
Event: 2.628 loading class java/io/ObjectInputStream done
Event: 2.775 loading class javax/xml/parsers/ParserConfigurationException
Event: 2.775 loading class javax/xml/parsers/ParserConfigurationException done
Event: 2.775 loading class org/xml/sax/SAXException
Event: 2.775 loading class org/xml/sax/SAXException done
Event: 2.775 loading class javax/xml/xpath/XPathExpressionException
Event: 2.775 loading class javax/xml/xpath/XPathException
Event: 2.775 loading class javax/xml/xpath/XPathException done
Event: 2.775 loading class javax/xml/xpath/XPathExpressionException done
Event: 2.776 loading class org/xml/sax/ErrorHandler
Event: 2.776 loading class org/xml/sax/ErrorHandler done


Dynamic libraries:
0x00007ff662a40000 - 0x00007ff662a50000 	C:\Program Files\Java\jdk-17\bin\java.exe
0x00007ffc55bf0000 - 0x00007ffc55de8000 	C:\WINDOWS\SYSTEM32\ntdll.dll
0x00007ffc54c70000 - 0x00007ffc54d2f000 	C:\WINDOWS\System32\KERNEL32.DLL
0x00007ffc53700000 - 0x00007ffc539f6000 	C:\WINDOWS\System32\KERNELBASE.dll
0x00007ffc53600000 - 0x00007ffc53700000 	C:\WINDOWS\System32\ucrtbase.dll
0x00007ffc4ed90000 - 0x00007ffc4eda9000 	C:\Program Files\Java\jdk-17\bin\jli.dll
0x00007ffc4edb0000 - 0x00007ffc4edcb000 	C:\Program Files\Java\jdk-17\bin\VCRUNTIME140.dll
0x00007ffc54960000 - 0x00007ffc54a0f000 	C:\WINDOWS\System32\ADVAPI32.dll
0x00007ffc548c0000 - 0x00007ffc5495e000 	C:\WINDOWS\System32\msvcrt.dll
0x00007ffc55b10000 - 0x00007ffc55bac000 	C:\WINDOWS\System32\sechost.dll
0x00007ffc54a10000 - 0x00007ffc54b36000 	C:\WINDOWS\System32\RPCRT4.dll
0x00007ffc540d0000 - 0x00007ffc5426d000 	C:\WINDOWS\System32\USER32.dll
0x00007ffc3afa0000 - 0x00007ffc3b23a000 	C:\WINDOWS\WinSxS\amd64_microsoft.windows.common-controls_6595b64144ccf1df_6.0.19041.1110_none_60b5254171f9507e\COMCTL32.dll
0x00007ffc53bd0000 - 0x00007ffc53bf2000 	C:\WINDOWS\System32\win32u.dll
0x00007ffc54c00000 - 0x00007ffc54c2c000 	C:\WINDOWS\System32\GDI32.dll
0x00007ffc53a00000 - 0x00007ffc53b15000 	C:\WINDOWS\System32\gdi32full.dll
0x00007ffc53360000 - 0x00007ffc533fd000 	C:\WINDOWS\System32\msvcp_win.dll
0x00007ffc49a00000 - 0x00007ffc49a0a000 	C:\WINDOWS\SYSTEM32\VERSION.dll
0x00007ffc54c30000 - 0x00007ffc54c60000 	C:\WINDOWS\System32\IMM32.DLL
0x00007ffc4ed80000 - 0x00007ffc4ed8c000 	C:\Program Files\Java\jdk-17\bin\vcruntime140_1.dll
0x00007ffc33970000 - 0x00007ffc339fe000 	C:\Program Files\Java\jdk-17\bin\msvcp140.dll
0x00007ffbeb770000 - 0x00007ffbec34d000 	C:\Program Files\Java\jdk-17\bin\server\jvm.dll
0x00007ffc54c60000 - 0x00007ffc54c68000 	C:\WINDOWS\System32\PSAPI.DLL
0x00007ffc4b840000 - 0x00007ffc4b849000 	C:\WINDOWS\SYSTEM32\WSOCK32.dll
0x00007ffc499d0000 - 0x00007ffc499f7000 	C:\WINDOWS\SYSTEM32\WINMM.dll
0x00007ffc54450000 - 0x00007ffc544bb000 	C:\WINDOWS\System32\WS2_32.dll
0x00007ffc51140000 - 0x00007ffc51152000 	C:\WINDOWS\SYSTEM32\kernel.appcore.dll
0x00007ffc47bc0000 - 0x00007ffc47bca000 	C:\Program Files\Java\jdk-17\bin\jimage.dll
0x00007ffc46c50000 - 0x00007ffc46e34000 	C:\WINDOWS\SYSTEM32\DBGHELP.DLL
0x00007ffc46b90000 - 0x00007ffc46bc4000 	C:\WINDOWS\SYSTEM32\dbgcore.DLL
0x00007ffc532d0000 - 0x00007ffc53352000 	C:\WINDOWS\System32\bcryptPrimitives.dll
0x00007ffc47b90000 - 0x00007ffc47bb5000 	C:\Program Files\Java\jdk-17\bin\java.dll
0x00007ffc08f60000 - 0x00007ffc09037000 	C:\Program Files\Java\jdk-17\bin\jsvml.dll
0x00007ffc55280000 - 0x00007ffc559c4000 	C:\WINDOWS\System32\SHELL32.dll
0x00007ffc51340000 - 0x00007ffc51ad4000 	C:\WINDOWS\SYSTEM32\windows.storage.dll
0x00007ffc544c0000 - 0x00007ffc54814000 	C:\WINDOWS\System32\combase.dll
0x00007ffc52b60000 - 0x00007ffc52b8e000 	C:\WINDOWS\SYSTEM32\Wldp.dll
0x00007ffc54270000 - 0x00007ffc5431d000 	C:\WINDOWS\System32\SHCORE.dll
0x00007ffc543f0000 - 0x00007ffc54445000 	C:\WINDOWS\System32\shlwapi.dll
0x00007ffc53200000 - 0x00007ffc53225000 	C:\WINDOWS\SYSTEM32\profapi.dll
0x00007ffc29120000 - 0x00007ffc29139000 	C:\Program Files\Java\jdk-17\bin\net.dll
0x00007ffc4ad50000 - 0x00007ffc4ae5a000 	C:\WINDOWS\SYSTEM32\WINHTTP.dll
0x00007ffc52940000 - 0x00007ffc529aa000 	C:\WINDOWS\system32\mswsock.dll
0x00007ffc08f40000 - 0x00007ffc08f56000 	C:\Program Files\Java\jdk-17\bin\nio.dll
0x00007ffc08f20000 - 0x00007ffc08f38000 	C:\Program Files\Java\jdk-17\bin\zip.dll
0x00007ffc47b80000 - 0x00007ffc47b90000 	C:\Program Files\Java\jdk-17\bin\verify.dll
0x00007ffc367b0000 - 0x00007ffc367d7000 	C:\Users\Admin\.gradle\native\68d5fa5c4cc2d200863cafc0d521ce42e7d3e7ee720ec0a83991735586a16f82\windows-amd64\native-platform.dll
0x00007ffc29510000 - 0x00007ffc29654000 	C:\Users\Admin\.gradle\native\e376f236ea51e6404a007f0833ffe2c6e607c4080706a723a18a27aeea778392\windows-amd64\native-platform-file-events.dll
0x00007ffc4b560000 - 0x00007ffc4b56a000 	C:\Program Files\Java\jdk-17\bin\management.dll
0x00007ffc391b0000 - 0x00007ffc391bb000 	C:\Program Files\Java\jdk-17\bin\management_ext.dll
0x00007ffc52ba0000 - 0x00007ffc52bb8000 	C:\WINDOWS\SYSTEM32\CRYPTSP.dll
0x00007ffc52280000 - 0x00007ffc522b4000 	C:\WINDOWS\system32\rsaenh.dll
0x00007ffc53400000 - 0x00007ffc53427000 	C:\WINDOWS\System32\bcrypt.dll
0x00007ffc531c0000 - 0x00007ffc531ee000 	C:\WINDOWS\SYSTEM32\USERENV.dll
0x00007ffc52ad0000 - 0x00007ffc52adc000 	C:\WINDOWS\SYSTEM32\CRYPTBASE.dll
0x00007ffc52650000 - 0x00007ffc5268c000 	C:\WINDOWS\SYSTEM32\IPHLPAPI.DLL
0x00007ffc548b0000 - 0x00007ffc548b8000 	C:\WINDOWS\System32\NSI.dll
0x00007ffc4c2a0000 - 0x00007ffc4c2b7000 	C:\WINDOWS\SYSTEM32\dhcpcsvc6.DLL
0x00007ffc4c190000 - 0x00007ffc4c1ad000 	C:\WINDOWS\SYSTEM32\dhcpcsvc.DLL
0x00007ffc52690000 - 0x00007ffc5275a000 	C:\WINDOWS\SYSTEM32\DNSAPI.dll
0x00007ffc391a0000 - 0x00007ffc391ad000 	C:\Program Files\Java\jdk-17\bin\sunmscapi.dll
0x00007ffc534a0000 - 0x00007ffc535fe000 	C:\WINDOWS\System32\CRYPT32.dll
0x00007ffc52cb0000 - 0x00007ffc52cd8000 	C:\WINDOWS\SYSTEM32\ncrypt.dll
0x00007ffc52c70000 - 0x00007ffc52cab000 	C:\WINDOWS\SYSTEM32\NTASN1.dll
0x00007ffc367a0000 - 0x00007ffc367a7000 	C:\WINDOWS\system32\wshunix.dll

dbghelp: loaded successfully - version: 4.0.5 - missing functions: none
symbol engine: initialized successfully - sym options: 0x614 - pdb path: .;C:\Program Files\Java\jdk-17\bin;C:\WINDOWS\SYSTEM32;C:\WINDOWS\WinSxS\amd64_microsoft.windows.common-controls_6595b64144ccf1df_6.0.19041.1110_none_60b5254171f9507e;C:\Program Files\Java\jdk-17\bin\server;C:\Users\Admin\.gradle\native\68d5fa5c4cc2d200863cafc0d521ce42e7d3e7ee720ec0a83991735586a16f82\windows-amd64;C:\Users\Admin\.gradle\native\e376f236ea51e6404a007f0833ffe2c6e607c4080706a723a18a27aeea778392\windows-amd64

VM Arguments:
jvm_args: -XX:MaxMetaspaceSize=512m --add-opens=java.base/java.util=ALL-UNNAMED --add-opens=java.base/java.lang=ALL-UNNAMED --add-opens=java.base/java.lang.invoke=ALL-UNNAMED --add-opens=java.prefs/java.util.prefs=ALL-UNNAMED --add-opens=java.base/java.nio.charset=ALL-UNNAMED --add-opens=java.base/java.net=ALL-UNNAMED --add-opens=java.base/java.util.concurrent.atomic=ALL-UNNAMED -Xmx2048m -Dfile.encoding=windows-1252 -Duser.country=IN -Duser.language=en -Duser.variant 
java_command: org.gradle.launcher.daemon.bootstrap.GradleDaemon 8.0.1
java_class_path (initial): C:\Users\Admin\.gradle\wrapper\dists\gradle-8.0.1-all\aro4hu1c3oeioove7l0i4i14o\gradle-8.0.1\lib\gradle-launcher-8.0.1.jar
Launcher Type: SUN_STANDARD

[Global flags]
     intx CICompilerCount                          = 4                                         {product} {ergonomic}
   size_t CompressedClassSpaceSize                 = 432013312                                 {product} {ergonomic}
     uint ConcGCThreads                            = 2                                         {product} {ergonomic}
     uint G1ConcRefinementThreads                  = 8                                         {product} {ergonomic}
   size_t G1HeapRegionSize                         = 1048576                                   {product} {ergonomic}
    uintx GCDrainStackTargetSize                   = 64                                        {product} {ergonomic}
   size_t InitialHeapSize                          = 100663296                                 {product} {ergonomic}
   size_t MarkStackSize                            = 4194304                                   {product} {ergonomic}
   size_t MaxHeapSize                              = 2147483648                                {product} {command line}
   size_t MaxMetaspaceSize                         = 536870912                                 {product} {command line}
   size_t MaxNewSize                               = 1287651328                                {product} {ergonomic}
   size_t MinHeapDeltaBytes                        = 1048576                                   {product} {ergonomic}
   size_t MinHeapSize                              = 8388608                                   {product} {ergonomic}
    uintx NonNMethodCodeHeapSize                   = 5839372                                {pd product} {ergonomic}
    uintx NonProfiledCodeHeapSize                  = 122909434                              {pd product} {ergonomic}
    uintx ProfiledCodeHeapSize                     = 122909434                              {pd product} {ergonomic}
    uintx ReservedCodeCacheSize                    = 251658240                              {pd product} {ergonomic}
     bool SegmentedCodeCache                       = true                                      {product} {ergonomic}
   size_t SoftMaxHeapSize                          = 2147483648                             {manageable} {ergonomic}
     bool UseCompressedClassPointers               = true                           {product lp64_product} {ergonomic}
     bool UseCompressedOops                        = true                           {product lp64_product} {ergonomic}
     bool UseG1GC                                  = true                                      {product} {ergonomic}
     bool UseLargePagesIndividualAllocation        = false                                  {pd product} {ergonomic}

Logging:
Log output configuration:
 #0: stdout all=warning uptime,level,tags
 #1: stderr all=off uptime,level,tags

Environment Variables:
JAVA_HOME=C:\Program Files\Java\jdk-17
CLASSPATH=C:\Users\Admin\Desktop\New folder\Advisory-Application\android\\gradle\wrapper\gradle-wrapper.jar
PATH=C:\Users\Admin\Desktop\New folder\Advisory-Application\node_modules\.bin;C:\Users\Admin\Desktop\New folder\node_modules\.bin;C:\Users\Admin\Desktop\node_modules\.bin;C:\Users\Admin\node_modules\.bin;C:\Users\node_modules\.bin;C:\node_modules\.bin;C:\Users\Admin\AppData\Roaming\npm\node_modules\npm\node_modules\@npmcli\run-script\lib\node-gyp-bin;C:\Program Files\Common Files\Oracle\Java\javapath;C:\WINDOWS\system32;C:\WINDOWS;C:\WINDOWS\System32\Wbem;C:\WINDOWS\System32\WindowsPowerShell\v1.0\;C:\WINDOWS\System32\OpenSSH\;C:\Program Files\Docker\Docker\resources\bin;C:\Program Files\nodejs\;C:\Program Files\Git\cmd;C:\Program Files\MongoDB\Server\6.0\bin;C:\Program Files\MySQL\MySQL Server 8.0\bin;C:\ProgramData\chocolatey\bin;C:\Users\Admin\AppData\Local\Android\Sdk;C:\gradle\bin;C:\Program Files\MySQL\MySQL Shell 8.0\bin\;C:\Users\Admin\AppData\Local\Programs\Python\Python311\Scripts\;C:\Users\Admin\AppData\Local\Programs\Python\Python311\;C:\Users\Admin\AppData\Local\Microsoft\WindowsApps;C:\Users\Admin\AppData\Local\Programs\Microsoft VS Code\bin;C:\Users\Admin\AppData\Roaming\npm;C:\Program Files\MongoDB\Server\6.0\bin;C:\Users\Admin\AppData\Local\Android\Sdk\platform-tools;C:\gradle\bin;;C:\Program Files\JetBrains\IntelliJ IDEA Community Edition 2023.1.4\bin;
USERNAME=Admin
LANG=en_US.UTF-8
OS=Windows_NT
PROCESSOR_IDENTIFIER=AMD64 Family 23 Model 24 Stepping 1, AuthenticAMD



---------------  S Y S T E M  ---------------

OS:
 Windows 10 , 64 bit Build 19041 (10.0.19041.3155)
OS uptime: 0 days 11:54 hours
Hyper-V role detected

CPU: total 8 (initial active 8) (8 cores per cpu, 2 threads per core) family 23 model 24 stepping 1 microcode 0x0, cx8, cmov, fxsr, ht, mmx, 3dnowpref, sse, sse2, sse3, ssse3, sse4a, sse4.1, sse4.2, popcnt, lzcnt, tsc, tscinvbit, avx, avx2, aes, clmul, bmi1, bmi2, adx, sha, fma, vzeroupper, clflush, clflushopt, hv

Memory: 4k page, system-wide physical 6082M (593M free)
TotalPageFile size 24514M (AvailPageFile size 2M)
current process WorkingSet (physical memory assigned to process): 185M, peak: 185M
current process commit charge ("private bytes"): 257M, peak: 259M

vm_info: Java HotSpot(TM) 64-Bit Server VM (17.0.7+8-LTS-224) for windows-amd64 JRE (17.0.7+8-LTS-224), built on Feb 28 2023 23:03:02 by "mach5one" with MS VC++ 17.1 (VS2022)

END.
