#
# There is insufficient memory for the Java Runtime Environment to continue.
# Native memory allocation (mmap) failed to map 95420416 bytes for G1 virtual space
# Possible reasons:
#   The system is out of physical RAM or swap space
#   The process is running with CompressedOops enabled, and the Java Heap may be blocking the growth of the native heap
# Possible solutions:
#   Reduce memory load on the system
#   Increase physical memory or swap space
#   Check if swap backing store is full
#   Decrease Java heap size (-Xmx/-Xms)
#   Decrease number of Java threads
#   Decrease Java thread stack sizes (-Xss)
#   Set larger code cache with -XX:ReservedCodeCacheSize=
#   JVM is running with Unscaled Compressed Oops mode in which the Java heap is
#     placed in the first 4GB address space. The Java Heap base address is the
#     maximum limit for the native heap growth. Please use -XX:HeapBaseMinAddress
#     to set the Java Heap base and to place the Java Heap above 4GB virtual address.
# This output file may be truncated or incomplete.
#
#  Out of Memory Error (os_windows.cpp:3550), pid=18500, tid=18528
#
# JRE version: Java(TM) SE Runtime Environment (17.0.7+8) (build 17.0.7+8-LTS-224)
# Java VM: Java HotSpot(TM) 64-Bit Server VM (17.0.7+8-LTS-224, mixed mode, sharing, tiered, compressed oops, compressed class ptrs, g1 gc, windows-amd64)
# No core dump will be written. Minidumps are not enabled by default on client versions of Windows
#

---------------  S U M M A R Y ------------

Command Line: -XX:MaxMetaspaceSize=512m --add-opens=java.base/java.util=ALL-UNNAMED --add-opens=java.base/java.lang=ALL-UNNAMED --add-opens=java.base/java.lang.invoke=ALL-UNNAMED --add-opens=java.prefs/java.util.prefs=ALL-UNNAMED --add-opens=java.base/java.nio.charset=ALL-UNNAMED --add-opens=java.base/java.net=ALL-UNNAMED --add-opens=java.base/java.util.concurrent.atomic=ALL-UNNAMED -Xmx2048m -Dfile.encoding=windows-1252 -Duser.country=IN -Duser.language=en -Duser.variant org.gradle.launcher.daemon.bootstrap.GradleDaemon 8.0.1

Host: AMD Ryzen 5 3550H with Radeon Vega Mobile Gfx  , 8 cores, 5G,  Windows 10 , 64 bit Build 19041 (10.0.19041.3155)
Time: Sun Jul 23 01:15:26 2023 India Standard Time elapsed time: 57.245683 seconds (0d 0h 0m 57s)

---------------  T H R E A D  ---------------

Current thread (0x000001a02e6b0ee0):  VMThread "VM Thread" [stack: 0x00000082d3b00000,0x00000082d3c00000] [id=18528]

Stack: [0x00000082d3b00000,0x00000082d3c00000]
Native frames: (J=compiled Java code, j=interpreted, Vv=VM code, C=native code)
V  [jvm.dll+0x676a4a]
V  [jvm.dll+0x7d74f4]
V  [jvm.dll+0x7d8c9e]
V  [jvm.dll+0x7d9303]
V  [jvm.dll+0x2452c5]
V  [jvm.dll+0x6738f9]
V  [jvm.dll+0x668232]
V  [jvm.dll+0x302826]
V  [jvm.dll+0x309da6]
V  [jvm.dll+0x35952e]
V  [jvm.dll+0x35975f]
V  [jvm.dll+0x2d9a38]
V  [jvm.dll+0x2dcad6]
V  [jvm.dll+0x2e72d8]
V  [jvm.dll+0x31ad30]
V  [jvm.dll+0x7ddb0b]
V  [jvm.dll+0x7de844]
V  [jvm.dll+0x7ded5d]
V  [jvm.dll+0x7df134]
V  [jvm.dll+0x7df200]
V  [jvm.dll+0x78759a]
V  [jvm.dll+0x675875]
C  [ucrtbase.dll+0x21bb2]
C  [KERNEL32.DLL+0x17614]
C  [ntdll.dll+0x526b1]

VM_Operation (0x00000082d37ff630): G1Concurrent, mode: safepoint, requested by thread 0x000001a01054dcd0


---------------  P R O C E S S  ---------------

Threads class SMR info:
_java_thread_list=0x000001a0348ec020, length=155, elements={
0x000001a0104e4960, 0x000001a02e6b49e0, 0x000001a02e6b5760, 0x000001a02e6ca5a0,
0x000001a02e6cc070, 0x000001a02e6cea40, 0x000001a02e6cf300, 0x000001a02e6cffa0,
0x000001a02e6d8960, 0x000001a02e6dc280, 0x000001a02f1f2f40, 0x000001a02f1f5420,
0x000001a030042770, 0x000001a030042c40, 0x000001a0300452c0, 0x000001a0300435e0,
0x000001a030045790, 0x000001a030044450, 0x000001a030044920, 0x000001a030045c60,
0x000001a0300422a0, 0x000001a030043ab0, 0x000001a030043110, 0x000001a030044df0,
0x000001a032e2a390, 0x000001a032e29ec0, 0x000001a032e2e6f0, 0x000001a032e2b200,
0x000001a032e29050, 0x000001a032e2b6d0, 0x000001a032e2d880, 0x000001a032e27370,
0x000001a032e2ebc0, 0x000001a032e2dd50, 0x000001a032e2cee0, 0x000001a032e2bba0,
0x000001a032e2ad30, 0x000001a032e27840, 0x000001a032e2c540, 0x000001a032e27d10,
0x000001a032e281e0, 0x000001a032e286b0, 0x000001a032d33f70, 0x000001a032d33100,
0x000001a032d34de0, 0x000001a032d30a80, 0x000001a032d35780, 0x000001a032d300e0,
0x000001a032d32290, 0x000001a032d2e400, 0x000001a032d352b0, 0x000001a032d2df30,
0x000001a032d2e8d0, 0x000001a032d305b0, 0x000001a032d32760, 0x000001a032d30f50,
0x000001a032d2fc10, 0x000001a032d34440, 0x000001a032d2eda0, 0x000001a032d32c30,
0x000001a032d2f270, 0x000001a032d31420, 0x000001a032d318f0, 0x000001a032d335d0,
0x000001a032d31dc0, 0x000001a032d2f740, 0x000001a032d33aa0, 0x000001a034737f10,
0x000001a0347388b0, 0x000001a034732870, 0x000001a034736bd0, 0x000001a034731060,
0x000001a034737a40, 0x000001a0347383e0, 0x000001a034731a00, 0x000001a034731ed0,
0x000001a034735890, 0x000001a034735d60, 0x000001a034733bb0, 0x000001a034734550,
0x000001a034734080, 0x000001a034733210, 0x000001a0347336e0, 0x000001a034734a20,
0x000001a034736230, 0x000001a0347323a0, 0x000001a02f408ee0, 0x000001a02f4046b0,
0x000001a02f406390, 0x000001a02f407ba0, 0x000001a02f40b560, 0x000001a02f408070,
0x000001a02f405520, 0x000001a02f405050, 0x000001a02f406860, 0x000001a02f404b80,
0x000001a02f40abc0, 0x000001a02f409880, 0x000001a02f406d30, 0x000001a02f4059f0,
0x000001a02f407200, 0x000001a02f408a10, 0x000001a02f40ba30, 0x000001a02f409d50,
0x000001a02f405ec0, 0x000001a02f4041e0, 0x000001a02f40b090, 0x000001a034dad3a0,
0x000001a034daf080, 0x000001a034db2570, 0x000001a034dafa20, 0x000001a034db0d60,
0x000001a034daf550, 0x000001a034db20a0, 0x000001a034dafef0, 0x000001a034db03c0,
0x000001a034db33e0, 0x000001a034db38b0, 0x000001a034db0890, 0x000001a034db2a40,
0x000001a034db2f10, 0x000001a034daced0, 0x000001a034db1230, 0x000001a034dae210,
0x000001a034dac060, 0x000001a034db1700, 0x000001a034dac530, 0x000001a034daca00,
0x000001a034dae6e0, 0x000001a034dad870, 0x000001a034dadd40, 0x000001a034daebb0,
0x000001a034db1bd0, 0x000001a0304d3110, 0x000001a0304d7e10, 0x000001a0304d3f80,
0x000001a0304d1430, 0x000001a030b298d0, 0x000001a0304d4920, 0x000001a0304d4df0,
0x000001a0304d2c40, 0x000001a0347353c0, 0x000001a03400fe20, 0x000001a03400efb0,
0x000001a0340107c0, 0x000001a0340102f0, 0x000001a035b42f80, 0x000001a034011630,
0x000001a0340137e0, 0x000001a034011160, 0x000001a034014180, 0x000001a034014ff0,
0x000001a0340154c0, 0x000001a03400f950, 0x000001a034011b00
}

Java Threads: ( => current thread )
  0x000001a0104e4960 JavaThread "main" [_thread_blocked, id=16860, stack(0x00000082d3500000,0x00000082d3600000)]
  0x000001a02e6b49e0 JavaThread "Reference Handler" daemon [_thread_blocked, id=13964, stack(0x00000082d3c00000,0x00000082d3d00000)]
  0x000001a02e6b5760 JavaThread "Finalizer" daemon [_thread_blocked, id=18292, stack(0x00000082d3d00000,0x00000082d3e00000)]
  0x000001a02e6ca5a0 JavaThread "Signal Dispatcher" daemon [_thread_blocked, id=1272, stack(0x00000082d3e00000,0x00000082d3f00000)]
  0x000001a02e6cc070 JavaThread "Attach Listener" daemon [_thread_blocked, id=13936, stack(0x00000082d3f00000,0x00000082d4000000)]
  0x000001a02e6cea40 JavaThread "Service Thread" daemon [_thread_blocked, id=18588, stack(0x00000082d4000000,0x00000082d4100000)]
  0x000001a02e6cf300 JavaThread "Monitor Deflation Thread" daemon [_thread_blocked, id=7528, stack(0x00000082d4100000,0x00000082d4200000)]
  0x000001a02e6cffa0 JavaThread "C2 CompilerThread0" daemon [_thread_in_native, id=8176, stack(0x00000082d4200000,0x00000082d4300000)]
  0x000001a02e6d8960 JavaThread "C1 CompilerThread0" daemon [_thread_blocked, id=11928, stack(0x00000082d4300000,0x00000082d4400000)]
  0x000001a02e6dc280 JavaThread "Sweeper thread" daemon [_thread_blocked, id=17512, stack(0x00000082d4400000,0x00000082d4500000)]
  0x000001a02f1f2f40 JavaThread "Common-Cleaner" daemon [_thread_blocked, id=9500, stack(0x00000082d4500000,0x00000082d4600000)]
  0x000001a02f1f5420 JavaThread "Notification Thread" daemon [_thread_blocked, id=15248, stack(0x00000082d4600000,0x00000082d4700000)]
  0x000001a030042770 JavaThread "Daemon health stats" [_thread_blocked, id=17192, stack(0x00000082d4e00000,0x00000082d4f00000)]
  0x000001a030042c40 JavaThread "Incoming local TCP Connector on port 50637" [_thread_in_native, id=9696, stack(0x00000082d4f00000,0x00000082d5000000)]
  0x000001a0300452c0 JavaThread "Daemon periodic checks" [_thread_blocked, id=9748, stack(0x00000082d5000000,0x00000082d5100000)]
  0x000001a0300435e0 JavaThread "Daemon" [_thread_blocked, id=14264, stack(0x00000082d5100000,0x00000082d5200000)]
  0x000001a030045790 JavaThread "Handler for socket connection from /127.0.0.1:50637 to /127.0.0.1:50638" [_thread_in_native, id=6452, stack(0x00000082d5200000,0x00000082d5300000)]
  0x000001a030044450 JavaThread "Cancel handler" [_thread_blocked, id=14872, stack(0x00000082d5300000,0x00000082d5400000)]
  0x000001a030044920 JavaThread "Daemon worker" [_thread_blocked, id=1552, stack(0x00000082d5400000,0x00000082d5500000)]
  0x000001a030045c60 JavaThread "Asynchronous log dispatcher for DefaultDaemonConnection: socket connection from /127.0.0.1:50637 to /127.0.0.1:50638" [_thread_blocked, id=16944, stack(0x00000082d5500000,0x00000082d5600000)]
  0x000001a0300422a0 JavaThread "Stdin handler" [_thread_blocked, id=12916, stack(0x00000082d5600000,0x00000082d5700000)]
  0x000001a030043ab0 JavaThread "Daemon client event forwarder" [_thread_blocked, id=16500, stack(0x00000082d5700000,0x00000082d5800000)]
  0x000001a030043110 JavaThread "Cache worker for journal cache (C:\Users\Admin\.gradle\caches\journal-1)" [_thread_blocked, id=10464, stack(0x00000082d4900000,0x00000082d4a00000)]
  0x000001a030044df0 JavaThread "File lock request listener" [_thread_in_native, id=7440, stack(0x00000082d5800000,0x00000082d5900000)]
  0x000001a032e2a390 JavaThread "Cache worker for file hash cache (C:\Users\Admin\.gradle\caches\8.0.1\fileHashes)" [_thread_blocked, id=7968, stack(0x00000082d5c00000,0x00000082d5d00000)]
  0x000001a032e29ec0 JavaThread "File watcher server" daemon [_thread_blocked, id=11996, stack(0x00000082d5e00000,0x00000082d5f00000)]
  0x000001a032e2e6f0 JavaThread "File watcher consumer" daemon [_thread_blocked, id=3400, stack(0x00000082d5f00000,0x00000082d6000000)]
  0x000001a032e2b200 JavaThread "Cache worker for checksums cache (C:\Users\Admin\Desktop\New folder\Advisory-Application\android\.gradle\8.0.1\checksums)" [_thread_blocked, id=4828, stack(0x00000082d6000000,0x00000082d6100000)]
  0x000001a032e29050 JavaThread "Cache worker for cache directory md-rule (C:\Users\Admin\.gradle\caches\8.0.1\md-rule)" [_thread_blocked, id=5704, stack(0x00000082d6100000,0x00000082d6200000)]
  0x000001a032e2b6d0 JavaThread "Cache worker for file content cache (C:\Users\Admin\.gradle\caches\8.0.1\fileContent)" [_thread_blocked, id=18048, stack(0x00000082d6200000,0x00000082d6300000)]
  0x000001a032e2d880 JavaThread "Cache worker for file hash cache (C:\Users\Admin\Desktop\New folder\Advisory-Application\android\.gradle\8.0.1\fileHashes)" [_thread_blocked, id=11656, stack(0x00000082d6300000,0x00000082d6400000)]
  0x000001a032e27370 JavaThread "Cache worker for cache directory md-supplier (C:\Users\Admin\.gradle\caches\8.0.1\md-supplier)" [_thread_blocked, id=15756, stack(0x00000082d6400000,0x00000082d6500000)]
  0x000001a032e2ebc0 JavaThread "Cache worker for execution history cache (C:\Users\Admin\.gradle\caches\8.0.1\executionHistory)" [_thread_blocked, id=10768, stack(0x00000082d6600000,0x00000082d6700000)]
  0x000001a032e2dd50 JavaThread "jar transforms" [_thread_blocked, id=9040, stack(0x00000082d6700000,0x00000082d6800000)]
  0x000001a032e2cee0 JavaThread "jar transforms Thread 2" [_thread_blocked, id=10392, stack(0x00000082d6800000,0x00000082d6900000)]
  0x000001a032e2bba0 JavaThread "jar transforms Thread 3" [_thread_blocked, id=15152, stack(0x00000082d6900000,0x00000082d6a00000)]
  0x000001a032e2ad30 JavaThread "jar transforms Thread 4" [_thread_blocked, id=16904, stack(0x00000082d6a00000,0x00000082d6b00000)]
  0x000001a032e27840 JavaThread "Cache worker for kotlin-dsl (C:\Users\Admin\.gradle\caches\8.0.1\kotlin-dsl)" [_thread_blocked, id=18224, stack(0x00000082d5d00000,0x00000082d5e00000)]
  0x000001a032e2c540 JavaThread "jar transforms Thread 5" [_thread_blocked, id=12156, stack(0x00000082d6c00000,0x00000082d6d00000)]
  0x000001a032e27d10 JavaThread "jar transforms Thread 6" [_thread_blocked, id=8212, stack(0x00000082d6d00000,0x00000082d6e00000)]
  0x000001a032e281e0 JavaThread "Cache worker for dependencies-accessors (C:\Users\Admin\Desktop\New folder\Advisory-Application\android\.gradle\8.0.1\dependencies-accessors)" [_thread_blocked, id=10428, stack(0x00000082d6e00000,0x00000082d6f00000)]
  0x000001a032e286b0 JavaThread "Cache worker for Build Output Cleanup Cache (C:\Users\Admin\Desktop\New folder\Advisory-Application\node_modules\@react-native\gradle-plugin\.gradle\buildOutputCleanup)" [_thread_blocked, id=15812, stack(0x00000082d6f00000,0x00000082d7000000)]
  0x000001a032d33f70 JavaThread "jar transforms Thread 7" [_thread_blocked, id=7244, stack(0x00000082d7000000,0x00000082d7100000)]
  0x000001a032d33100 JavaThread "Unconstrained build operations" [_thread_blocked, id=4104, stack(0x00000082d4800000,0x00000082d4900000)]
  0x000001a032d34de0 JavaThread "Unconstrained build operations Thread 2" [_thread_blocked, id=14408, stack(0x00000082d6b00000,0x00000082d6c00000)]
  0x000001a032d30a80 JavaThread "Unconstrained build operations Thread 3" [_thread_blocked, id=9204, stack(0x00000082d7100000,0x00000082d7200000)]
  0x000001a032d35780 JavaThread "Unconstrained build operations Thread 4" [_thread_blocked, id=19216, stack(0x00000082d7200000,0x00000082d7300000)]
  0x000001a032d300e0 JavaThread "Unconstrained build operations Thread 5" [_thread_blocked, id=6708, stack(0x00000082d7300000,0x00000082d7400000)]
  0x000001a032d32290 JavaThread "Unconstrained build operations Thread 6" [_thread_blocked, id=8260, stack(0x00000082d7400000,0x00000082d7500000)]
  0x000001a032d2e400 JavaThread "Unconstrained build operations Thread 7" [_thread_blocked, id=3208, stack(0x00000082d7500000,0x00000082d7600000)]
  0x000001a032d352b0 JavaThread "Unconstrained build operations Thread 8" [_thread_blocked, id=8756, stack(0x00000082d7600000,0x00000082d7700000)]
  0x000001a032d2df30 JavaThread "Unconstrained build operations Thread 9" [_thread_blocked, id=5648, stack(0x00000082d7700000,0x00000082d7800000)]
  0x000001a032d2e8d0 JavaThread "Unconstrained build operations Thread 10" [_thread_blocked, id=10568, stack(0x00000082d7800000,0x00000082d7900000)]
  0x000001a032d305b0 JavaThread "Unconstrained build operations Thread 11" [_thread_blocked, id=6548, stack(0x00000082d7900000,0x00000082d7a00000)]
  0x000001a032d32760 JavaThread "Unconstrained build operations Thread 12" [_thread_blocked, id=10904, stack(0x00000082d7a00000,0x00000082d7b00000)]
  0x000001a032d30f50 JavaThread "Unconstrained build operations Thread 13" [_thread_blocked, id=2908, stack(0x00000082d7b00000,0x00000082d7c00000)]
  0x000001a032d2fc10 JavaThread "Unconstrained build operations Thread 14" [_thread_blocked, id=15232, stack(0x00000082d7c00000,0x00000082d7d00000)]
  0x000001a032d34440 JavaThread "Unconstrained build operations Thread 15" [_thread_blocked, id=15844, stack(0x00000082d7d00000,0x00000082d7e00000)]
  0x000001a032d2eda0 JavaThread "Unconstrained build operations Thread 16" [_thread_blocked, id=9376, stack(0x00000082d7e00000,0x00000082d7f00000)]
  0x000001a032d32c30 JavaThread "Unconstrained build operations Thread 17" [_thread_blocked, id=6792, stack(0x00000082d7f00000,0x00000082d8000000)]
  0x000001a032d2f270 JavaThread "Unconstrained build operations Thread 18" [_thread_blocked, id=16908, stack(0x00000082d8000000,0x00000082d8100000)]
  0x000001a032d31420 JavaThread "Unconstrained build operations Thread 19" [_thread_blocked, id=9272, stack(0x00000082d8100000,0x00000082d8200000)]
  0x000001a032d318f0 JavaThread "Unconstrained build operations Thread 20" [_thread_blocked, id=2532, stack(0x00000082d8200000,0x00000082d8300000)]
  0x000001a032d335d0 JavaThread "Unconstrained build operations Thread 21" [_thread_blocked, id=9836, stack(0x00000082d8300000,0x00000082d8400000)]
  0x000001a032d31dc0 JavaThread "Unconstrained build operations Thread 22" [_thread_blocked, id=15540, stack(0x00000082d8400000,0x00000082d8500000)]
  0x000001a032d2f740 JavaThread "Unconstrained build operations Thread 23" [_thread_blocked, id=18332, stack(0x00000082d8500000,0x00000082d8600000)]
  0x000001a032d33aa0 JavaThread "Unconstrained build operations Thread 24" [_thread_blocked, id=13484, stack(0x00000082d8600000,0x00000082d8700000)]
  0x000001a034737f10 JavaThread "Unconstrained build operations Thread 25" [_thread_blocked, id=10300, stack(0x00000082d8700000,0x00000082d8800000)]
  0x000001a0347388b0 JavaThread "Unconstrained build operations Thread 26" [_thread_blocked, id=7432, stack(0x00000082d8800000,0x00000082d8900000)]
  0x000001a034732870 JavaThread "jar transforms Thread 8" [_thread_blocked, id=12852, stack(0x00000082d8900000,0x00000082d8a00000)]
  0x000001a034736bd0 JavaThread "Memory manager" [_thread_blocked, id=15836, stack(0x00000082d8c00000,0x00000082d8d00000)]
  0x000001a034731060 JavaThread "Cache worker for Build Output Cleanup Cache (C:\Users\Admin\Desktop\New folder\Advisory-Application\android\.gradle\buildOutputCleanup)" [_thread_blocked, id=11412, stack(0x00000082d8b00000,0x00000082d8c00000)]
  0x000001a034737a40 JavaThread "included builds" [_thread_blocked, id=15172, stack(0x00000082d8e00000,0x00000082d8f00000)]
  0x000001a0347383e0 JavaThread "Execution worker" [_thread_blocked, id=9136, stack(0x00000082d8f00000,0x00000082d9000000)]
  0x000001a034731a00 JavaThread "Execution worker Thread 2" [_thread_blocked, id=11336, stack(0x00000082d9000000,0x00000082d9100000)]
  0x000001a034731ed0 JavaThread "Execution worker Thread 3" [_thread_blocked, id=9436, stack(0x00000082d9100000,0x00000082d9200000)]
  0x000001a034735890 JavaThread "Execution worker Thread 4" [_thread_blocked, id=16380, stack(0x00000082d9200000,0x00000082d9300000)]
  0x000001a034735d60 JavaThread "Execution worker Thread 5" [_thread_blocked, id=19272, stack(0x00000082d9300000,0x00000082d9400000)]
  0x000001a034733bb0 JavaThread "Execution worker Thread 6" [_thread_blocked, id=9340, stack(0x00000082d9400000,0x00000082d9500000)]
  0x000001a034734550 JavaThread "Execution worker Thread 7" [_thread_blocked, id=10512, stack(0x00000082d9500000,0x00000082d9600000)]
  0x000001a034734080 JavaThread "Cache worker for execution history cache (C:\Users\Admin\Desktop\New folder\Advisory-Application\node_modules\@react-native\gradle-plugin\.gradle\8.0.1\executionHistory)" [_thread_blocked, id=15460, stack(0x00000082d9600000,0x00000082d9700000)]
  0x000001a034733210 JavaThread "Unconstrained build operations Thread 27" [_thread_blocked, id=14372, stack(0x00000082d9700000,0x00000082d9800000)]
  0x000001a0347336e0 JavaThread "Unconstrained build operations Thread 28" [_thread_blocked, id=18760, stack(0x00000082d9800000,0x00000082d9900000)]
  0x000001a034734a20 JavaThread "Unconstrained build operations Thread 29" [_thread_blocked, id=17968, stack(0x00000082d9900000,0x00000082d9a00000)]
  0x000001a034736230 JavaThread "Unconstrained build operations Thread 30" [_thread_blocked, id=16564, stack(0x00000082d9a00000,0x00000082d9b00000)]
  0x000001a0347323a0 JavaThread "Unconstrained build operations Thread 31" [_thread_blocked, id=15204, stack(0x00000082d9b00000,0x00000082d9c00000)]
  0x000001a02f408ee0 JavaThread "Unconstrained build operations Thread 32" [_thread_blocked, id=14864, stack(0x00000082d9c00000,0x00000082d9d00000)]
  0x000001a02f4046b0 JavaThread "Unconstrained build operations Thread 33" [_thread_blocked, id=7436, stack(0x00000082d9d00000,0x00000082d9e00000)]
  0x000001a02f406390 JavaThread "Unconstrained build operations Thread 34" [_thread_blocked, id=18192, stack(0x00000082d9e00000,0x00000082d9f00000)]
  0x000001a02f407ba0 JavaThread "Unconstrained build operations Thread 35" [_thread_blocked, id=9380, stack(0x00000082d9f00000,0x00000082da000000)]
  0x000001a02f40b560 JavaThread "Unconstrained build operations Thread 36" [_thread_blocked, id=868, stack(0x00000082da000000,0x00000082da100000)]
  0x000001a02f408070 JavaThread "Unconstrained build operations Thread 37" [_thread_blocked, id=19044, stack(0x00000082da100000,0x00000082da200000)]
  0x000001a02f405520 JavaThread "Unconstrained build operations Thread 38" [_thread_blocked, id=12584, stack(0x00000082da200000,0x00000082da300000)]
  0x000001a02f405050 JavaThread "Unconstrained build operations Thread 39" [_thread_blocked, id=9544, stack(0x00000082da300000,0x00000082da400000)]
  0x000001a02f406860 JavaThread "Unconstrained build operations Thread 40" [_thread_blocked, id=16616, stack(0x00000082da400000,0x00000082da500000)]
  0x000001a02f404b80 JavaThread "Unconstrained build operations Thread 41" [_thread_blocked, id=13260, stack(0x00000082da500000,0x00000082da600000)]
  0x000001a02f40abc0 JavaThread "Unconstrained build operations Thread 42" [_thread_blocked, id=18012, stack(0x00000082da600000,0x00000082da700000)]
  0x000001a02f409880 JavaThread "Unconstrained build operations Thread 43" [_thread_blocked, id=13352, stack(0x00000082da700000,0x00000082da800000)]
  0x000001a02f406d30 JavaThread "Unconstrained build operations Thread 44" [_thread_blocked, id=14532, stack(0x00000082da800000,0x00000082da900000)]
  0x000001a02f4059f0 JavaThread "Unconstrained build operations Thread 45" [_thread_blocked, id=9476, stack(0x00000082da900000,0x00000082daa00000)]
  0x000001a02f407200 JavaThread "Unconstrained build operations Thread 46" [_thread_blocked, id=10888, stack(0x00000082daa00000,0x00000082dab00000)]
  0x000001a02f408a10 JavaThread "Unconstrained build operations Thread 47" [_thread_blocked, id=18360, stack(0x00000082dab00000,0x00000082dac00000)]
  0x000001a02f40ba30 JavaThread "Unconstrained build operations Thread 48" [_thread_blocked, id=7512, stack(0x00000082dac00000,0x00000082dad00000)]
  0x000001a02f409d50 JavaThread "Unconstrained build operations Thread 49" [_thread_blocked, id=9868, stack(0x00000082dad00000,0x00000082dae00000)]
  0x000001a02f405ec0 JavaThread "Unconstrained build operations Thread 50" [_thread_blocked, id=19356, stack(0x00000082dae00000,0x00000082daf00000)]
  0x000001a02f4041e0 JavaThread "Unconstrained build operations Thread 51" [_thread_blocked, id=10320, stack(0x00000082daf00000,0x00000082db000000)]
  0x000001a02f40b090 JavaThread "Unconstrained build operations Thread 52" [_thread_blocked, id=14324, stack(0x00000082db000000,0x00000082db100000)]
  0x000001a034dad3a0 JavaThread "Unconstrained build operations Thread 53" [_thread_blocked, id=9488, stack(0x00000082db100000,0x00000082db200000)]
  0x000001a034daf080 JavaThread "Unconstrained build operations Thread 54" [_thread_blocked, id=5512, stack(0x00000082db200000,0x00000082db300000)]
  0x000001a034db2570 JavaThread "Unconstrained build operations Thread 55" [_thread_blocked, id=16836, stack(0x00000082db300000,0x00000082db400000)]
  0x000001a034dafa20 JavaThread "Unconstrained build operations Thread 56" [_thread_blocked, id=9780, stack(0x00000082db400000,0x00000082db500000)]
  0x000001a034db0d60 JavaThread "Unconstrained build operations Thread 57" [_thread_blocked, id=17648, stack(0x00000082db500000,0x00000082db600000)]
  0x000001a034daf550 JavaThread "Unconstrained build operations Thread 58" [_thread_blocked, id=7028, stack(0x00000082db600000,0x00000082db700000)]
  0x000001a034db20a0 JavaThread "Unconstrained build operations Thread 59" [_thread_blocked, id=14420, stack(0x00000082db700000,0x00000082db800000)]
  0x000001a034dafef0 JavaThread "Unconstrained build operations Thread 60" [_thread_blocked, id=6856, stack(0x00000082db800000,0x00000082db900000)]
  0x000001a034db03c0 JavaThread "Unconstrained build operations Thread 61" [_thread_blocked, id=15176, stack(0x00000082db900000,0x00000082dba00000)]
  0x000001a034db33e0 JavaThread "Unconstrained build operations Thread 62" [_thread_blocked, id=9312, stack(0x00000082dba00000,0x00000082dbb00000)]
  0x000001a034db38b0 JavaThread "Unconstrained build operations Thread 63" [_thread_blocked, id=5900, stack(0x00000082dbb00000,0x00000082dbc00000)]
  0x000001a034db0890 JavaThread "Unconstrained build operations Thread 64" [_thread_blocked, id=12300, stack(0x00000082dbc00000,0x00000082dbd00000)]
  0x000001a034db2a40 JavaThread "Unconstrained build operations Thread 65" [_thread_blocked, id=7452, stack(0x00000082dbd00000,0x00000082dbe00000)]
  0x000001a034db2f10 JavaThread "Unconstrained build operations Thread 66" [_thread_blocked, id=19128, stack(0x00000082dbe00000,0x00000082dbf00000)]
  0x000001a034daced0 JavaThread "Unconstrained build operations Thread 67" [_thread_blocked, id=18888, stack(0x00000082dbf00000,0x00000082dc000000)]
  0x000001a034db1230 JavaThread "Unconstrained build operations Thread 68" [_thread_blocked, id=10360, stack(0x00000082dc000000,0x00000082dc100000)]
  0x000001a034dae210 JavaThread "Unconstrained build operations Thread 69" [_thread_blocked, id=8100, stack(0x00000082dc100000,0x00000082dc200000)]
  0x000001a034dac060 JavaThread "Unconstrained build operations Thread 70" [_thread_blocked, id=4016, stack(0x00000082dc200000,0x00000082dc300000)]
  0x000001a034db1700 JavaThread "Unconstrained build operations Thread 71" [_thread_blocked, id=4940, stack(0x00000082dc300000,0x00000082dc400000)]
  0x000001a034dac530 JavaThread "Unconstrained build operations Thread 72" [_thread_blocked, id=7564, stack(0x00000082dc400000,0x00000082dc500000)]
  0x000001a034daca00 JavaThread "Unconstrained build operations Thread 73" [_thread_blocked, id=7888, stack(0x00000082dc500000,0x00000082dc600000)]
  0x000001a034dae6e0 JavaThread "Unconstrained build operations Thread 74" [_thread_blocked, id=14512, stack(0x00000082dc600000,0x00000082dc700000)]
  0x000001a034dad870 JavaThread "Unconstrained build operations Thread 75" [_thread_blocked, id=2232, stack(0x00000082dc700000,0x00000082dc800000)]
  0x000001a034dadd40 JavaThread "Unconstrained build operations Thread 76" [_thread_blocked, id=18616, stack(0x00000082dc800000,0x00000082dc900000)]
  0x000001a034daebb0 JavaThread "Unconstrained build operations Thread 77" [_thread_blocked, id=1044, stack(0x00000082dc900000,0x00000082dca00000)]
  0x000001a034db1bd0 JavaThread "Unconstrained build operations Thread 78" [_thread_blocked, id=13096, stack(0x00000082dca00000,0x00000082dcb00000)]
  0x000001a0304d3110 JavaThread "Unconstrained build operations Thread 79" [_thread_blocked, id=17864, stack(0x00000082dcb00000,0x00000082dcc00000)]
  0x000001a0304d7e10 JavaThread "Unconstrained build operations Thread 80" [_thread_blocked, id=16084, stack(0x00000082dcc00000,0x00000082dcd00000)]
  0x000001a0304d3f80 JavaThread "Cache worker for execution history cache (C:\Users\Admin\Desktop\New folder\Advisory-Application\android\.gradle\8.0.1\executionHistory)" [_thread_blocked, id=8392, stack(0x00000082dd100000,0x00000082dd200000)]
  0x000001a0304d1430 JavaThread "WorkerExecutor Queue" [_thread_blocked, id=3636, stack(0x00000082dd200000,0x00000082dd300000)]
  0x000001a030b298d0 JavaThread "C2 CompilerThread1" daemon [_thread_blocked, id=13040, stack(0x00000082d8a00000,0x00000082d8b00000)]
  0x000001a0304d4920 JavaThread "WorkerExecutor Queue Thread 2" [_thread_blocked, id=5344, stack(0x00000082dd300000,0x00000082dd400000)]
  0x000001a0304d4df0 JavaThread "WorkerExecutor Queue Thread 3" [_thread_blocked, id=17380, stack(0x00000082dd400000,0x00000082dd500000)]
  0x000001a0304d2c40 JavaThread "WorkerExecutor Queue Thread 4" [_thread_blocked, id=8204, stack(0x00000082dd500000,0x00000082dd600000)]
  0x000001a0347353c0 JavaThread "WorkerExecutor Queue Thread 5" [_thread_blocked, id=17580, stack(0x00000082dd600000,0x00000082dd700000)]
  0x000001a03400fe20 JavaThread "WorkerExecutor Queue Thread 6" [_thread_blocked, id=16796, stack(0x00000082dd700000,0x00000082dd800000)]
  0x000001a03400efb0 JavaThread "WorkerExecutor Queue Thread 7" [_thread_blocked, id=2500, stack(0x00000082dd800000,0x00000082dd900000)]
  0x000001a0340107c0 JavaThread "WorkerExecutor Queue Thread 8" [_thread_blocked, id=17764, stack(0x00000082dd900000,0x00000082dda00000)]
  0x000001a0340102f0 JavaThread "Cache worker for Java compile cache (C:\Users\Admin\.gradle\caches\8.0.1\javaCompile)" [_thread_blocked, id=8988, stack(0x00000082dda00000,0x00000082ddb00000)]
  0x000001a035b42f80 JavaThread "C2 CompilerThread2" daemon [_thread_blocked, id=4684, stack(0x00000082d8d00000,0x00000082d8e00000)]
  0x000001a034011630 JavaThread "Build operations" [_thread_blocked, id=17160, stack(0x00000082ddb00000,0x00000082ddc00000)]
  0x000001a0340137e0 JavaThread "Build operations Thread 2" [_thread_blocked, id=13904, stack(0x00000082ddc00000,0x00000082ddd00000)]
  0x000001a034011160 JavaThread "Build operations Thread 3" [_thread_blocked, id=14316, stack(0x00000082ddd00000,0x00000082dde00000)]
  0x000001a034014180 JavaThread "Build operations Thread 4" [_thread_blocked, id=4032, stack(0x00000082dde00000,0x00000082ddf00000)]
  0x000001a034014ff0 JavaThread "Build operations Thread 5" [_thread_blocked, id=5916, stack(0x00000082ddf00000,0x00000082de000000)]
  0x000001a0340154c0 JavaThread "Build operations Thread 6" [_thread_blocked, id=432, stack(0x00000082de000000,0x00000082de100000)]
  0x000001a03400f950 JavaThread "Build operations Thread 7" [_thread_blocked, id=11024, stack(0x00000082de100000,0x00000082de200000)]
  0x000001a034011b00 JavaThread "Build operations Thread 8" [_thread_blocked, id=17544, stack(0x00000082de200000,0x00000082de300000)]

Other Threads:
=>0x000001a02e6b0ee0 VMThread "VM Thread" [stack: 0x00000082d3b00000,0x00000082d3c00000] [id=18528]
  0x000001a010556c60 WatcherThread [stack: 0x00000082d4700000,0x00000082d4800000] [id=3804]
  0x000001a01053ce80 GCTaskThread "GC Thread#0" [stack: 0x00000082d3600000,0x00000082d3700000] [id=11192]
  0x000001a02ff8d020 GCTaskThread "GC Thread#1" [stack: 0x00000082d4a00000,0x00000082d4b00000] [id=8312]
  0x000001a02fdd8380 GCTaskThread "GC Thread#2" [stack: 0x00000082d4b00000,0x00000082d4c00000] [id=16152]
  0x000001a02fa7fab0 GCTaskThread "GC Thread#3" [stack: 0x00000082d4c00000,0x00000082d4d00000] [id=13832]
  0x000001a0301c2380 GCTaskThread "GC Thread#4" [stack: 0x00000082d4d00000,0x00000082d4e00000] [id=1116]
  0x000001a031507490 GCTaskThread "GC Thread#5" [stack: 0x00000082d5900000,0x00000082d5a00000] [id=3948]
  0x000001a0319a3200 GCTaskThread "GC Thread#6" [stack: 0x00000082d5a00000,0x00000082d5b00000] [id=2856]
  0x000001a0319a34b0 GCTaskThread "GC Thread#7" [stack: 0x00000082d5b00000,0x00000082d5c00000] [id=12784]
  0x000001a01054dcd0 ConcurrentGCThread "G1 Main Marker" [stack: 0x00000082d3700000,0x00000082d3800000] [id=1608]
  0x000001a01054e5f0 ConcurrentGCThread "G1 Conc#0" [stack: 0x00000082d3800000,0x00000082d3900000] [id=13344]
  0x000001a0332913f0 ConcurrentGCThread "G1 Conc#1" [stack: 0x00000082d6500000,0x00000082d6600000] [id=15552]
  0x000001a02e569500 ConcurrentGCThread "G1 Refine#0" [stack: 0x00000082d3900000,0x00000082d3a00000] [id=14168]
  0x000001a033176460 ConcurrentGCThread "G1 Refine#1" [stack: 0x00000082dd000000,0x00000082dd100000] [id=16364]
  0x000001a02e569e30 ConcurrentGCThread "G1 Service" [stack: 0x00000082d3a00000,0x00000082d3b00000] [id=1540]

Threads with active compile tasks:
C2 CompilerThread0    57280 21143 %     4       org.objectweb.asm.ClassReader::readCode @ 1738 (5109 bytes)
C1 CompilerThread0    57280 21284       2       com.google.common.collect.HashBiMap::inverse (28 bytes)
C2 CompilerThread1    57280 21139       4       org.objectweb.asm.ClassReader::accept (1412 bytes)
C2 CompilerThread2    57280 21208       4       org.gradle.api.internal.tasks.compile.incremental.serialization.HierarchicalNameSerializer::readName (51 bytes)

VM state: at safepoint (normal execution)

VM Mutex/Monitor currently owned by a thread:  ([mutex/lock_event])
[0x000001a0104e1550] Threads_lock - owner thread: 0x000001a02e6b0ee0
[0x000001a0104e0590] Heap_lock - owner thread: 0x000001a01054dcd0

Heap address: 0x0000000080000000, size: 2048 MB, Compressed Oops mode: 32-bit

CDS archive(s) mapped at: [0x0000000800000000-0x0000000800bd0000-0x0000000800bd0000), size 12386304, SharedBaseAddress: 0x0000000800000000, ArchiveRelocationMode: 0.
Compressed class space mapped at: 0x0000000800c00000-0x000000081a800000, reserved size: 432013312
Narrow klass base: 0x0000000800000000, Narrow klass shift: 0, Narrow klass range: 0x100000000

GC Precious Log:
 CPUs: 8 total, 8 available
 Memory: 6082M
 Large Page Support: Disabled
 NUMA Support: Disabled
 Compressed Oops: Enabled (32-bit)
 Heap Region Size: 1M
 Heap Min Capacity: 8M
 Heap Initial Capacity: 96M
 Heap Max Capacity: 2G
 Pre-touch: Disabled
 Parallel Workers: 8
 Concurrent Workers: 2
 Concurrent Refinement Workers: 8
 Periodic GC: Disabled

Heap:
 garbage-first heap   total 234496K, used 193853K [0x0000000080000000, 0x0000000100000000)
  region size 1024K, 28 young (28672K), 4 survivors (4096K)
 Metaspace       used 121071K, committed 122048K, reserved 528384K
  class space    used 16064K, committed 16512K, reserved 421888K

Heap Regions: E=young(eden), S=young(survivor), O=old, HS=humongous(starts), HC=humongous(continues), CS=collection set, F=free, OA=open archive, CA=closed archive, TAMS=top-at-mark-start (previous, next)
|   0|0x0000000080000000, 0x0000000080100000, 0x0000000080100000|100%|HS|  |TAMS 0x0000000080100000, 0x0000000080000000| Complete 
|   1|0x0000000080100000, 0x0000000080200000, 0x0000000080200000|100%|HC|  |TAMS 0x0000000080200000, 0x0000000080100000| Complete 
|   2|0x0000000080200000, 0x0000000080300000, 0x0000000080300000|100%|HC|  |TAMS 0x0000000080300000, 0x0000000080200000| Complete 
|   3|0x0000000080300000, 0x0000000080400000, 0x0000000080400000|100%|HC|  |TAMS 0x0000000080400000, 0x0000000080300000| Complete 
|   4|0x0000000080400000, 0x0000000080500000, 0x0000000080500000|100%| O|  |TAMS 0x0000000080500000, 0x0000000080400000| Untracked 
|   5|0x0000000080500000, 0x0000000080600000, 0x0000000080600000|100%| O|  |TAMS 0x0000000080600000, 0x0000000080500000| Untracked 
|   6|0x0000000080600000, 0x0000000080700000, 0x0000000080700000|100%| O|  |TAMS 0x0000000080700000, 0x0000000080600000| Untracked 
|   7|0x0000000080700000, 0x0000000080800000, 0x0000000080800000|100%| O|  |TAMS 0x0000000080800000, 0x0000000080700000| Updating 
|   8|0x0000000080800000, 0x0000000080900000, 0x0000000080900000|100%| O|  |TAMS 0x0000000080900000, 0x0000000080800000| Untracked 
|   9|0x0000000080900000, 0x0000000080a00000, 0x0000000080a00000|100%| O|  |TAMS 0x0000000080a00000, 0x0000000080900000| Updating 
|  10|0x0000000080a00000, 0x0000000080b00000, 0x0000000080b00000|100%| O|  |TAMS 0x0000000080b00000, 0x0000000080a00000| Updating 
|  11|0x0000000080b00000, 0x0000000080c00000, 0x0000000080c00000|100%| O|  |TAMS 0x0000000080c00000, 0x0000000080b00000| Untracked 
|  12|0x0000000080c00000, 0x0000000080d00000, 0x0000000080d00000|100%| O|  |TAMS 0x0000000080d00000, 0x0000000080c00000| Untracked 
|  13|0x0000000080d00000, 0x0000000080e00000, 0x0000000080e00000|100%| O|  |TAMS 0x0000000080e00000, 0x0000000080d00000| Untracked 
|  14|0x0000000080e00000, 0x0000000080f00000, 0x0000000080f00000|100%| O|  |TAMS 0x0000000080f00000, 0x0000000080e00000| Untracked 
|  15|0x0000000080f00000, 0x0000000081000000, 0x0000000081000000|100%| O|  |TAMS 0x0000000081000000, 0x0000000080f00000| Updating 
|  16|0x0000000081000000, 0x0000000081100000, 0x0000000081100000|100%| O|  |TAMS 0x0000000081100000, 0x0000000081000000| Untracked 
|  17|0x0000000081100000, 0x0000000081200000, 0x0000000081200000|100%| O|  |TAMS 0x0000000081200000, 0x0000000081100000| Untracked 
|  18|0x0000000081200000, 0x00000000812f6000, 0x0000000081300000| 96%| O|  |TAMS 0x00000000812f6000, 0x0000000081200000| Updating 
|  19|0x0000000081300000, 0x0000000081400000, 0x0000000081400000|100%| O|  |TAMS 0x0000000081400000, 0x0000000081300000| Untracked 
|  20|0x0000000081400000, 0x0000000081500000, 0x0000000081500000|100%| O|  |TAMS 0x0000000081500000, 0x0000000081400000| Untracked 
|  21|0x0000000081500000, 0x0000000081600000, 0x0000000081600000|100%| O|  |TAMS 0x0000000081600000, 0x0000000081500000| Updating 
|  22|0x0000000081600000, 0x0000000081700000, 0x0000000081700000|100%| O|  |TAMS 0x0000000081700000, 0x0000000081600000| Untracked 
|  23|0x0000000081700000, 0x0000000081800000, 0x0000000081800000|100%| O|  |TAMS 0x0000000081800000, 0x0000000081700000| Updating 
|  24|0x0000000081800000, 0x0000000081900000, 0x0000000081900000|100%|HS|  |TAMS 0x0000000081900000, 0x0000000081800000| Complete 
|  25|0x0000000081900000, 0x0000000081a00000, 0x0000000081a00000|100%| O|  |TAMS 0x0000000081a00000, 0x0000000081900000| Untracked 
|  26|0x0000000081a00000, 0x0000000081b00000, 0x0000000081b00000|100%| O|  |TAMS 0x0000000081b00000, 0x0000000081a00000| Untracked 
|  27|0x0000000081b00000, 0x0000000081c00000, 0x0000000081c00000|100%| O|  |TAMS 0x0000000081c00000, 0x0000000081b00000| Untracked 
|  28|0x0000000081c00000, 0x0000000081d00000, 0x0000000081d00000|100%| O|  |TAMS 0x0000000081d00000, 0x0000000081c00000| Untracked 
|  29|0x0000000081d00000, 0x0000000081e00000, 0x0000000081e00000|100%| O|  |TAMS 0x0000000081e00000, 0x0000000081d00000| Untracked 
|  30|0x0000000081e00000, 0x0000000081f00000, 0x0000000081f00000|100%| O|  |TAMS 0x0000000081f00000, 0x0000000081e00000| Untracked 
|  31|0x0000000081f00000, 0x0000000082000000, 0x0000000082000000|100%| O|  |TAMS 0x0000000082000000, 0x0000000081f00000| Updating 
|  32|0x0000000082000000, 0x0000000082100000, 0x0000000082100000|100%| O|  |TAMS 0x0000000082100000, 0x0000000082000000| Untracked 
|  33|0x0000000082100000, 0x0000000082200000, 0x0000000082200000|100%| O|  |TAMS 0x0000000082200000, 0x0000000082100000| Untracked 
|  34|0x0000000082200000, 0x0000000082300000, 0x0000000082300000|100%| O|  |TAMS 0x0000000082300000, 0x0000000082200000| Untracked 
|  35|0x0000000082300000, 0x0000000082400000, 0x0000000082400000|100%| O|  |TAMS 0x0000000082400000, 0x0000000082300000| Untracked 
|  36|0x0000000082400000, 0x0000000082500000, 0x0000000082500000|100%| O|  |TAMS 0x0000000082500000, 0x0000000082400000| Updating 
|  37|0x0000000082500000, 0x0000000082600000, 0x0000000082600000|100%|HS|  |TAMS 0x0000000082600000, 0x0000000082500000| Complete 
|  38|0x0000000082600000, 0x0000000082700000, 0x0000000082700000|100%|HC|  |TAMS 0x0000000082700000, 0x0000000082600000| Complete 
|  39|0x0000000082700000, 0x0000000082800000, 0x0000000082800000|100%|HS|  |TAMS 0x0000000082800000, 0x0000000082700000| Complete 
|  40|0x0000000082800000, 0x0000000082900000, 0x0000000082900000|100%|HC|  |TAMS 0x0000000082900000, 0x0000000082800000| Complete 
|  41|0x0000000082900000, 0x0000000082a00000, 0x0000000082a00000|100%|HC|  |TAMS 0x0000000082a00000, 0x0000000082900000| Complete 
|  42|0x0000000082a00000, 0x0000000082b00000, 0x0000000082b00000|100%|HC|  |TAMS 0x0000000082b00000, 0x0000000082a00000| Complete 
|  43|0x0000000082b00000, 0x0000000082c00000, 0x0000000082c00000|100%| O|  |TAMS 0x0000000082c00000, 0x0000000082b00000| Untracked 
|  44|0x0000000082c00000, 0x0000000082d00000, 0x0000000082d00000|100%| O|  |TAMS 0x0000000082d00000, 0x0000000082c00000| Untracked 
|  45|0x0000000082d00000, 0x0000000082e00000, 0x0000000082e00000|100%| O|  |TAMS 0x0000000082e00000, 0x0000000082d00000| Untracked 
|  46|0x0000000082e00000, 0x0000000082f00000, 0x0000000082f00000|100%| O|  |TAMS 0x0000000082f00000, 0x0000000082e00000| Untracked 
|  47|0x0000000082f00000, 0x0000000083000000, 0x0000000083000000|100%| O|  |TAMS 0x0000000083000000, 0x0000000082f00000| Untracked 
|  48|0x0000000083000000, 0x0000000083100000, 0x0000000083100000|100%| O|  |TAMS 0x0000000083100000, 0x0000000083000000| Untracked 
|  49|0x0000000083100000, 0x0000000083200000, 0x0000000083200000|100%| O|  |TAMS 0x0000000083200000, 0x0000000083100000| Untracked 
|  50|0x0000000083200000, 0x0000000083300000, 0x0000000083300000|100%| O|  |TAMS 0x0000000083300000, 0x0000000083200000| Untracked 
|  51|0x0000000083300000, 0x0000000083400000, 0x0000000083400000|100%| O|  |TAMS 0x0000000083400000, 0x0000000083300000| Updating 
|  52|0x0000000083400000, 0x0000000083500000, 0x0000000083500000|100%| O|  |TAMS 0x0000000083500000, 0x0000000083400000| Untracked 
|  53|0x0000000083500000, 0x0000000083600000, 0x0000000083600000|100%| O|  |TAMS 0x0000000083600000, 0x0000000083500000| Untracked 
|  54|0x0000000083600000, 0x0000000083700000, 0x0000000083700000|100%| O|  |TAMS 0x0000000083700000, 0x0000000083600000| Untracked 
|  55|0x0000000083700000, 0x0000000083800000, 0x0000000083800000|100%| O|  |TAMS 0x0000000083800000, 0x0000000083700000| Untracked 
|  56|0x0000000083800000, 0x0000000083900000, 0x0000000083900000|100%|HS|  |TAMS 0x0000000083900000, 0x0000000083800000| Complete 
|  57|0x0000000083900000, 0x0000000083a00000, 0x0000000083a00000|100%| O|  |TAMS 0x0000000083a00000, 0x0000000083900000| Untracked 
|  58|0x0000000083a00000, 0x0000000083b00000, 0x0000000083b00000|100%| O|  |TAMS 0x0000000083b00000, 0x0000000083a00000| Untracked 
|  59|0x0000000083b00000, 0x0000000083c00000, 0x0000000083c00000|100%| O|  |TAMS 0x0000000083c00000, 0x0000000083b00000| Untracked 
|  60|0x0000000083c00000, 0x0000000083d00000, 0x0000000083d00000|100%| O|  |TAMS 0x0000000083d00000, 0x0000000083c00000| Untracked 
|  61|0x0000000083d00000, 0x0000000083e00000, 0x0000000083e00000|100%| O|  |TAMS 0x0000000083e00000, 0x0000000083d00000| Untracked 
|  62|0x0000000083e00000, 0x0000000083f00000, 0x0000000083f00000|100%| O|  |TAMS 0x0000000083f00000, 0x0000000083e00000| Untracked 
|  63|0x0000000083f00000, 0x0000000084000000, 0x0000000084000000|100%| O|  |TAMS 0x0000000084000000, 0x0000000083f00000| Untracked 
|  64|0x0000000084000000, 0x0000000084100000, 0x0000000084100000|100%| O|  |TAMS 0x0000000084100000, 0x0000000084000000| Untracked 
|  65|0x0000000084100000, 0x0000000084200000, 0x0000000084200000|100%| O|  |TAMS 0x0000000084200000, 0x0000000084100000| Untracked 
|  66|0x0000000084200000, 0x0000000084300000, 0x0000000084300000|100%| O|  |TAMS 0x0000000084300000, 0x0000000084200000| Untracked 
|  67|0x0000000084300000, 0x0000000084400000, 0x0000000084400000|100%| O|  |TAMS 0x0000000084400000, 0x0000000084300000| Untracked 
|  68|0x0000000084400000, 0x0000000084500000, 0x0000000084500000|100%| O|  |TAMS 0x0000000084500000, 0x0000000084400000| Untracked 
|  69|0x0000000084500000, 0x0000000084600000, 0x0000000084600000|100%| O|  |TAMS 0x0000000084600000, 0x0000000084500000| Untracked 
|  70|0x0000000084600000, 0x0000000084700000, 0x0000000084700000|100%| O|  |TAMS 0x0000000084700000, 0x0000000084600000| Untracked 
|  71|0x0000000084700000, 0x0000000084800000, 0x0000000084800000|100%| O|  |TAMS 0x0000000084800000, 0x0000000084700000| Untracked 
|  72|0x0000000084800000, 0x0000000084900000, 0x0000000084900000|100%| O|  |TAMS 0x0000000084900000, 0x0000000084800000| Untracked 
|  73|0x0000000084900000, 0x0000000084a00000, 0x0000000084a00000|100%| O|  |TAMS 0x0000000084a00000, 0x0000000084900000| Untracked 
|  74|0x0000000084a00000, 0x0000000084b00000, 0x0000000084b00000|100%| O|  |TAMS 0x0000000084b00000, 0x0000000084a00000| Untracked 
|  75|0x0000000084b00000, 0x0000000084c00000, 0x0000000084c00000|100%| O|  |TAMS 0x0000000084c00000, 0x0000000084b00000| Untracked 
|  76|0x0000000084c00000, 0x0000000084d00000, 0x0000000084d00000|100%| O|  |TAMS 0x0000000084d00000, 0x0000000084c00000| Untracked 
|  77|0x0000000084d00000, 0x0000000084e00000, 0x0000000084e00000|100%| O|  |TAMS 0x0000000084e00000, 0x0000000084d00000| Untracked 
|  78|0x0000000084e00000, 0x0000000084f00000, 0x0000000084f00000|100%| O|  |TAMS 0x0000000084f00000, 0x0000000084e00000| Untracked 
|  79|0x0000000084f00000, 0x0000000085000000, 0x0000000085000000|100%| O|  |TAMS 0x0000000085000000, 0x0000000084f00000| Untracked 
|  80|0x0000000085000000, 0x0000000085100000, 0x0000000085100000|100%| O|  |TAMS 0x0000000085100000, 0x0000000085000000| Untracked 
|  81|0x0000000085100000, 0x0000000085200000, 0x0000000085200000|100%| O|  |TAMS 0x0000000085200000, 0x0000000085100000| Untracked 
|  82|0x0000000085200000, 0x0000000085300000, 0x0000000085300000|100%| O|  |TAMS 0x0000000085300000, 0x0000000085200000| Updating 
|  83|0x0000000085300000, 0x0000000085400000, 0x0000000085400000|100%| O|  |TAMS 0x0000000085400000, 0x0000000085300000| Untracked 
|  84|0x0000000085400000, 0x0000000085500000, 0x0000000085500000|100%| O|  |TAMS 0x0000000085500000, 0x0000000085400000| Untracked 
|  85|0x0000000085500000, 0x0000000085600000, 0x0000000085600000|100%| O|  |TAMS 0x0000000085600000, 0x0000000085500000| Untracked 
|  86|0x0000000085600000, 0x0000000085700000, 0x0000000085700000|100%| O|  |TAMS 0x0000000085700000, 0x0000000085600000| Updating 
|  87|0x0000000085700000, 0x0000000085800000, 0x0000000085800000|100%|HS|  |TAMS 0x0000000085800000, 0x0000000085700000| Complete 
|  88|0x0000000085800000, 0x0000000085900000, 0x0000000085900000|100%|HC|  |TAMS 0x0000000085900000, 0x0000000085800000| Complete 
|  89|0x0000000085900000, 0x0000000085a00000, 0x0000000085a00000|100%| O|  |TAMS 0x0000000085a00000, 0x0000000085900000| Untracked 
|  90|0x0000000085a00000, 0x0000000085b00000, 0x0000000085b00000|100%| O|  |TAMS 0x0000000085b00000, 0x0000000085a00000| Untracked 
|  91|0x0000000085b00000, 0x0000000085c00000, 0x0000000085c00000|100%| O|  |TAMS 0x0000000085c00000, 0x0000000085b00000| Updating 
|  92|0x0000000085c00000, 0x0000000085d00000, 0x0000000085d00000|100%| O|  |TAMS 0x0000000085d00000, 0x0000000085c00000| Untracked 
|  93|0x0000000085d00000, 0x0000000085e00000, 0x0000000085e00000|100%| O|  |TAMS 0x0000000085e00000, 0x0000000085d00000| Untracked 
|  94|0x0000000085e00000, 0x0000000085f00000, 0x0000000085f00000|100%|HS|  |TAMS 0x0000000085f00000, 0x0000000085e00000| Complete 
|  95|0x0000000085f00000, 0x0000000086000000, 0x0000000086000000|100%|HS|  |TAMS 0x0000000086000000, 0x0000000085f00000| Complete 
|  96|0x0000000086000000, 0x0000000086100000, 0x0000000086100000|100%|HS|  |TAMS 0x0000000086100000, 0x0000000086000000| Complete 
|  97|0x0000000086100000, 0x0000000086200000, 0x0000000086200000|100%|HC|  |TAMS 0x0000000086200000, 0x0000000086100000| Complete 
|  98|0x0000000086200000, 0x0000000086300000, 0x0000000086300000|100%| O|  |TAMS 0x0000000086300000, 0x0000000086200000| Untracked 
|  99|0x0000000086300000, 0x0000000086400000, 0x0000000086400000|100%| O|  |TAMS 0x0000000086400000, 0x0000000086300000| Updating 
| 100|0x0000000086400000, 0x0000000086500000, 0x0000000086500000|100%| O|  |TAMS 0x0000000086500000, 0x0000000086400000| Untracked 
| 101|0x0000000086500000, 0x0000000086600000, 0x0000000086600000|100%| O|  |TAMS 0x0000000086600000, 0x0000000086500000| Untracked 
| 102|0x0000000086600000, 0x0000000086700000, 0x0000000086700000|100%| O|  |TAMS 0x0000000086700000, 0x0000000086600000| Untracked 
| 103|0x0000000086700000, 0x0000000086800000, 0x0000000086800000|100%| O|  |TAMS 0x0000000086800000, 0x0000000086700000| Untracked 
| 104|0x0000000086800000, 0x0000000086900000, 0x0000000086900000|100%| O|  |TAMS 0x0000000086900000, 0x0000000086800000| Untracked 
| 105|0x0000000086900000, 0x0000000086a00000, 0x0000000086a00000|100%| O|  |TAMS 0x0000000086a00000, 0x0000000086900000| Untracked 
| 106|0x0000000086a00000, 0x0000000086b00000, 0x0000000086b00000|100%| O|  |TAMS 0x0000000086b00000, 0x0000000086a00000| Untracked 
| 107|0x0000000086b00000, 0x0000000086c00000, 0x0000000086c00000|100%| O|  |TAMS 0x0000000086c00000, 0x0000000086b00000| Untracked 
| 108|0x0000000086c00000, 0x0000000086d00000, 0x0000000086d00000|100%| O|  |TAMS 0x0000000086d00000, 0x0000000086c00000| Untracked 
| 109|0x0000000086d00000, 0x0000000086e00000, 0x0000000086e00000|100%| O|  |TAMS 0x0000000086e00000, 0x0000000086d00000| Untracked 
| 110|0x0000000086e00000, 0x0000000086f00000, 0x0000000086f00000|100%| O|  |TAMS 0x0000000086f00000, 0x0000000086e00000| Untracked 
| 111|0x0000000086f00000, 0x0000000087000000, 0x0000000087000000|100%| O|  |TAMS 0x0000000087000000, 0x0000000086f00000| Untracked 
| 112|0x0000000087000000, 0x0000000087100000, 0x0000000087100000|100%| O|  |TAMS 0x0000000087100000, 0x0000000087000000| Untracked 
| 113|0x0000000087100000, 0x0000000087200000, 0x0000000087200000|100%| O|  |TAMS 0x0000000087200000, 0x0000000087100000| Updating 
| 114|0x0000000087200000, 0x0000000087300000, 0x0000000087300000|100%| O|  |TAMS 0x0000000087300000, 0x0000000087200000| Untracked 
| 115|0x0000000087300000, 0x0000000087400000, 0x0000000087400000|100%| O|  |TAMS 0x0000000087400000, 0x0000000087300000| Untracked 
| 116|0x0000000087400000, 0x0000000087500000, 0x0000000087500000|100%| O|  |TAMS 0x0000000087500000, 0x0000000087400000| Untracked 
| 117|0x0000000087500000, 0x0000000087600000, 0x0000000087600000|100%| O|  |TAMS 0x0000000087600000, 0x0000000087500000| Untracked 
| 118|0x0000000087600000, 0x0000000087700000, 0x0000000087700000|100%| O|  |TAMS 0x0000000087700000, 0x0000000087600000| Untracked 
| 119|0x0000000087700000, 0x0000000087800000, 0x0000000087800000|100%| O|  |TAMS 0x0000000087800000, 0x0000000087700000| Updating 
| 120|0x0000000087800000, 0x0000000087900000, 0x0000000087900000|100%| O|  |TAMS 0x0000000087900000, 0x0000000087800000| Untracked 
| 121|0x0000000087900000, 0x0000000087a00000, 0x0000000087a00000|100%| O|  |TAMS 0x0000000087a00000, 0x0000000087900000| Untracked 
| 122|0x0000000087a00000, 0x0000000087b00000, 0x0000000087b00000|100%| O|  |TAMS 0x0000000087b00000, 0x0000000087a00000| Updating 
| 123|0x0000000087b00000, 0x0000000087c00000, 0x0000000087c00000|100%| O|  |TAMS 0x0000000087c00000, 0x0000000087b00000| Updating 
| 124|0x0000000087c00000, 0x0000000087d00000, 0x0000000087d00000|100%| O|  |TAMS 0x0000000087d00000, 0x0000000087c00000| Untracked 
| 125|0x0000000087d00000, 0x0000000087e00000, 0x0000000087e00000|100%| O|  |TAMS 0x0000000087e00000, 0x0000000087d00000| Untracked 
| 126|0x0000000087e00000, 0x0000000087f00000, 0x0000000087f00000|100%| O|  |TAMS 0x0000000087f00000, 0x0000000087e00000| Untracked 
| 127|0x0000000087f00000, 0x0000000088000000, 0x0000000088000000|100%| O|  |TAMS 0x0000000088000000, 0x0000000087f00000| Untracked 
| 128|0x0000000088000000, 0x0000000088100000, 0x0000000088100000|100%| O|  |TAMS 0x0000000088100000, 0x0000000088000000| Updating 
| 129|0x0000000088100000, 0x0000000088200000, 0x0000000088200000|100%| O|  |TAMS 0x0000000088200000, 0x0000000088100000| Updating 
| 130|0x0000000088200000, 0x0000000088300000, 0x0000000088300000|100%| O|  |TAMS 0x0000000088300000, 0x0000000088200000| Updating 
| 131|0x0000000088300000, 0x0000000088400000, 0x0000000088400000|100%| O|  |TAMS 0x0000000088400000, 0x0000000088300000| Untracked 
| 132|0x0000000088400000, 0x0000000088500000, 0x0000000088500000|100%| O|  |TAMS 0x0000000088500000, 0x0000000088400000| Untracked 
| 133|0x0000000088500000, 0x0000000088600000, 0x0000000088600000|100%| O|  |TAMS 0x0000000088600000, 0x0000000088500000| Untracked 
| 134|0x0000000088600000, 0x0000000088700000, 0x0000000088700000|100%| O|  |TAMS 0x0000000088700000, 0x0000000088600000| Updating 
| 135|0x0000000088700000, 0x0000000088800000, 0x0000000088800000|100%| O|  |TAMS 0x0000000088800000, 0x0000000088700000| Updating 
| 136|0x0000000088800000, 0x0000000088900000, 0x0000000088900000|100%| O|  |TAMS 0x0000000088900000, 0x0000000088800000| Untracked 
| 137|0x0000000088900000, 0x0000000088a00000, 0x0000000088a00000|100%| O|  |TAMS 0x0000000088a00000, 0x0000000088900000| Untracked 
| 138|0x0000000088a00000, 0x0000000088b00000, 0x0000000088b00000|100%| O|  |TAMS 0x0000000088b00000, 0x0000000088a00000| Untracked 
| 139|0x0000000088b00000, 0x0000000088c00000, 0x0000000088c00000|100%| O|  |TAMS 0x0000000088c00000, 0x0000000088b00000| Untracked 
| 140|0x0000000088c00000, 0x0000000088d00000, 0x0000000088d00000|100%| O|  |TAMS 0x0000000088d00000, 0x0000000088c00000| Untracked 
| 141|0x0000000088d00000, 0x0000000088e00000, 0x0000000088e00000|100%| O|  |TAMS 0x0000000088e00000, 0x0000000088d00000| Untracked 
| 142|0x0000000088e00000, 0x0000000088f00000, 0x0000000088f00000|100%| O|  |TAMS 0x0000000088f00000, 0x0000000088e00000| Untracked 
| 143|0x0000000088f00000, 0x0000000089000000, 0x0000000089000000|100%| O|  |TAMS 0x0000000089000000, 0x0000000088f00000| Untracked 
| 144|0x0000000089000000, 0x0000000089100000, 0x0000000089100000|100%| O|  |TAMS 0x0000000089100000, 0x0000000089000000| Untracked 
| 145|0x0000000089100000, 0x0000000089200000, 0x0000000089200000|100%| O|  |TAMS 0x0000000089200000, 0x0000000089100000| Untracked 
| 146|0x0000000089200000, 0x0000000089300000, 0x0000000089300000|100%| O|  |TAMS 0x0000000089300000, 0x0000000089200000| Updating 
| 147|0x0000000089300000, 0x0000000089400000, 0x0000000089400000|100%| O|  |TAMS 0x0000000089300000, 0x0000000089300000| Untracked 
| 148|0x0000000089400000, 0x0000000089500000, 0x0000000089500000|100%| O|  |TAMS 0x0000000089400000, 0x0000000089400000| Untracked 
| 149|0x0000000089500000, 0x0000000089500000, 0x0000000089600000|  0%| F|  |TAMS 0x0000000089500000, 0x0000000089500000| Untracked 
| 150|0x0000000089600000, 0x0000000089600000, 0x0000000089700000|  0%| F|  |TAMS 0x0000000089600000, 0x0000000089600000| Untracked 
| 151|0x0000000089700000, 0x0000000089800000, 0x0000000089800000|100%| O|  |TAMS 0x0000000089800000, 0x0000000089700000| Untracked 
| 152|0x0000000089800000, 0x0000000089900000, 0x0000000089900000|100%| O|  |TAMS 0x0000000089900000, 0x0000000089800000| Untracked 
| 153|0x0000000089900000, 0x0000000089a00000, 0x0000000089a00000|100%| O|  |TAMS 0x0000000089a00000, 0x0000000089900000| Updating 
| 154|0x0000000089a00000, 0x0000000089b00000, 0x0000000089b00000|100%|HS|  |TAMS 0x0000000089b00000, 0x0000000089a00000| Complete 
| 155|0x0000000089b00000, 0x0000000089c00000, 0x0000000089c00000|100%|HC|  |TAMS 0x0000000089c00000, 0x0000000089b00000| Complete 
| 156|0x0000000089c00000, 0x0000000089d00000, 0x0000000089d00000|100%| O|  |TAMS 0x0000000089d00000, 0x0000000089c00000| Untracked 
| 157|0x0000000089d00000, 0x0000000089e00000, 0x0000000089e00000|100%| O|  |TAMS 0x0000000089e00000, 0x0000000089d00000| Untracked 
| 158|0x0000000089e00000, 0x0000000089f00000, 0x0000000089f00000|100%| O|  |TAMS 0x0000000089f00000, 0x0000000089e00000| Untracked 
| 159|0x0000000089f00000, 0x000000008a000000, 0x000000008a000000|100%| O|  |TAMS 0x000000008a000000, 0x0000000089f00000| Untracked 
| 160|0x000000008a000000, 0x000000008a100000, 0x000000008a100000|100%| O|  |TAMS 0x000000008a100000, 0x000000008a000000| Updating 
| 161|0x000000008a100000, 0x000000008a200000, 0x000000008a200000|100%| O|  |TAMS 0x000000008a200000, 0x000000008a100000| Updating 
| 162|0x000000008a200000, 0x000000008a300000, 0x000000008a300000|100%| O|  |TAMS 0x000000008a222600, 0x000000008a200000| Untracked 
| 163|0x000000008a300000, 0x000000008a400000, 0x000000008a400000|100%| O|  |TAMS 0x000000008a300000, 0x000000008a300000| Untracked 
| 164|0x000000008a400000, 0x000000008a500000, 0x000000008a500000|100%| O|  |TAMS 0x000000008a400000, 0x000000008a400000| Untracked 
| 165|0x000000008a500000, 0x000000008a559600, 0x000000008a600000| 34%| O|  |TAMS 0x000000008a500000, 0x000000008a500000| Updating 
| 166|0x000000008a600000, 0x000000008a600000, 0x000000008a700000|  0%| F|  |TAMS 0x000000008a600000, 0x000000008a600000| Untracked 
| 167|0x000000008a700000, 0x000000008a700000, 0x000000008a800000|  0%| F|  |TAMS 0x000000008a700000, 0x000000008a700000| Untracked 
| 168|0x000000008a800000, 0x000000008a800000, 0x000000008a900000|  0%| F|  |TAMS 0x000000008a800000, 0x000000008a800000| Untracked 
| 169|0x000000008a900000, 0x000000008a900000, 0x000000008aa00000|  0%| F|  |TAMS 0x000000008a900000, 0x000000008a900000| Untracked 
| 170|0x000000008aa00000, 0x000000008aa00000, 0x000000008ab00000|  0%| F|  |TAMS 0x000000008aa00000, 0x000000008aa00000| Untracked 
| 171|0x000000008ab00000, 0x000000008ab00000, 0x000000008ac00000|  0%| F|  |TAMS 0x000000008ab00000, 0x000000008ab00000| Untracked 
| 172|0x000000008ac00000, 0x000000008ac00000, 0x000000008ad00000|  0%| F|  |TAMS 0x000000008ac00000, 0x000000008ac00000| Untracked 
| 173|0x000000008ad00000, 0x000000008ad00000, 0x000000008ae00000|  0%| F|  |TAMS 0x000000008ad00000, 0x000000008ad00000| Untracked 
| 174|0x000000008ae00000, 0x000000008ae00000, 0x000000008af00000|  0%| F|  |TAMS 0x000000008ae00000, 0x000000008ae00000| Untracked 
| 175|0x000000008af00000, 0x000000008af00000, 0x000000008b000000|  0%| F|  |TAMS 0x000000008af00000, 0x000000008af00000| Untracked 
| 176|0x000000008b000000, 0x000000008b000000, 0x000000008b100000|  0%| F|  |TAMS 0x000000008b000000, 0x000000008b000000| Untracked 
| 177|0x000000008b100000, 0x000000008b100000, 0x000000008b200000|  0%| F|  |TAMS 0x000000008b100000, 0x000000008b100000| Untracked 
| 178|0x000000008b200000, 0x000000008b200000, 0x000000008b300000|  0%| F|  |TAMS 0x000000008b200000, 0x000000008b200000| Untracked 
| 179|0x000000008b300000, 0x000000008b300000, 0x000000008b400000|  0%| F|  |TAMS 0x000000008b300000, 0x000000008b300000| Untracked 
| 180|0x000000008b400000, 0x000000008b400000, 0x000000008b500000|  0%| F|  |TAMS 0x000000008b400000, 0x000000008b400000| Untracked 
| 181|0x000000008b500000, 0x000000008b500000, 0x000000008b600000|  0%| F|  |TAMS 0x000000008b500000, 0x000000008b500000| Untracked 
| 182|0x000000008b600000, 0x000000008b600000, 0x000000008b700000|  0%| F|  |TAMS 0x000000008b600000, 0x000000008b600000| Untracked 
| 183|0x000000008b700000, 0x000000008b700000, 0x000000008b800000|  0%| F|  |TAMS 0x000000008b700000, 0x000000008b700000| Untracked 
| 184|0x000000008b800000, 0x000000008b800000, 0x000000008b900000|  0%| F|  |TAMS 0x000000008b800000, 0x000000008b800000| Untracked 
| 185|0x000000008b900000, 0x000000008b900000, 0x000000008ba00000|  0%| F|  |TAMS 0x000000008b900000, 0x000000008b900000| Untracked 
| 186|0x000000008ba00000, 0x000000008ba00000, 0x000000008bb00000|  0%| F|  |TAMS 0x000000008ba00000, 0x000000008ba00000| Untracked 
| 187|0x000000008bb00000, 0x000000008bb00000, 0x000000008bc00000|  0%| F|  |TAMS 0x000000008bb00000, 0x000000008bb00000| Untracked 
| 188|0x000000008bc00000, 0x000000008bc00000, 0x000000008bd00000|  0%| F|  |TAMS 0x000000008bc00000, 0x000000008bc00000| Untracked 
| 189|0x000000008bd00000, 0x000000008bd00000, 0x000000008be00000|  0%| F|  |TAMS 0x000000008bd00000, 0x000000008bd00000| Untracked 
| 190|0x000000008be00000, 0x000000008be00000, 0x000000008bf00000|  0%| F|  |TAMS 0x000000008be00000, 0x000000008be00000| Untracked 
| 191|0x000000008bf00000, 0x000000008bf00000, 0x000000008c000000|  0%| F|  |TAMS 0x000000008bf00000, 0x000000008bf00000| Untracked 
| 192|0x000000008c000000, 0x000000008c000000, 0x000000008c100000|  0%| F|  |TAMS 0x000000008c000000, 0x000000008c000000| Untracked 
| 193|0x000000008c100000, 0x000000008c100000, 0x000000008c200000|  0%| F|  |TAMS 0x000000008c100000, 0x000000008c100000| Untracked 
| 194|0x000000008c200000, 0x000000008c200000, 0x000000008c300000|  0%| F|  |TAMS 0x000000008c200000, 0x000000008c200000| Untracked 
| 195|0x000000008c300000, 0x000000008c300000, 0x000000008c400000|  0%| F|  |TAMS 0x000000008c300000, 0x000000008c300000| Untracked 
| 196|0x000000008c400000, 0x000000008c400000, 0x000000008c500000|  0%| F|  |TAMS 0x000000008c400000, 0x000000008c400000| Untracked 
| 197|0x000000008c500000, 0x000000008c500000, 0x000000008c600000|  0%| F|  |TAMS 0x000000008c500000, 0x000000008c500000| Untracked 
| 198|0x000000008c600000, 0x000000008c600000, 0x000000008c700000|  0%| F|  |TAMS 0x000000008c600000, 0x000000008c600000| Untracked 
| 199|0x000000008c700000, 0x000000008c800000, 0x000000008c800000|100%| S|CS|TAMS 0x000000008c700000, 0x000000008c700000| Complete 
| 200|0x000000008c800000, 0x000000008c900000, 0x000000008c900000|100%| S|CS|TAMS 0x000000008c800000, 0x000000008c800000| Complete 
| 201|0x000000008c900000, 0x000000008ca00000, 0x000000008ca00000|100%| S|CS|TAMS 0x000000008c900000, 0x000000008c900000| Complete 
| 202|0x000000008ca00000, 0x000000008cb00000, 0x000000008cb00000|100%| S|CS|TAMS 0x000000008ca00000, 0x000000008ca00000| Complete 
| 203|0x000000008cb00000, 0x000000008cb00000, 0x000000008cc00000|  0%| F|  |TAMS 0x000000008cb00000, 0x000000008cb00000| Untracked 
| 204|0x000000008cc00000, 0x000000008cc00000, 0x000000008cd00000|  0%| F|  |TAMS 0x000000008cc00000, 0x000000008cc00000| Untracked 
| 205|0x000000008cd00000, 0x000000008cd448e0, 0x000000008ce00000| 26%| E|  |TAMS 0x000000008cd00000, 0x000000008cd00000| Complete 
| 206|0x000000008ce00000, 0x000000008cf00000, 0x000000008cf00000|100%| E|CS|TAMS 0x000000008ce00000, 0x000000008ce00000| Complete 
| 207|0x000000008cf00000, 0x000000008d000000, 0x000000008d000000|100%| E|CS|TAMS 0x000000008cf00000, 0x000000008cf00000| Complete 
| 208|0x000000008d000000, 0x000000008d100000, 0x000000008d100000|100%| E|CS|TAMS 0x000000008d000000, 0x000000008d000000| Complete 
| 209|0x000000008d100000, 0x000000008d200000, 0x000000008d200000|100%| E|CS|TAMS 0x000000008d100000, 0x000000008d100000| Complete 
| 210|0x000000008d200000, 0x000000008d300000, 0x000000008d300000|100%| E|CS|TAMS 0x000000008d200000, 0x000000008d200000| Complete 
| 211|0x000000008d300000, 0x000000008d400000, 0x000000008d400000|100%| E|CS|TAMS 0x000000008d300000, 0x000000008d300000| Complete 
| 212|0x000000008d400000, 0x000000008d500000, 0x000000008d500000|100%| E|CS|TAMS 0x000000008d400000, 0x000000008d400000| Complete 
| 213|0x000000008d500000, 0x000000008d600000, 0x000000008d600000|100%| E|CS|TAMS 0x000000008d500000, 0x000000008d500000| Complete 
| 214|0x000000008d600000, 0x000000008d700000, 0x000000008d700000|100%| E|CS|TAMS 0x000000008d600000, 0x000000008d600000| Complete 
| 215|0x000000008d700000, 0x000000008d800000, 0x000000008d800000|100%| E|  |TAMS 0x000000008d700000, 0x000000008d700000| Complete 
| 216|0x000000008d800000, 0x000000008d900000, 0x000000008d900000|100%| E|CS|TAMS 0x000000008d800000, 0x000000008d800000| Complete 
| 217|0x000000008d900000, 0x000000008da00000, 0x000000008da00000|100%| E|CS|TAMS 0x000000008d900000, 0x000000008d900000| Complete 
| 218|0x000000008da00000, 0x000000008db00000, 0x000000008db00000|100%| E|CS|TAMS 0x000000008da00000, 0x000000008da00000| Complete 
| 219|0x000000008db00000, 0x000000008dc00000, 0x000000008dc00000|100%| E|CS|TAMS 0x000000008db00000, 0x000000008db00000| Complete 
| 220|0x000000008dc00000, 0x000000008dd00000, 0x000000008dd00000|100%| E|CS|TAMS 0x000000008dc00000, 0x000000008dc00000| Complete 
| 221|0x000000008dd00000, 0x000000008de00000, 0x000000008de00000|100%| E|CS|TAMS 0x000000008dd00000, 0x000000008dd00000| Complete 
| 222|0x000000008de00000, 0x000000008df00000, 0x000000008df00000|100%| E|CS|TAMS 0x000000008de00000, 0x000000008de00000| Complete 
| 223|0x000000008df00000, 0x000000008e000000, 0x000000008e000000|100%| E|CS|TAMS 0x000000008df00000, 0x000000008df00000| Complete 
| 224|0x000000008e000000, 0x000000008e100000, 0x000000008e100000|100%| E|CS|TAMS 0x000000008e000000, 0x000000008e000000| Complete 
| 225|0x000000008e100000, 0x000000008e200000, 0x000000008e200000|100%| E|CS|TAMS 0x000000008e100000, 0x000000008e100000| Complete 
| 226|0x000000008e200000, 0x000000008e300000, 0x000000008e300000|100%| E|CS|TAMS 0x000000008e200000, 0x000000008e200000| Complete 
| 227|0x000000008e300000, 0x000000008e400000, 0x000000008e400000|100%| E|CS|TAMS 0x000000008e300000, 0x000000008e300000| Complete 
| 228|0x000000008e400000, 0x000000008e500000, 0x000000008e500000|100%| E|CS|TAMS 0x000000008e400000, 0x000000008e400000| Complete 

Card table byte_map: [0x000001a0274b0000,0x000001a0278b0000] _byte_map_base: 0x000001a0270b0000

Marking Bits (Prev, Next): (CMBitMap*) 0x000001a01053d3e0, (CMBitMap*) 0x000001a01053d3a0
 Prev Bits: [0x000001a029cb0000, 0x000001a02bcb0000)
 Next Bits: [0x000001a027cb0000, 0x000001a029cb0000)

Polling page: 0x000001a00e4f0000

Metaspace:

Usage:
  Non-class:    102.55 MB used.
      Class:     15.69 MB used.
       Both:    118.23 MB used.

Virtual space:
  Non-class space:      104.00 MB reserved,     103.06 MB (>99%) committed,  13 nodes.
      Class space:      412.00 MB reserved,      16.12 MB (  4%) committed,  1 nodes.
             Both:      516.00 MB reserved,     119.19 MB ( 23%) committed. 

Chunk freelists:
   Non-Class:  288.00 KB
       Class:  3.73 MB
        Both:  4.01 MB

MaxMetaspaceSize: 512.00 MB
CompressedClassSpaceSize: 412.00 MB
Initial GC threshold: 21.00 MB
Current GC threshold: 168.25 MB
CDS: on
MetaspaceReclaimPolicy: balanced
 - commit_granule_bytes: 65536.
 - commit_granule_words: 8192.
 - virtual_space_node_default_size: 1048576.
 - enlarge_chunks_in_place: 1.
 - new_chunks_are_fully_committed: 0.
 - uncommit_free_chunks: 1.
 - use_allocation_guard: 0.
 - handle_deallocations: 1.


Internal statistics:

num_allocs_failed_limit: 9.
num_arena_births: 1306.
num_arena_deaths: 4.
num_vsnodes_births: 14.
num_vsnodes_deaths: 0.
num_space_committed: 1907.
num_space_uncommitted: 0.
num_chunks_returned_to_freelist: 18.
num_chunks_taken_from_freelist: 6221.
num_chunk_merges: 9.
num_chunk_splits: 4146.
num_chunks_enlarged: 2762.
num_purges: 2.
num_inconsistent_stats: 0.

CodeHeap 'non-profiled nmethods': size=120000Kb used=11891Kb max_used=11891Kb free=108108Kb
 bounds [0x000001a01f840000, 0x000001a0203e0000, 0x000001a026d70000]
CodeHeap 'profiled nmethods': size=120000Kb used=35588Kb max_used=35588Kb free=84411Kb
 bounds [0x000001a017d70000, 0x000001a01a040000, 0x000001a01f2a0000]
CodeHeap 'non-nmethods': size=5760Kb used=2478Kb max_used=2545Kb free=3281Kb
 bounds [0x000001a01f2a0000, 0x000001a01f530000, 0x000001a01f840000]
 total_blobs=18728 nmethods=17700 adapters=939
 compilation: enabled
              stopped_count=0, restarted_count=0
 full_count=0

Compilation events (20 events):
Event: 57.214 Thread 0x000001a02e6d8960 nmethod 21272 0x000001a01a02f510 code [0x000001a01a02f700, 0x000001a01a02fa78]
Event: 57.214 Thread 0x000001a02e6d8960 21273       3       java.util.HashMap$HashIterator::remove (75 bytes)
Event: 57.214 Thread 0x000001a02e6d8960 nmethod 21273 0x000001a01a02fc90 code [0x000001a01a02fe60, 0x000001a01a030228]
Event: 57.214 Thread 0x000001a02e6d8960 21274       2       java.util.Collections$EmptySet::toArray (5 bytes)
Event: 57.215 Thread 0x000001a02e6d8960 nmethod 21274 0x000001a01a030410 code [0x000001a01a0305a0, 0x000001a01a030738]
Event: 57.216 Thread 0x000001a02e6d8960 21275       2       org.gradle.api.internal.tasks.compile.incremental.compilerapi.deps.DependentsSet::dependentClasses (9 bytes)
Event: 57.216 Thread 0x000001a02e6d8960 nmethod 21275 0x000001a01a030810 code [0x000001a01a0309a0, 0x000001a01a030aa8]
Event: 57.220 Thread 0x000001a02e6d8960 21277       2       java.util.HashMap$KeySet::contains (9 bytes)
Event: 57.220 Thread 0x000001a02e6d8960 nmethod 21277 0x000001a01a030b90 code [0x000001a01a030d20, 0x000001a01a030e48]
Event: 57.222 Thread 0x000001a02e6d8960 21278 %     3       java.util.AbstractCollection::retainAll @ 12 (49 bytes)
Event: 57.223 Thread 0x000001a02e6d8960 nmethod 21278% 0x000001a01a030f10 code [0x000001a01a031120, 0x000001a01a031958]
Event: 57.231 Thread 0x000001a02e6d8960 21279       2       com.google.common.base.CharMatcher$InRange::matches (22 bytes)
Event: 57.231 Thread 0x000001a02e6d8960 nmethod 21279 0x000001a01a031b90 code [0x000001a01a031d20, 0x000001a01a031e58]
Event: 57.231 Thread 0x000001a02e6d8960 21281       2       java.util.Arrays::binarySearch (9 bytes)
Event: 57.231 Thread 0x000001a02e6d8960 nmethod 21281 0x000001a01a031f10 code [0x000001a01a0320a0, 0x000001a01a0321c8]
Event: 57.231 Thread 0x000001a02e6d8960 21282       2       java.util.Arrays::binarySearch0 (72 bytes)
Event: 57.231 Thread 0x000001a02e6d8960 nmethod 21282 0x000001a01a032290 code [0x000001a01a032440, 0x000001a01a032618]
Event: 57.231 Thread 0x000001a02e6d8960 21280       2       com.google.common.base.CharMatcher$AnyOf::matches (17 bytes)
Event: 57.232 Thread 0x000001a02e6d8960 nmethod 21280 0x000001a01a032790 code [0x000001a01a032920, 0x000001a01a032a68]
Event: 57.232 Thread 0x000001a02e6d8960 21284       2       com.google.common.collect.HashBiMap::inverse (28 bytes)

GC Heap History (20 events):
Event: 34.631 GC heap before
{Heap before GC invocations=39 (full 0):
 garbage-first heap   total 208896K, used 169317K [0x0000000080000000, 0x0000000100000000)
  region size 1024K, 49 young (50176K), 6 survivors (6144K)
 Metaspace       used 102199K, committed 103040K, reserved 512000K
  class space    used 13910K, committed 14272K, reserved 421888K
}
Event: 34.643 GC heap after
{Heap after GC invocations=40 (full 0):
 garbage-first heap   total 208896K, used 133254K [0x0000000080000000, 0x0000000100000000)
  region size 1024K, 7 young (7168K), 7 survivors (7168K)
 Metaspace       used 102199K, committed 103040K, reserved 512000K
  class space    used 13910K, committed 14272K, reserved 421888K
}
Event: 45.197 GC heap before
{Heap before GC invocations=41 (full 0):
 garbage-first heap   total 234496K, used 169094K [0x0000000080000000, 0x0000000100000000)
  region size 1024K, 43 young (44032K), 7 survivors (7168K)
 Metaspace       used 103058K, committed 103872K, reserved 512000K
  class space    used 13983K, committed 14336K, reserved 421888K
}
Event: 45.208 GC heap after
{Heap after GC invocations=42 (full 0):
 garbage-first heap   total 234496K, used 138107K [0x0000000080000000, 0x0000000100000000)
  region size 1024K, 5 young (5120K), 5 survivors (5120K)
 Metaspace       used 103058K, committed 103872K, reserved 512000K
  class space    used 13983K, committed 14336K, reserved 421888K
}
Event: 45.368 GC heap before
{Heap before GC invocations=42 (full 0):
 garbage-first heap   total 234496K, used 143227K [0x0000000080000000, 0x0000000100000000)
  region size 1024K, 11 young (11264K), 5 survivors (5120K)
 Metaspace       used 103257K, committed 104128K, reserved 512000K
  class space    used 14016K, committed 14400K, reserved 421888K
}
Event: 45.376 GC heap after
{Heap after GC invocations=43 (full 0):
 garbage-first heap   total 234496K, used 138129K [0x0000000080000000, 0x0000000100000000)
  region size 1024K, 1 young (1024K), 1 survivors (1024K)
 Metaspace       used 103257K, committed 104128K, reserved 512000K
  class space    used 14016K, committed 14400K, reserved 421888K
}
Event: 46.389 GC heap before
{Heap before GC invocations=43 (full 0):
 garbage-first heap   total 234496K, used 189329K [0x0000000080000000, 0x0000000100000000)
  region size 1024K, 52 young (53248K), 1 survivors (1024K)
 Metaspace       used 104730K, committed 105664K, reserved 520192K
  class space    used 14156K, committed 14592K, reserved 421888K
}
Event: 46.396 GC heap after
{Heap after GC invocations=44 (full 0):
 garbage-first heap   total 234496K, used 142491K [0x0000000080000000, 0x0000000100000000)
  region size 1024K, 6 young (6144K), 6 survivors (6144K)
 Metaspace       used 104730K, committed 105664K, reserved 520192K
  class space    used 14156K, committed 14592K, reserved 421888K
}
Event: 49.953 GC heap before
{Heap before GC invocations=44 (full 0):
 garbage-first heap   total 234496K, used 190619K [0x0000000080000000, 0x0000000100000000)
  region size 1024K, 54 young (55296K), 6 survivors (6144K)
 Metaspace       used 104855K, committed 105792K, reserved 520192K
  class space    used 14157K, committed 14592K, reserved 421888K
}
Event: 49.959 GC heap after
{Heap after GC invocations=45 (full 0):
 garbage-first heap   total 234496K, used 145131K [0x0000000080000000, 0x0000000100000000)
  region size 1024K, 3 young (3072K), 3 survivors (3072K)
 Metaspace       used 104855K, committed 105792K, reserved 520192K
  class space    used 14157K, committed 14592K, reserved 421888K
}
Event: 50.925 GC heap before
{Heap before GC invocations=45 (full 0):
 garbage-first heap   total 234496K, used 201451K [0x0000000080000000, 0x0000000100000000)
  region size 1024K, 51 young (52224K), 3 survivors (3072K)
 Metaspace       used 106940K, committed 107840K, reserved 520192K
  class space    used 14419K, committed 14848K, reserved 421888K
}
Event: 50.933 GC heap after
{Heap after GC invocations=46 (full 0):
 garbage-first heap   total 234496K, used 148281K [0x0000000080000000, 0x0000000100000000)
  region size 1024K, 6 young (6144K), 6 survivors (6144K)
 Metaspace       used 106940K, committed 107840K, reserved 520192K
  class space    used 14419K, committed 14848K, reserved 421888K
}
Event: 51.438 GC heap before
{Heap before GC invocations=46 (full 0):
 garbage-first heap   total 234496K, used 207673K [0x0000000080000000, 0x0000000100000000)
  region size 1024K, 53 young (54272K), 6 survivors (6144K)
 Metaspace       used 109089K, committed 110080K, reserved 520192K
  class space    used 14677K, committed 15104K, reserved 421888K
}
Event: 51.448 GC heap after
{Heap after GC invocations=47 (full 0):
 garbage-first heap   total 234496K, used 152129K [0x0000000080000000, 0x0000000100000000)
  region size 1024K, 7 young (7168K), 7 survivors (7168K)
 Metaspace       used 109089K, committed 110080K, reserved 520192K
  class space    used 14677K, committed 15104K, reserved 421888K
}
Event: 52.529 GC heap before
{Heap before GC invocations=47 (full 0):
 garbage-first heap   total 234496K, used 197185K [0x0000000080000000, 0x0000000100000000)
  region size 1024K, 52 young (53248K), 7 survivors (7168K)
 Metaspace       used 110514K, committed 111552K, reserved 520192K
  class space    used 14823K, committed 15296K, reserved 421888K
}
Event: 52.540 GC heap after
{Heap after GC invocations=48 (full 0):
 garbage-first heap   total 234496K, used 156939K [0x0000000080000000, 0x0000000100000000)
  region size 1024K, 5 young (5120K), 5 survivors (5120K)
 Metaspace       used 110514K, committed 111552K, reserved 520192K
  class space    used 14823K, committed 15296K, reserved 421888K
}
Event: 55.462 GC heap before
{Heap before GC invocations=48 (full 0):
 garbage-first heap   total 234496K, used 204043K [0x0000000080000000, 0x0000000100000000)
  region size 1024K, 45 young (46080K), 5 survivors (5120K)
 Metaspace       used 118152K, committed 119104K, reserved 528384K
  class space    used 15763K, committed 16192K, reserved 421888K
}
Event: 55.475 GC heap after
{Heap after GC invocations=49 (full 0):
 garbage-first heap   total 234496K, used 170081K [0x0000000080000000, 0x0000000100000000)
  region size 1024K, 6 young (6144K), 6 survivors (6144K)
 Metaspace       used 118152K, committed 119104K, reserved 528384K
  class space    used 15763K, committed 16192K, reserved 421888K
}
Event: 57.007 GC heap before
{Heap before GC invocations=49 (full 0):
 garbage-first heap   total 234496K, used 195681K [0x0000000080000000, 0x0000000100000000)
  region size 1024K, 32 young (32768K), 6 survivors (6144K)
 Metaspace       used 120866K, committed 121792K, reserved 528384K
  class space    used 16031K, committed 16448K, reserved 421888K
}
Event: 57.016 GC heap after
{Heap after GC invocations=50 (full 0):
 garbage-first heap   total 234496K, used 171325K [0x0000000080000000, 0x0000000100000000)
  region size 1024K, 4 young (4096K), 4 survivors (4096K)
 Metaspace       used 120866K, committed 121792K, reserved 528384K
  class space    used 16031K, committed 16448K, reserved 421888K
}

Deoptimization events (20 events):
Event: 56.908 Thread 0x000001a034735d60 Uncommon trap: trap_request=0xffffff45 fr.pc=0x000001a01fb8a770 relative=0x0000000000001450
Event: 56.908 Thread 0x000001a034735d60 Uncommon trap: reason=unstable_if action=reinterpret pc=0x000001a01fb8a770 method=org.objectweb.asm.MethodVisitor.visitTypeInsn(ILjava/lang/String;)V @ 4 c2
Event: 56.908 Thread 0x000001a034735d60 DEOPT PACKING pc=0x000001a01fb8a770 sp=0x00000082d93f9360
Event: 56.908 Thread 0x000001a034735d60 DEOPT UNPACKING pc=0x000001a01f2f23a3 sp=0x00000082d93f9330 mode 2
Event: 56.908 Thread 0x000001a034735d60 Uncommon trap: trap_request=0xffffff45 fr.pc=0x000001a01fb881f8 relative=0x0000000000000078
Event: 56.908 Thread 0x000001a034735d60 Uncommon trap: reason=unstable_if action=reinterpret pc=0x000001a01fb881f8 method=org.objectweb.asm.MethodVisitor.visitIntInsn(II)V @ 4 c2
Event: 56.908 Thread 0x000001a034735d60 DEOPT PACKING pc=0x000001a01fb881f8 sp=0x00000082d93f9390
Event: 56.908 Thread 0x000001a034735d60 DEOPT UNPACKING pc=0x000001a01f2f23a3 sp=0x00000082d93f9330 mode 2
Event: 56.984 Thread 0x000001a034011160 Uncommon trap: trap_request=0xffffff45 fr.pc=0x000001a01ffbfd18 relative=0x00000000000011f8
Event: 56.984 Thread 0x000001a034011160 Uncommon trap: reason=unstable_if action=reinterpret pc=0x000001a01ffbfd18 method=java.util.concurrent.ConcurrentHashMap.putVal(Ljava/lang/Object;Ljava/lang/Object;Z)Ljava/lang/Object; @ 112 c2
Event: 56.984 Thread 0x000001a034011160 DEOPT PACKING pc=0x000001a01ffbfd18 sp=0x00000082dddfed90
Event: 56.984 Thread 0x000001a034011160 DEOPT UNPACKING pc=0x000001a01f2f23a3 sp=0x00000082dddfed20 mode 2
Event: 57.056 Thread 0x000001a0340102f0 DEOPT PACKING pc=0x000001a019cf8d57 sp=0x00000082ddafeb20
Event: 57.056 Thread 0x000001a0340102f0 DEOPT UNPACKING pc=0x000001a01f2f2b43 sp=0x00000082ddafe1a8 mode 0
Event: 57.058 Thread 0x000001a0340102f0 DEOPT PACKING pc=0x000001a019cf8d36 sp=0x00000082ddafeb20
Event: 57.059 Thread 0x000001a0340102f0 DEOPT UNPACKING pc=0x000001a01f2f2b43 sp=0x00000082ddafe1a8 mode 0
Event: 57.217 Thread 0x000001a034735d60 DEOPT PACKING pc=0x000001a0198b9651 sp=0x00000082d93fa140
Event: 57.217 Thread 0x000001a034735d60 DEOPT UNPACKING pc=0x000001a01f2f2b43 sp=0x00000082d93f95a0 mode 0
Event: 57.221 Thread 0x000001a034735d60 DEOPT PACKING pc=0x000001a0198b9651 sp=0x00000082d93fa140
Event: 57.221 Thread 0x000001a034735d60 DEOPT UNPACKING pc=0x000001a01f2f2b43 sp=0x00000082d93f95a0 mode 0

Classes unloaded (9 events):
Event: 34.786 Thread 0x000001a02e6b0ee0 Unloading class 0x00000008018953e8 '_BuildScript_$_run_closure2'
Event: 34.786 Thread 0x000001a02e6b0ee0 Unloading class 0x0000000801895000 '_BuildScript_$_run_closure1$_closure4'
Event: 34.786 Thread 0x000001a02e6b0ee0 Unloading class 0x0000000801894928 '_BuildScript_$_run_closure1$_closure3'
Event: 34.786 Thread 0x000001a02e6b0ee0 Unloading class 0x0000000801894540 '_BuildScript_$_run_closure1'
Event: 34.787 Thread 0x000001a02e6b0ee0 Unloading class 0x0000000801894000 '_BuildScript_'
Event: 34.787 Thread 0x000001a02e6b0ee0 Unloading class 0x00000008017c9000 '_BuildScript_$_run_closure1$_closure3'
Event: 34.787 Thread 0x000001a02e6b0ee0 Unloading class 0x00000008017c8920 '_BuildScript_$_run_closure1$_closure2'
Event: 34.787 Thread 0x000001a02e6b0ee0 Unloading class 0x00000008017c8538 '_BuildScript_$_run_closure1'
Event: 34.787 Thread 0x000001a02e6b0ee0 Unloading class 0x00000008017c8000 '_BuildScript_'

Classes redefined (0 events):
No events

Internal exceptions (20 events):
Event: 56.584 Thread 0x000001a034735d60 Exception <a 'sun/nio/fs/WindowsException'{0x000000008d502548}> (0x000000008d502548) 
thrown [s\open\src\hotspot\share\prims\jni.cpp, line 516]
Event: 56.593 Thread 0x000001a034735d60 Exception <a 'sun/nio/fs/WindowsException'{0x000000008d509b58}> (0x000000008d509b58) 
thrown [s\open\src\hotspot\share\prims\jni.cpp, line 516]
Event: 56.597 Thread 0x000001a034735d60 Exception <a 'sun/nio/fs/WindowsException'{0x000000008d512168}> (0x000000008d512168) 
thrown [s\open\src\hotspot\share\prims\jni.cpp, line 516]
Event: 56.605 Thread 0x000001a034735d60 Exception <a 'sun/nio/fs/WindowsException'{0x000000008d518c58}> (0x000000008d518c58) 
thrown [s\open\src\hotspot\share\prims\jni.cpp, line 516]
Event: 56.609 Thread 0x000001a034735d60 Exception <a 'sun/nio/fs/WindowsException'{0x000000008d51f750}> (0x000000008d51f750) 
thrown [s\open\src\hotspot\share\prims\jni.cpp, line 516]
Event: 56.614 Thread 0x000001a034735d60 Exception <a 'sun/nio/fs/WindowsException'{0x000000008d525828}> (0x000000008d525828) 
thrown [s\open\src\hotspot\share\prims\jni.cpp, line 516]
Event: 56.658 Thread 0x000001a034735d60 Exception <a 'sun/nio/fs/WindowsException'{0x000000008d5ba0a0}> (0x000000008d5ba0a0) 
thrown [s\open\src\hotspot\share\prims\jni.cpp, line 516]
Event: 56.715 Thread 0x000001a034735d60 Exception <a 'sun/nio/fs/WindowsException'{0x000000008d316d40}> (0x000000008d316d40) 
thrown [s\open\src\hotspot\share\prims\jni.cpp, line 516]
Event: 56.731 Thread 0x000001a034735d60 Exception <a 'sun/nio/fs/WindowsException'{0x000000008d3699d8}> (0x000000008d3699d8) 
thrown [s\open\src\hotspot\share\prims\jni.cpp, line 516]
Event: 56.740 Thread 0x000001a034735d60 Exception <a 'sun/nio/fs/WindowsException'{0x000000008d3826a8}> (0x000000008d3826a8) 
thrown [s\open\src\hotspot\share\prims\jni.cpp, line 516]
Event: 56.743 Thread 0x000001a034735d60 Exception <a 'sun/nio/fs/WindowsException'{0x000000008d387440}> (0x000000008d387440) 
thrown [s\open\src\hotspot\share\prims\jni.cpp, line 516]
Event: 56.745 Thread 0x000001a034735d60 Exception <a 'sun/nio/fs/WindowsException'{0x000000008d38ad68}> (0x000000008d38ad68) 
thrown [s\open\src\hotspot\share\prims\jni.cpp, line 516]
Event: 56.748 Thread 0x000001a034735d60 Exception <a 'sun/nio/fs/WindowsException'{0x000000008d38edd8}> (0x000000008d38edd8) 
thrown [s\open\src\hotspot\share\prims\jni.cpp, line 516]
Event: 56.752 Thread 0x000001a034735d60 Exception <a 'sun/nio/fs/WindowsException'{0x000000008d3988d0}> (0x000000008d3988d0) 
thrown [s\open\src\hotspot\share\prims\jni.cpp, line 516]
Event: 56.774 Thread 0x000001a034735d60 Exception <a 'sun/nio/fs/WindowsException'{0x000000008d296170}> (0x000000008d296170) 
thrown [s\open\src\hotspot\share\prims\jni.cpp, line 516]
Event: 56.781 Thread 0x000001a034735d60 Exception <a 'sun/nio/fs/WindowsException'{0x000000008d2a57d0}> (0x000000008d2a57d0) 
thrown [s\open\src\hotspot\share\prims\jni.cpp, line 516]
Event: 56.879 Thread 0x000001a034735d60 Implicit null exception at 0x000001a01fd02c50 to 0x000001a01fd02c8e
Event: 56.880 Thread 0x000001a034735d60 Implicit null exception at 0x000001a020076b1c to 0x000001a020076efc
Event: 56.907 Thread 0x000001a034735d60 Implicit null exception at 0x000001a01fb89355 to 0x000001a01fb8a750
Event: 57.025 Thread 0x000001a0340137e0 Exception <a 'java/lang/NoSuchMethodError'{0x000000008e49ea10}: 'long java.lang.invoke.DirectMethodHandle$Holder.invokeVirtual(java.lang.Object, java.lang.Object)'> (0x000000008e49ea10) 
thrown [s\open\src\hotspot\share\interpreter\linkResolver.cpp, line 759]

VM Operations (20 events):
Event: 56.536 Executing VM operation: ICBufferFull done
Event: 56.709 Executing VM operation: ICBufferFull
Event: 56.709 Executing VM operation: ICBufferFull done
Event: 56.760 Executing VM operation: HandshakeAllThreads
Event: 56.760 Executing VM operation: HandshakeAllThreads done
Event: 56.763 Executing VM operation: HandshakeAllThreads
Event: 56.763 Executing VM operation: HandshakeAllThreads done
Event: 56.763 Executing VM operation: HandshakeAllThreads
Event: 56.764 Executing VM operation: HandshakeAllThreads done
Event: 56.878 Executing VM operation: HandshakeAllThreads
Event: 56.878 Executing VM operation: HandshakeAllThreads done
Event: 56.943 Executing VM operation: ICBufferFull
Event: 56.943 Executing VM operation: ICBufferFull done
Event: 57.007 Executing VM operation: G1CollectForAllocation
Event: 57.016 Executing VM operation: G1CollectForAllocation done
Event: 57.022 Executing VM operation: HandshakeAllThreads
Event: 57.023 Executing VM operation: HandshakeAllThreads done
Event: 57.032 Executing VM operation: HandshakeAllThreads
Event: 57.033 Executing VM operation: HandshakeAllThreads done
Event: 57.232 Executing VM operation: G1Concurrent

Events (20 events):
Event: 56.808 Thread 0x000001a02e6dc280 flushing nmethod 0x000001a019ac1a90
Event: 56.808 Thread 0x000001a02e6dc280 flushing nmethod 0x000001a019ac3410
Event: 56.808 Thread 0x000001a02e6dc280 flushing nmethod 0x000001a019ac4390
Event: 56.808 Thread 0x000001a02e6dc280 flushing nmethod 0x000001a019ad6c10
Event: 56.808 Thread 0x000001a02e6dc280 flushing nmethod 0x000001a019ad8690
Event: 56.808 Thread 0x000001a02e6dc280 flushing nmethod 0x000001a019ad9090
Event: 56.871 loading class java/util/PrimitiveIterator$OfInt
Event: 56.872 loading class java/util/PrimitiveIterator
Event: 56.872 loading class java/util/PrimitiveIterator done
Event: 56.872 loading class java/util/PrimitiveIterator$OfInt done
Event: 56.896 loading class java/util/concurrent/RecursiveAction
Event: 56.897 loading class java/util/concurrent/RecursiveAction done
Event: 56.983 Thread 0x000001a034011630 Thread added: 0x000001a034011630
Event: 56.983 Thread 0x000001a0340137e0 Thread added: 0x000001a0340137e0
Event: 56.983 Thread 0x000001a034011160 Thread added: 0x000001a034011160
Event: 56.983 Thread 0x000001a034014180 Thread added: 0x000001a034014180
Event: 56.984 Thread 0x000001a034014ff0 Thread added: 0x000001a034014ff0
Event: 56.984 Thread 0x000001a0340154c0 Thread added: 0x000001a0340154c0
Event: 56.984 Thread 0x000001a03400f950 Thread added: 0x000001a03400f950
Event: 56.984 Thread 0x000001a034011b00 Thread added: 0x000001a034011b00


Dynamic libraries:
0x00007ff662a40000 - 0x00007ff662a50000 	C:\Program Files\Java\jdk-17\bin\java.exe
0x00007ffc55bf0000 - 0x00007ffc55de8000 	C:\WINDOWS\SYSTEM32\ntdll.dll
0x00007ffc54c70000 - 0x00007ffc54d2f000 	C:\WINDOWS\System32\KERNEL32.DLL
0x00007ffc53700000 - 0x00007ffc539f6000 	C:\WINDOWS\System32\KERNELBASE.dll
0x00007ffc53600000 - 0x00007ffc53700000 	C:\WINDOWS\System32\ucrtbase.dll
0x00007ffc4ed90000 - 0x00007ffc4eda9000 	C:\Program Files\Java\jdk-17\bin\jli.dll
0x00007ffc4edb0000 - 0x00007ffc4edcb000 	C:\Program Files\Java\jdk-17\bin\VCRUNTIME140.dll
0x00007ffc54960000 - 0x00007ffc54a0f000 	C:\WINDOWS\System32\ADVAPI32.dll
0x00007ffc548c0000 - 0x00007ffc5495e000 	C:\WINDOWS\System32\msvcrt.dll
0x00007ffc55b10000 - 0x00007ffc55bac000 	C:\WINDOWS\System32\sechost.dll
0x00007ffc54a10000 - 0x00007ffc54b36000 	C:\WINDOWS\System32\RPCRT4.dll
0x00007ffc540d0000 - 0x00007ffc5426d000 	C:\WINDOWS\System32\USER32.dll
0x00007ffc3afa0000 - 0x00007ffc3b23a000 	C:\WINDOWS\WinSxS\amd64_microsoft.windows.common-controls_6595b64144ccf1df_6.0.19041.1110_none_60b5254171f9507e\COMCTL32.dll
0x00007ffc53bd0000 - 0x00007ffc53bf2000 	C:\WINDOWS\System32\win32u.dll
0x00007ffc54c00000 - 0x00007ffc54c2c000 	C:\WINDOWS\System32\GDI32.dll
0x00007ffc53a00000 - 0x00007ffc53b15000 	C:\WINDOWS\System32\gdi32full.dll
0x00007ffc53360000 - 0x00007ffc533fd000 	C:\WINDOWS\System32\msvcp_win.dll
0x00007ffc49a00000 - 0x00007ffc49a0a000 	C:\WINDOWS\SYSTEM32\VERSION.dll
0x00007ffc54c30000 - 0x00007ffc54c60000 	C:\WINDOWS\System32\IMM32.DLL
0x00007ffc4ed80000 - 0x00007ffc4ed8c000 	C:\Program Files\Java\jdk-17\bin\vcruntime140_1.dll
0x00007ffc33970000 - 0x00007ffc339fe000 	C:\Program Files\Java\jdk-17\bin\msvcp140.dll
0x00007ffbeb770000 - 0x00007ffbec34d000 	C:\Program Files\Java\jdk-17\bin\server\jvm.dll
0x00007ffc54c60000 - 0x00007ffc54c68000 	C:\WINDOWS\System32\PSAPI.DLL
0x00007ffc499d0000 - 0x00007ffc499f7000 	C:\WINDOWS\SYSTEM32\WINMM.dll
0x00007ffc4b840000 - 0x00007ffc4b849000 	C:\WINDOWS\SYSTEM32\WSOCK32.dll
0x00007ffc54450000 - 0x00007ffc544bb000 	C:\WINDOWS\System32\WS2_32.dll
0x00007ffc51140000 - 0x00007ffc51152000 	C:\WINDOWS\SYSTEM32\kernel.appcore.dll
0x00007ffc47bc0000 - 0x00007ffc47bca000 	C:\Program Files\Java\jdk-17\bin\jimage.dll
0x00007ffc46c50000 - 0x00007ffc46e34000 	C:\WINDOWS\SYSTEM32\DBGHELP.DLL
0x00007ffc46b90000 - 0x00007ffc46bc4000 	C:\WINDOWS\SYSTEM32\dbgcore.DLL
0x00007ffc532d0000 - 0x00007ffc53352000 	C:\WINDOWS\System32\bcryptPrimitives.dll
0x00007ffc47b90000 - 0x00007ffc47bb5000 	C:\Program Files\Java\jdk-17\bin\java.dll
0x00007ffc08f60000 - 0x00007ffc09037000 	C:\Program Files\Java\jdk-17\bin\jsvml.dll
0x00007ffc55280000 - 0x00007ffc559c4000 	C:\WINDOWS\System32\SHELL32.dll
0x00007ffc51340000 - 0x00007ffc51ad4000 	C:\WINDOWS\SYSTEM32\windows.storage.dll
0x00007ffc544c0000 - 0x00007ffc54814000 	C:\WINDOWS\System32\combase.dll
0x00007ffc52b60000 - 0x00007ffc52b8e000 	C:\WINDOWS\SYSTEM32\Wldp.dll
0x00007ffc54270000 - 0x00007ffc5431d000 	C:\WINDOWS\System32\SHCORE.dll
0x00007ffc543f0000 - 0x00007ffc54445000 	C:\WINDOWS\System32\shlwapi.dll
0x00007ffc53200000 - 0x00007ffc53225000 	C:\WINDOWS\SYSTEM32\profapi.dll
0x00007ffc29120000 - 0x00007ffc29139000 	C:\Program Files\Java\jdk-17\bin\net.dll
0x00007ffc4ad50000 - 0x00007ffc4ae5a000 	C:\WINDOWS\SYSTEM32\WINHTTP.dll
0x00007ffc52940000 - 0x00007ffc529aa000 	C:\WINDOWS\system32\mswsock.dll
0x00007ffc08f40000 - 0x00007ffc08f56000 	C:\Program Files\Java\jdk-17\bin\nio.dll
0x00007ffc08f20000 - 0x00007ffc08f38000 	C:\Program Files\Java\jdk-17\bin\zip.dll
0x00007ffc47b80000 - 0x00007ffc47b90000 	C:\Program Files\Java\jdk-17\bin\verify.dll
0x00007ffc367b0000 - 0x00007ffc367d7000 	C:\Users\Admin\.gradle\native\68d5fa5c4cc2d200863cafc0d521ce42e7d3e7ee720ec0a83991735586a16f82\windows-amd64\native-platform.dll
0x00007ffc29510000 - 0x00007ffc29654000 	C:\Users\Admin\.gradle\native\e376f236ea51e6404a007f0833ffe2c6e607c4080706a723a18a27aeea778392\windows-amd64\native-platform-file-events.dll
0x00007ffc4b560000 - 0x00007ffc4b56a000 	C:\Program Files\Java\jdk-17\bin\management.dll
0x00007ffc391b0000 - 0x00007ffc391bb000 	C:\Program Files\Java\jdk-17\bin\management_ext.dll
0x00007ffc52ba0000 - 0x00007ffc52bb8000 	C:\WINDOWS\SYSTEM32\CRYPTSP.dll
0x00007ffc52280000 - 0x00007ffc522b4000 	C:\WINDOWS\system32\rsaenh.dll
0x00007ffc53400000 - 0x00007ffc53427000 	C:\WINDOWS\System32\bcrypt.dll
0x00007ffc531c0000 - 0x00007ffc531ee000 	C:\WINDOWS\SYSTEM32\USERENV.dll
0x00007ffc52ad0000 - 0x00007ffc52adc000 	C:\WINDOWS\SYSTEM32\CRYPTBASE.dll
0x00007ffc52650000 - 0x00007ffc5268c000 	C:\WINDOWS\SYSTEM32\IPHLPAPI.DLL
0x00007ffc548b0000 - 0x00007ffc548b8000 	C:\WINDOWS\System32\NSI.dll
0x00007ffc4c2a0000 - 0x00007ffc4c2b7000 	C:\WINDOWS\SYSTEM32\dhcpcsvc6.DLL
0x00007ffc4c190000 - 0x00007ffc4c1ad000 	C:\WINDOWS\SYSTEM32\dhcpcsvc.DLL
0x00007ffc52690000 - 0x00007ffc5275a000 	C:\WINDOWS\SYSTEM32\DNSAPI.dll
0x00007ffc391a0000 - 0x00007ffc391ad000 	C:\Program Files\Java\jdk-17\bin\sunmscapi.dll
0x00007ffc534a0000 - 0x00007ffc535fe000 	C:\WINDOWS\System32\CRYPT32.dll
0x00007ffc52cb0000 - 0x00007ffc52cd8000 	C:\WINDOWS\SYSTEM32\ncrypt.dll
0x00007ffc52c70000 - 0x00007ffc52cab000 	C:\WINDOWS\SYSTEM32\NTASN1.dll
0x00007ffc367a0000 - 0x00007ffc367a7000 	C:\WINDOWS\system32\wshunix.dll
0x00007ffc48bf0000 - 0x00007ffc48bfa000 	C:\Windows\System32\rasadhlp.dll
0x00007ffc4a940000 - 0x00007ffc4a9c2000 	C:\WINDOWS\System32\fwpuclnt.dll
0x00007ffc523c0000 - 0x00007ffc523f3000 	C:\WINDOWS\SYSTEM32\ntmarta.dll

dbghelp: loaded successfully - version: 4.0.5 - missing functions: none
symbol engine: initialized successfully - sym options: 0x614 - pdb path: .;C:\Program Files\Java\jdk-17\bin;C:\WINDOWS\SYSTEM32;C:\WINDOWS\WinSxS\amd64_microsoft.windows.common-controls_6595b64144ccf1df_6.0.19041.1110_none_60b5254171f9507e;C:\Program Files\Java\jdk-17\bin\server;C:\Users\Admin\.gradle\native\68d5fa5c4cc2d200863cafc0d521ce42e7d3e7ee720ec0a83991735586a16f82\windows-amd64;C:\Users\Admin\.gradle\native\e376f236ea51e6404a007f0833ffe2c6e607c4080706a723a18a27aeea778392\windows-amd64

VM Arguments:
jvm_args: -XX:MaxMetaspaceSize=512m --add-opens=java.base/java.util=ALL-UNNAMED --add-opens=java.base/java.lang=ALL-UNNAMED --add-opens=java.base/java.lang.invoke=ALL-UNNAMED --add-opens=java.prefs/java.util.prefs=ALL-UNNAMED --add-opens=java.base/java.nio.charset=ALL-UNNAMED --add-opens=java.base/java.net=ALL-UNNAMED --add-opens=java.base/java.util.concurrent.atomic=ALL-UNNAMED -Xmx2048m -Dfile.encoding=windows-1252 -Duser.country=IN -Duser.language=en -Duser.variant 
java_command: org.gradle.launcher.daemon.bootstrap.GradleDaemon 8.0.1
java_class_path (initial): C:\Users\Admin\.gradle\wrapper\dists\gradle-8.0.1-all\aro4hu1c3oeioove7l0i4i14o\gradle-8.0.1\lib\gradle-launcher-8.0.1.jar
Launcher Type: SUN_STANDARD

[Global flags]
     intx CICompilerCount                          = 4                                         {product} {ergonomic}
   size_t CompressedClassSpaceSize                 = 432013312                                 {product} {ergonomic}
     uint ConcGCThreads                            = 2                                         {product} {ergonomic}
     uint G1ConcRefinementThreads                  = 8                                         {product} {ergonomic}
   size_t G1HeapRegionSize                         = 1048576                                   {product} {ergonomic}
    uintx GCDrainStackTargetSize                   = 64                                        {product} {ergonomic}
   size_t InitialHeapSize                          = 100663296                                 {product} {ergonomic}
   size_t MarkStackSize                            = 4194304                                   {product} {ergonomic}
   size_t MaxHeapSize                              = 2147483648                                {product} {command line}
   size_t MaxMetaspaceSize                         = 536870912                                 {product} {command line}
   size_t MaxNewSize                               = 1287651328                                {product} {ergonomic}
   size_t MinHeapDeltaBytes                        = 1048576                                   {product} {ergonomic}
   size_t MinHeapSize                              = 8388608                                   {product} {ergonomic}
    uintx NonNMethodCodeHeapSize                   = 5839372                                {pd product} {ergonomic}
    uintx NonProfiledCodeHeapSize                  = 122909434                              {pd product} {ergonomic}
    uintx ProfiledCodeHeapSize                     = 122909434                              {pd product} {ergonomic}
    uintx ReservedCodeCacheSize                    = 251658240                              {pd product} {ergonomic}
     bool SegmentedCodeCache                       = true                                      {product} {ergonomic}
   size_t SoftMaxHeapSize                          = 2147483648                             {manageable} {ergonomic}
     bool UseCompressedClassPointers               = true                           {product lp64_product} {ergonomic}
     bool UseCompressedOops                        = true                           {product lp64_product} {ergonomic}
     bool UseG1GC                                  = true                                      {product} {ergonomic}
     bool UseLargePagesIndividualAllocation        = false                                  {pd product} {ergonomic}

Logging:
Log output configuration:
 #0: stdout all=warning uptime,level,tags
 #1: stderr all=off uptime,level,tags

Environment Variables:
JAVA_HOME=C:\Program Files\Java\jdk-17
CLASSPATH=C:\Users\Admin\Desktop\New folder\Advisory-Application\android\\gradle\wrapper\gradle-wrapper.jar
PATH=C:\Program Files\Common Files\Oracle\Java\javapath;C:\WINDOWS\system32;C:\WINDOWS;C:\WINDOWS\System32\Wbem;C:\WINDOWS\System32\WindowsPowerShell\v1.0\;C:\WINDOWS\System32\OpenSSH\;C:\Program Files\Docker\Docker\resources\bin;C:\Program Files\nodejs\;C:\Program Files\Git\cmd;C:\Program Files\MongoDB\Server\6.0\bin;C:\Program Files\MySQL\MySQL Server 8.0\bin;C:\ProgramData\chocolatey\bin;C:\Users\Admin\AppData\Local\Android\Sdk;C:\gradle\bin;C:\Program Files\MySQL\MySQL Shell 8.0\bin\;C:\Users\Admin\AppData\Local\Programs\Python\Python311\Scripts\;C:\Users\Admin\AppData\Local\Programs\Python\Python311\;C:\Users\Admin\AppData\Local\Microsoft\WindowsApps;C:\Users\Admin\AppData\Local\Programs\Microsoft VS Code\bin;C:\Users\Admin\AppData\Roaming\npm;C:\Program Files\MongoDB\Server\6.0\bin;C:\Users\Admin\AppData\Local\Android\Sdk\platform-tools;C:\gradle\bin;;C:\Program Files\JetBrains\IntelliJ IDEA Community Edition 2023.1.4\bin;
USERNAME=Admin
LANG=en_US.UTF-8
OS=Windows_NT
PROCESSOR_IDENTIFIER=AMD64 Family 23 Model 24 Stepping 1, AuthenticAMD



---------------  S Y S T E M  ---------------

OS:
 Windows 10 , 64 bit Build 19041 (10.0.19041.3155)
OS uptime: 0 days 11:57 hours
Hyper-V role detected

CPU: total 8 (initial active 8) (8 cores per cpu, 2 threads per core) family 23 model 24 stepping 1 microcode 0x0, cx8, cmov, fxsr, ht, mmx, 3dnowpref, sse, sse2, sse3, ssse3, sse4a, sse4.1, sse4.2, popcnt, lzcnt, tsc, tscinvbit, avx, avx2, aes, clmul, bmi1, bmi2, adx, sha, fma, vzeroupper, clflush, clflushopt, hv

Memory: 4k page, system-wide physical 6082M (672M free)
TotalPageFile size 24514M (AvailPageFile size 89M)
current process WorkingSet (physical memory assigned to process): 587M, peak: 591M
current process commit charge ("private bytes"): 629M, peak: 719M

vm_info: Java HotSpot(TM) 64-Bit Server VM (17.0.7+8-LTS-224) for windows-amd64 JRE (17.0.7+8-LTS-224), built on Feb 28 2023 23:03:02 by "mach5one" with MS VC++ 17.1 (VS2022)

END.
